2017-11-21 21:09:47 INFO     [MAIN] Using custom config : ../config/testing.config
2017-11-21 21:09:47 INFO     INIT_CONFIG: {'checkpoint_num': '2', 'nonhead_timeout': '10', 'replica_hosts': '0;1;2', 'client_hosts': '1;0;2', 'head_timeout': '10', 'num_client': '3', 'failures[0,1]': 'checkpoint(2),crash()', 'workload[1]': "put('movie','star');slice('movie','0:4');append('movie',' wars');get('movie')", 't': '1', 'test_case_name': 'test_signature', 'workload[2]': "put('jedi','luke skywalker');slice('jedi','0:4'); get('jedi')", 'workload[0]': 'pseudorandom(233,5)', 'client_timeout': '10', 'hosts': 'localhost; 192.168.0.3; 192.168.0.4'}
2017-11-21 21:09:47 INFO     [MAIN] Initializing olympus
2017-11-21 21:09:47 INFO     [OLYMPUS] Olympus setup complete, assigned ID :6eaa7dc1-59c3-48e7-9d91-dad9ff24a454
2017-11-21 21:09:48 INFO     [OLYMPUS] Running test case : test_signature
2017-11-21 21:09:48 INFO     [OLYMPUS] Creating new replicas.
2017-11-21 21:09:48 INFO     [MAIN] Initializing clients
2017-11-21 21:09:53 INFO     [OLYMPUS] Generating signing and verification keys.
2017-11-21 21:09:53 INFO     [OLYMPUS] Head is <Replica:0d002#Node0>
2017-11-21 21:09:53 INFO     [Replica:0d002#Node0] Setup complete
2017-11-21 21:09:53 INFO     [Replica:69402#Node1] Setup complete
2017-11-21 21:09:53 INFO     [OLYMPUS] Tail is <Replica:b2402#Node2>
2017-11-21 21:09:53 INFO     [Replica:b2402#Node2] Setup complete
2017-11-21 21:09:53 INFO     [MAIN] Generating Random Workload
2017-11-21 21:09:53 INFO     [MAIN] Populating Random Workload Operations
2017-11-21 21:09:53 INFO     [Client:69403#Node1] Setup complete
2017-11-21 21:09:53 INFO     [OLYMPUS] Chain---> <Replica:0d002#Node0>--><Replica:69402#Node1>--><Replica:b2402#Node2>-->
2017-11-21 21:09:53 INFO     [OLYMPUS] CURRENT CONFIG : e8754e63-d2c0-4654-aa23-126bb3b0814e
2017-11-21 21:09:53 INFO     [Client:69403#Node1] Waiting till we receive all replica details from olympus
2017-11-21 21:09:53 INFO     [OLYMPUS] Received request to register client : <Client:69403#Node1>
2017-11-21 21:09:53 INFO     [OLYMPUS] Sending replica details to client <Client:69403#Node1>
2017-11-21 21:09:53 INFO     [Client:0d003#Node0] Setup complete
2017-11-21 21:09:53 INFO     [Client:69403#Node1] Received replica details from olympus
2017-11-21 21:09:53 INFO     [Client:0d003#Node0] Waiting till we receive all replica details from olympus
2017-11-21 21:09:53 INFO     [OLYMPUS] Received request to register client : <Client:0d003#Node0>
2017-11-21 21:09:53 INFO     [OLYMPUS] Sending replica details to client <Client:0d003#Node0>
2017-11-21 21:09:53 INFO     [Client:b2403#Node2] Setup complete
2017-11-21 21:09:53 INFO     [Client:0d003#Node0] Received replica details from olympus
2017-11-21 21:09:53 INFO     [Client:b2403#Node2] Waiting till we receive all replica details from olympus
2017-11-21 21:09:53 INFO     [OLYMPUS] Received request to register client : <Client:b2403#Node2>
2017-11-21 21:09:53 INFO     [OLYMPUS] Sending replica details to client <Client:b2403#Node2>
2017-11-21 21:09:53 INFO     [Client:b2403#Node2] Received replica details from olympus
2017-11-21 21:09:53 INFO     [Replica:0d002#Node0] Received client information
2017-11-21 21:09:53 INFO     [Replica:0d002#Node0] Olympus info registered : <Olympus:0b802#Node>
2017-11-21 21:09:53 INFO     [Replica:69402#Node1] Received client information
2017-11-21 21:09:53 INFO     [Replica:69402#Node1] Olympus info registered : <Olympus:0b802#Node>
2017-11-21 21:09:53 INFO     [Replica:b2402#Node2] Received client information
2017-11-21 21:09:53 INFO     [Client:69403#Node1]  Current active config : e8754e63-d2c0-4654-aa23-126bb3b0814e
2017-11-21 21:09:53 INFO     [OLYMPUS] Sending failure config to <Replica:0d002#Node0>
2017-11-21 21:09:53 INFO     [Client:0d003#Node0]  Current active config : e8754e63-d2c0-4654-aa23-126bb3b0814e
2017-11-21 21:09:53 INFO     [Replica:b2402#Node2] Olympus info registered : <Olympus:0b802#Node>
2017-11-21 21:09:53 INFO     [Client:b2403#Node2]  Current active config : e8754e63-d2c0-4654-aa23-126bb3b0814e
2017-11-21 21:09:53 INFO     [Replica:0d002#Node0] Received failure config from olympus
2017-11-21 21:09:54 INFO     [Client:69403#Node1] sending operation request to<Replica:0d002#Node0> with msgID : cb8ba7d7-6d3e-4d85-b454-f588acfb6076 operation : {get(None,movie1)}
2017-11-21 21:09:54 INFO     [Client:0d003#Node0] sending operation request to<Replica:0d002#Node0> with msgID : 00dc77d5-057a-4227-a638-e9af2b53c739 operation : {put(movie,star)}
2017-11-21 21:09:54 INFO     [Client:b2403#Node2] sending operation request to<Replica:0d002#Node0> with msgID : 756efdc9-34f4-400b-a406-d551f1323227 operation : {put(jedi,luke skywalker)}
2017-11-21 21:09:54 INFO     [Replica:0d002#Node0] Received operation {get(movie1)} with msg id cb8ba7d7-6d3e-4d85-b454-f588acfb6076
2017-11-21 21:09:54 INFO     [Replica:0d002#Node0] slot number : 1
2017-11-21 21:09:54 INFO     [Replica:0d002#Node0] checking if failure injection criteria is satisfied for msg cb8ba7d7-6d3e-4d85-b454-f588acfb6076
2017-11-21 21:09:54 INFO     [Replica:0d002#Node0] Hashing the result and signing the statments for msg cb8ba7d7-6d3e-4d85-b454-f588acfb6076
2017-11-21 21:09:54 INFO     [Replica:0d002#Node0] Forwarding the shuttle with signed stmnts for msg cb8ba7d7-6d3e-4d85-b454-f588acfb6076 to <Replica:69402#Node1>
2017-11-21 21:09:54 INFO     [Replica:0d002#Node0] Received operation {put(movie,star)} with msg id 00dc77d5-057a-4227-a638-e9af2b53c739
2017-11-21 21:09:54 INFO     [Replica:0d002#Node0] slot number : 2
2017-11-21 21:09:54 INFO     [Replica:69402#Node1] Received shuttle from <Replica:0d002#Node0> for msg cb8ba7d7-6d3e-4d85-b454-f588acfb6076
2017-11-21 21:09:54 INFO     [Replica:69402#Node1] Hashing the result and signing the statments for msg cb8ba7d7-6d3e-4d85-b454-f588acfb6076
2017-11-21 21:09:54 INFO     [Replica:0d002#Node0] checking if failure injection criteria is satisfied for msg 00dc77d5-057a-4227-a638-e9af2b53c739
2017-11-21 21:09:54 INFO     [Replica:0d002#Node0] Hashing the result and signing the statments for msg 00dc77d5-057a-4227-a638-e9af2b53c739
2017-11-21 21:09:54 INFO     [Replica:69402#Node1] Verifying order_proof
2017-11-21 21:09:54 INFO     [Replica:0d002#Node0] Forwarding the shuttle with signed stmnts for msg 00dc77d5-057a-4227-a638-e9af2b53c739 to <Replica:69402#Node1>
2017-11-21 21:09:54 INFO     [Replica:0d002#Node0] Checkpoint criteria satisfied.
2017-11-21 21:09:54 INFO     [Replica:0d002#Node0] Starting checkpoint shuttle.
2017-11-21 21:09:54 INFO     [Replica:0d002#Node0] Adding the hash of the datastore to the checkpoint proof
2017-11-21 21:09:54 INFO     [Replica:69402#Node1] Verification of order_proof succesful for msg cb8ba7d7-6d3e-4d85-b454-f588acfb6076
2017-11-21 21:09:54 INFO     [Replica:69402#Node1] Verifying result_proof
2017-11-21 21:09:54 INFO     [Replica:0d002#Node0] Received operation {put(jedi,luke skywalker)} with msg id 756efdc9-34f4-400b-a406-d551f1323227
2017-11-21 21:09:54 INFO     [Replica:0d002#Node0] slot number : 3
2017-11-21 21:09:54 INFO     [Replica:69402#Node1] Verification of result_proof succesful for msg cb8ba7d7-6d3e-4d85-b454-f588acfb6076
2017-11-21 21:09:54 INFO     [Replica:69402#Node1] Forwarding the shuttle with signed stmts to <Replica:b2402#Node2> for msg cb8ba7d7-6d3e-4d85-b454-f588acfb6076
2017-11-21 21:09:54 INFO     [Replica:0d002#Node0] checking if failure injection criteria is satisfied for msg 756efdc9-34f4-400b-a406-d551f1323227
2017-11-21 21:09:54 INFO     [Replica:0d002#Node0] Hashing the result and signing the statments for msg 756efdc9-34f4-400b-a406-d551f1323227
2017-11-21 21:09:54 INFO     [Replica:0d002#Node0] Forwarding the shuttle with signed stmnts for msg 756efdc9-34f4-400b-a406-d551f1323227 to <Replica:69402#Node1>
2017-11-21 21:09:54 INFO     [Replica:69402#Node1] Received shuttle from <Replica:0d002#Node0> for msg 00dc77d5-057a-4227-a638-e9af2b53c739
2017-11-21 21:09:54 INFO     [Replica:b2402#Node2] Received shuttle from <Replica:69402#Node1> for msg cb8ba7d7-6d3e-4d85-b454-f588acfb6076
2017-11-21 21:09:54 INFO     [Replica:69402#Node1] Hashing the result and signing the statments for msg 00dc77d5-057a-4227-a638-e9af2b53c739
2017-11-21 21:09:54 INFO     [Replica:b2402#Node2] Hashing the result and signing the statments for msg cb8ba7d7-6d3e-4d85-b454-f588acfb6076
2017-11-21 21:09:54 INFO     [Replica:69402#Node1] Verifying order_proof
2017-11-21 21:09:54 INFO     [Replica:b2402#Node2] Verifying order_proof
2017-11-21 21:09:54 INFO     [Replica:69402#Node1] Verification of order_proof succesful for msg 00dc77d5-057a-4227-a638-e9af2b53c739
2017-11-21 21:09:54 INFO     [Replica:69402#Node1] Verifying result_proof
2017-11-21 21:09:54 INFO     [Replica:b2402#Node2] Verification of order_proof succesful for msg cb8ba7d7-6d3e-4d85-b454-f588acfb6076
2017-11-21 21:09:54 INFO     [Replica:b2402#Node2] Verifying result_proof
2017-11-21 21:09:54 INFO     [Replica:69402#Node1] Verification of result_proof succesful for msg 00dc77d5-057a-4227-a638-e9af2b53c739
2017-11-21 21:09:54 INFO     [Replica:69402#Node1] Forwarding the shuttle with signed stmts to <Replica:b2402#Node2> for msg 00dc77d5-057a-4227-a638-e9af2b53c739
2017-11-21 21:09:54 INFO     [Replica:b2402#Node2] Verification of result_proof succesful for msg cb8ba7d7-6d3e-4d85-b454-f588acfb6076
2017-11-21 21:09:54 INFO     [Replica:69402#Node1] Received checkpoint shuttle from <Replica:0d002#Node0>
2017-11-21 21:09:54 INFO     [Replica:69402#Node1] Adding the hash of the datastore to the checkpoint proof
2017-11-21 21:09:54 INFO     [Replica:b2402#Node2] Datastore before sending to client : {}
2017-11-21 21:09:54 INFO     [Replica:b2402#Node2] Sending result to client <Client:69403#Node1> for msg cb8ba7d7-6d3e-4d85-b454-f588acfb6076
2017-11-21 21:09:54 INFO     [Replica:69402#Node1] Received shuttle from <Replica:0d002#Node0> for msg 756efdc9-34f4-400b-a406-d551f1323227
2017-11-21 21:09:54 INFO     [Replica:69402#Node1] Hashing the result and signing the statments for msg 756efdc9-34f4-400b-a406-d551f1323227
2017-11-21 21:09:54 INFO     [Replica:69402#Node1] Verifying order_proof
2017-11-21 21:09:54 INFO     [Client:69403#Node1] Received result for msg cb8ba7d7-6d3e-4d85-b454-f588acfb6076
2017-11-21 21:09:54 INFO     [Client:69403#Node1] Verifying result for msg cb8ba7d7-6d3e-4d85-b454-f588acfb6076
2017-11-21 21:09:54 INFO     [Replica:b2402#Node2] Received shuttle from <Replica:69402#Node1> for msg 00dc77d5-057a-4227-a638-e9af2b53c739
2017-11-21 21:09:54 INFO     [Replica:b2402#Node2] Hashing the result and signing the statments for msg 00dc77d5-057a-4227-a638-e9af2b53c739
2017-11-21 21:09:54 INFO     [Replica:69402#Node1] Verification of order_proof succesful for msg 756efdc9-34f4-400b-a406-d551f1323227
2017-11-21 21:09:54 INFO     [Replica:69402#Node1] Verifying result_proof
2017-11-21 21:09:54 INFO     [Replica:b2402#Node2] Verifying order_proof
2017-11-21 21:09:54 INFO     [Client:69403#Node1] Valid t+1 found.
2017-11-21 21:09:54 INFO     [Client:69403#Node1] Verification of result for msg cb8ba7d7-6d3e-4d85-b454-f588acfb6076 succesful.
2017-11-21 21:09:54 INFO     [Client:69403#Node1] Result verified for msg cb8ba7d7-6d3e-4d85-b454-f588acfb6076 and the result is : 
2017-11-21 21:09:54 INFO     [Replica:69402#Node1] Verification of result_proof succesful for msg 756efdc9-34f4-400b-a406-d551f1323227
2017-11-21 21:09:54 INFO     [Replica:69402#Node1] Forwarding the shuttle with signed stmts to <Replica:b2402#Node2> for msg 756efdc9-34f4-400b-a406-d551f1323227
2017-11-21 21:09:54 INFO     [Replica:b2402#Node2] Verification of order_proof succesful for msg 00dc77d5-057a-4227-a638-e9af2b53c739
2017-11-21 21:09:54 INFO     [Replica:b2402#Node2] Verifying result_proof
2017-11-21 21:09:54 INFO     [Replica:69402#Node1] Verifying result_proof_reverse_direction
2017-11-21 21:09:54 INFO     [Replica:b2402#Node2] Verification of result_proof succesful for msg 00dc77d5-057a-4227-a638-e9af2b53c739
2017-11-21 21:09:54 INFO     [Replica:69402#Node1] Verification of result_proof_reverse_direction succesful for msg cb8ba7d7-6d3e-4d85-b454-f588acfb6076
2017-11-21 21:09:54 INFO     [Replica:b2402#Node2] Datastore before sending to client : {'movie': ['star']}
2017-11-21 21:09:54 INFO     [Replica:69402#Node1] Result shuttle received for msg - cb8ba7d7-6d3e-4d85-b454-f588acfb6076, caching the result.
2017-11-21 21:09:54 INFO     [Replica:b2402#Node2] Sending result to client <Client:0d003#Node0> for msg 00dc77d5-057a-4227-a638-e9af2b53c739
2017-11-21 21:09:54 INFO     [Replica:b2402#Node2] Received checkpoint shuttle from <Replica:69402#Node1>
2017-11-21 21:09:54 INFO     [Replica:b2402#Node2] Adding the hash of the datastore to the checkpoint proof
2017-11-21 21:09:54 INFO     [Client:0d003#Node0] Received result for msg 00dc77d5-057a-4227-a638-e9af2b53c739
2017-11-21 21:09:54 INFO     [Replica:b2402#Node2] Verifying checkpoint.
2017-11-21 21:09:54 INFO     [Replica:b2402#Node2] Checkpoint verification success.
2017-11-21 21:09:54 INFO     [Client:0d003#Node0] Verifying result for msg 00dc77d5-057a-4227-a638-e9af2b53c739
2017-11-21 21:09:54 INFO     [Replica:b2402#Node2] Truncating the history till slot : 1
2017-11-21 21:09:54 INFO     [Replica:b2402#Node2] Saving the checkpoint information.
2017-11-21 21:09:54 INFO     [Replica:0d002#Node0] Verifying result_proof_reverse_direction
2017-11-21 21:09:54 INFO     [Client:0d003#Node0] Valid t+1 found.
2017-11-21 21:09:54 INFO     [Client:0d003#Node0] Verification of result for msg 00dc77d5-057a-4227-a638-e9af2b53c739 succesful.
2017-11-21 21:09:54 INFO     [Replica:b2402#Node2] Received shuttle from <Replica:69402#Node1> for msg 756efdc9-34f4-400b-a406-d551f1323227
2017-11-21 21:09:54 INFO     [Client:0d003#Node0] Result verified for msg 00dc77d5-057a-4227-a638-e9af2b53c739 and the result is : OK
2017-11-21 21:09:54 INFO     [Replica:b2402#Node2] Hashing the result and signing the statments for msg 756efdc9-34f4-400b-a406-d551f1323227
2017-11-21 21:09:54 INFO     [Replica:b2402#Node2] Verifying order_proof
2017-11-21 21:09:54 INFO     [Replica:0d002#Node0] Verification of result_proof_reverse_direction succesful for msg cb8ba7d7-6d3e-4d85-b454-f588acfb6076
2017-11-21 21:09:54 INFO     [Replica:69402#Node1] Verifying result_proof_reverse_direction
2017-11-21 21:09:54 INFO     [Replica:b2402#Node2] Verification of order_proof succesful for msg 756efdc9-34f4-400b-a406-d551f1323227
2017-11-21 21:09:54 INFO     [Replica:0d002#Node0] Result shuttle received for msg - cb8ba7d7-6d3e-4d85-b454-f588acfb6076, caching the result.
2017-11-21 21:09:54 INFO     [Replica:0d002#Node0] checking if failure injection criteria is satisfied for msg cb8ba7d7-6d3e-4d85-b454-f588acfb6076
2017-11-21 21:09:54 INFO     [Replica:b2402#Node2] Verifying result_proof
2017-11-21 21:09:54 INFO     [Replica:69402#Node1] Verification of result_proof_reverse_direction succesful for msg 00dc77d5-057a-4227-a638-e9af2b53c739
2017-11-21 21:09:54 INFO     [Replica:69402#Node1] Result shuttle received for msg - 00dc77d5-057a-4227-a638-e9af2b53c739, caching the result.
2017-11-21 21:09:54 INFO     [Replica:b2402#Node2] Verification of result_proof succesful for msg 756efdc9-34f4-400b-a406-d551f1323227
2017-11-21 21:09:54 INFO     [Replica:b2402#Node2] Datastore before sending to client : {'jedi': ['luke skywalker'], 'movie': ['star']}
2017-11-21 21:09:54 INFO     [Replica:b2402#Node2] Sending result to client <Client:b2403#Node2> for msg 756efdc9-34f4-400b-a406-d551f1323227
2017-11-21 21:09:54 INFO     [Replica:69402#Node1] Received checkpoint shuttle from <Replica:b2402#Node2>
2017-11-21 21:09:54 INFO     [Replica:69402#Node1] Verifying checkpoint.
2017-11-21 21:09:54 INFO     [Replica:69402#Node1] Checkpoint verification success.
2017-11-21 21:09:54 INFO     [Replica:69402#Node1] Truncating the history till slot : 1
2017-11-21 21:09:54 INFO     [Replica:69402#Node1] Saving the checkpoint information.
2017-11-21 21:09:54 INFO     [Replica:0d002#Node0] Verifying result_proof_reverse_direction
2017-11-21 21:09:54 INFO     [Client:b2403#Node2] Received result for msg 756efdc9-34f4-400b-a406-d551f1323227
2017-11-21 21:09:54 INFO     [Client:b2403#Node2] Verifying result for msg 756efdc9-34f4-400b-a406-d551f1323227
2017-11-21 21:09:54 INFO     [Client:b2403#Node2] Valid t+1 found.
2017-11-21 21:09:54 INFO     [Client:b2403#Node2] Verification of result for msg 756efdc9-34f4-400b-a406-d551f1323227 succesful.
2017-11-21 21:09:54 INFO     [Client:b2403#Node2] Result verified for msg 756efdc9-34f4-400b-a406-d551f1323227 and the result is : OK
2017-11-21 21:09:54 INFO     [Replica:0d002#Node0] Verification of result_proof_reverse_direction succesful for msg 00dc77d5-057a-4227-a638-e9af2b53c739
2017-11-21 21:09:54 INFO     [Replica:0d002#Node0] Result shuttle received for msg - 00dc77d5-057a-4227-a638-e9af2b53c739, caching the result.
2017-11-21 21:09:54 INFO     [Replica:0d002#Node0] checking if failure injection criteria is satisfied for msg 00dc77d5-057a-4227-a638-e9af2b53c739
2017-11-21 21:09:54 INFO     [Replica:0d002#Node0] Received checkpoint shuttle from <Replica:69402#Node1>
2017-11-21 21:09:54 INFO     [Replica:0d002#Node0] checking if failure injection criteria is satisfied for msg checkpoint_request
2017-11-21 21:09:54 INFO     [Replica:69402#Node1] Verifying result_proof_reverse_direction
2017-11-21 21:09:54 INFO     [Replica:0d002#Node0] Verifying checkpoint.
2017-11-21 21:09:54 INFO     [Replica:0d002#Node0] Checkpoint verification success.
2017-11-21 21:09:54 INFO     [Replica:0d002#Node0] Truncating the history till slot : 1
2017-11-21 21:09:54 INFO     [Replica:0d002#Node0] Saving the checkpoint information.
2017-11-21 21:09:54 INFO     [Replica:69402#Node1] Verification of result_proof_reverse_direction succesful for msg 756efdc9-34f4-400b-a406-d551f1323227
2017-11-21 21:09:54 INFO     [Replica:69402#Node1] Result shuttle received for msg - 756efdc9-34f4-400b-a406-d551f1323227, caching the result.
2017-11-21 21:09:54 INFO     [Replica:0d002#Node0] Verifying result_proof_reverse_direction
2017-11-21 21:09:54 INFO     [Replica:0d002#Node0] Verification of result_proof_reverse_direction succesful for msg 756efdc9-34f4-400b-a406-d551f1323227
2017-11-21 21:09:54 INFO     [Replica:0d002#Node0] Result shuttle received for msg - 756efdc9-34f4-400b-a406-d551f1323227, caching the result.
2017-11-21 21:09:54 INFO     [Replica:0d002#Node0] checking if failure injection criteria is satisfied for msg 756efdc9-34f4-400b-a406-d551f1323227
2017-11-21 21:09:55 INFO     [Client:69403#Node1] sending operation request to<Replica:0d002#Node0> with msgID : ca9bf296-0354-43b9-b1fb-178b4982b1af operation : {get(None,movie3)}
2017-11-21 21:09:55 INFO     [Replica:0d002#Node0] Received operation {get(movie3)} with msg id ca9bf296-0354-43b9-b1fb-178b4982b1af
2017-11-21 21:09:55 INFO     [Replica:0d002#Node0] slot number : 4
2017-11-21 21:09:55 INFO     [Replica:0d002#Node0] checking if failure injection criteria is satisfied for msg ca9bf296-0354-43b9-b1fb-178b4982b1af
2017-11-21 21:09:55 INFO     [Replica:0d002#Node0] Hashing the result and signing the statments for msg ca9bf296-0354-43b9-b1fb-178b4982b1af
2017-11-21 21:09:55 INFO     [Replica:0d002#Node0] Forwarding the shuttle with signed stmnts for msg ca9bf296-0354-43b9-b1fb-178b4982b1af to <Replica:69402#Node1>
2017-11-21 21:09:55 INFO     [Client:0d003#Node0] sending operation request to<Replica:0d002#Node0> with msgID : 6be20669-e522-4522-9767-5e587c2a90bb operation : {slice(movie,0:4)}
2017-11-21 21:09:55 INFO     [Replica:0d002#Node0] Checkpoint criteria satisfied.
2017-11-21 21:09:55 INFO     [Replica:0d002#Node0] Starting checkpoint shuttle.
2017-11-21 21:09:55 INFO     [Replica:0d002#Node0] Adding the hash of the datastore to the checkpoint proof
2017-11-21 21:09:55 INFO     [Replica:69402#Node1] Received shuttle from <Replica:0d002#Node0> for msg ca9bf296-0354-43b9-b1fb-178b4982b1af
2017-11-21 21:09:55 INFO     [Replica:69402#Node1] Hashing the result and signing the statments for msg ca9bf296-0354-43b9-b1fb-178b4982b1af
2017-11-21 21:09:55 INFO     [Replica:69402#Node1] Verifying order_proof
2017-11-21 21:09:55 INFO     [Replica:0d002#Node0] Received operation {slice(movie,0:4)} with msg id 6be20669-e522-4522-9767-5e587c2a90bb
2017-11-21 21:09:55 INFO     [Replica:0d002#Node0] slot number : 5
2017-11-21 21:09:55 INFO     [Replica:0d002#Node0] checking if failure injection criteria is satisfied for msg 6be20669-e522-4522-9767-5e587c2a90bb
2017-11-21 21:09:55 INFO     [Replica:0d002#Node0] Failure Injection condition satisfied.
2017-11-21 21:09:55 INFO     [Replica:0d002#Node0]  Performing failure operation : crash
2017-11-21 21:09:55 INFO     [Replica:69402#Node1] Verification of order_proof succesful for msg ca9bf296-0354-43b9-b1fb-178b4982b1af
2017-11-21 21:09:55 INFO     [Replica:0d002#Node0] Performing crash injection and killing self
2017-11-21 21:09:55 INFO     [Replica:69402#Node1] Verifying result_proof
2017-11-21 21:09:55 INFO     [Replica:69402#Node1] Verification of result_proof succesful for msg ca9bf296-0354-43b9-b1fb-178b4982b1af
2017-11-21 21:09:55 INFO     [Replica:69402#Node1] Forwarding the shuttle with signed stmts to <Replica:b2402#Node2> for msg ca9bf296-0354-43b9-b1fb-178b4982b1af
2017-11-21 21:09:55 INFO     [Client:b2403#Node2] sending operation request to<Replica:0d002#Node0> with msgID : 6c484825-0925-4b50-9907-9a97bd16beeb operation : {slice(jedi,0:4)}
2017-11-21 21:09:55 INFO     [Replica:69402#Node1] Received checkpoint shuttle from <Replica:0d002#Node0>
2017-11-21 21:09:55 INFO     [Replica:69402#Node1] Adding the hash of the datastore to the checkpoint proof
2017-11-21 21:09:55 INFO     [Replica:b2402#Node2] Received shuttle from <Replica:69402#Node1> for msg ca9bf296-0354-43b9-b1fb-178b4982b1af
2017-11-21 21:09:55 INFO     [Replica:b2402#Node2] Hashing the result and signing the statments for msg ca9bf296-0354-43b9-b1fb-178b4982b1af
2017-11-21 21:09:55 INFO     [Replica:b2402#Node2] Verifying order_proof
2017-11-21 21:09:55 INFO     [Replica:b2402#Node2] Verification of order_proof succesful for msg ca9bf296-0354-43b9-b1fb-178b4982b1af
2017-11-21 21:09:55 INFO     [Replica:b2402#Node2] Verifying result_proof
2017-11-21 21:09:55 INFO     [Replica:b2402#Node2] Verification of result_proof succesful for msg ca9bf296-0354-43b9-b1fb-178b4982b1af
2017-11-21 21:09:55 INFO     [Replica:b2402#Node2] Datastore before sending to client : {'jedi': ['luke skywalker'], 'movie': ['star']}
2017-11-21 21:09:55 INFO     [Replica:b2402#Node2] Sending result to client <Client:69403#Node1> for msg ca9bf296-0354-43b9-b1fb-178b4982b1af
2017-11-21 21:09:55 INFO     [Client:69403#Node1] Received result for msg ca9bf296-0354-43b9-b1fb-178b4982b1af
2017-11-21 21:09:55 INFO     [Replica:b2402#Node2] Received checkpoint shuttle from <Replica:69402#Node1>
2017-11-21 21:09:55 INFO     [Client:69403#Node1] Verifying result for msg ca9bf296-0354-43b9-b1fb-178b4982b1af
2017-11-21 21:09:55 INFO     [Replica:b2402#Node2] Adding the hash of the datastore to the checkpoint proof
2017-11-21 21:09:55 INFO     [Replica:b2402#Node2] Verifying checkpoint.
2017-11-21 21:09:55 INFO     [Replica:b2402#Node2] Checkpoint verification success.
2017-11-21 21:09:55 INFO     [Replica:b2402#Node2] Truncating the history till slot : 3
2017-11-21 21:09:55 INFO     [Replica:b2402#Node2] Saving the checkpoint information.
2017-11-21 21:09:55 INFO     [Client:69403#Node1] Valid t+1 found.
2017-11-21 21:09:55 INFO     [Client:69403#Node1] Verification of result for msg ca9bf296-0354-43b9-b1fb-178b4982b1af succesful.
2017-11-21 21:09:55 INFO     [Client:69403#Node1] Result verified for msg ca9bf296-0354-43b9-b1fb-178b4982b1af and the result is : 
2017-11-21 21:09:55 INFO     [Replica:69402#Node1] Verifying result_proof_reverse_direction
2017-11-21 21:09:55 INFO     [Replica:69402#Node1] Verification of result_proof_reverse_direction succesful for msg ca9bf296-0354-43b9-b1fb-178b4982b1af
2017-11-21 21:09:55 INFO     [Replica:69402#Node1] Result shuttle received for msg - ca9bf296-0354-43b9-b1fb-178b4982b1af, caching the result.
2017-11-21 21:09:55 INFO     [Replica:69402#Node1] Received checkpoint shuttle from <Replica:b2402#Node2>
2017-11-21 21:09:55 INFO     [Replica:69402#Node1] Verifying checkpoint.
2017-11-21 21:09:55 INFO     [Replica:69402#Node1] Checkpoint verification success.
2017-11-21 21:09:55 INFO     [Replica:69402#Node1] Truncating the history till slot : 3
2017-11-21 21:09:55 INFO     [Replica:69402#Node1] Saving the checkpoint information.
2017-11-21 21:09:56 INFO     [Client:69403#Node1] sending operation request to<Replica:0d002#Node0> with msgID : 26800fde-5a96-4c75-a818-4d8769118935 operation : {put(movie2,pulp)}
2017-11-21 21:10:03 INFO     [Client:69403#Node1] Contacting olympus to check if config is changed.
2017-11-21 21:10:03 INFO     [Client:0d003#Node0] Contacting olympus to check if config is changed.
2017-11-21 21:10:03 INFO     [Client:b2403#Node2] Contacting olympus to check if config is changed.
2017-11-21 21:10:03 INFO     [OLYMPUS] Received config change check request from client <Client:0d003#Node0>
2017-11-21 21:10:03 INFO     [OLYMPUS] Received config change check request from client <Client:69403#Node1>
2017-11-21 21:10:03 INFO     [Client:0d003#Node0] Configuration is not changed.
2017-11-21 21:10:03 INFO     [OLYMPUS] Received config change check request from client <Client:b2403#Node2>
2017-11-21 21:10:03 INFO     [Client:69403#Node1] Configuration is not changed.
2017-11-21 21:10:03 INFO     [Client:b2403#Node2] Configuration is not changed.
2017-11-21 21:10:05 INFO     [Client:0d003#Node0] TIMEOUT
2017-11-21 21:10:05 INFO     [Client:0d003#Node0] sending retransmission request to replica <Replica:0d002#Node0> for msgID : 6be20669-e522-4522-9767-5e587c2a90bb
2017-11-21 21:10:05 INFO     [Client:0d003#Node0] sending retransmission request to replica <Replica:b2402#Node2> for msgID : 6be20669-e522-4522-9767-5e587c2a90bb
2017-11-21 21:10:05 INFO     [Client:0d003#Node0] sending retransmission request to replica <Replica:69402#Node1> for msgID : 6be20669-e522-4522-9767-5e587c2a90bb
2017-11-21 21:10:05 INFO     [Client:b2403#Node2] TIMEOUT
2017-11-21 21:10:05 INFO     [Client:b2403#Node2] sending retransmission request to replica <Replica:69402#Node1> for msgID : 6c484825-0925-4b50-9907-9a97bd16beeb
2017-11-21 21:10:05 INFO     [Client:b2403#Node2] sending retransmission request to replica <Replica:b2402#Node2> for msgID : 6c484825-0925-4b50-9907-9a97bd16beeb
2017-11-21 21:10:05 INFO     [Replica:b2402#Node2] Starting retransmission timer and sending request to head for msg 6be20669-e522-4522-9767-5e587c2a90bb
2017-11-21 21:10:05 INFO     [Client:b2403#Node2] sending retransmission request to replica <Replica:0d002#Node0> for msgID : 6c484825-0925-4b50-9907-9a97bd16beeb
2017-11-21 21:10:05 INFO     [Replica:69402#Node1] Starting retransmission timer and sending request to head for msg 6be20669-e522-4522-9767-5e587c2a90bb
2017-11-21 21:10:05 INFO     [Replica:b2402#Node2] Starting retransmission timer and sending request to head for msg 6c484825-0925-4b50-9907-9a97bd16beeb
2017-11-21 21:10:05 INFO     [Replica:69402#Node1] Starting retransmission timer and sending request to head for msg 6c484825-0925-4b50-9907-9a97bd16beeb
2017-11-21 21:10:06 INFO     [Client:69403#Node1] TIMEOUT
2017-11-21 21:10:06 INFO     [Client:69403#Node1] sending retransmission request to replica <Replica:0d002#Node0> for msgID : 26800fde-5a96-4c75-a818-4d8769118935
2017-11-21 21:10:06 INFO     [Client:69403#Node1] sending retransmission request to replica <Replica:69402#Node1> for msgID : 26800fde-5a96-4c75-a818-4d8769118935
2017-11-21 21:10:06 INFO     [Client:69403#Node1] sending retransmission request to replica <Replica:b2402#Node2> for msgID : 26800fde-5a96-4c75-a818-4d8769118935
2017-11-21 21:10:06 INFO     [Replica:69402#Node1] Starting retransmission timer and sending request to head for msg 26800fde-5a96-4c75-a818-4d8769118935
2017-11-21 21:10:06 INFO     [Replica:b2402#Node2] Starting retransmission timer and sending request to head for msg 26800fde-5a96-4c75-a818-4d8769118935
2017-11-21 21:10:13 INFO     [Client:69403#Node1] Contacting olympus to check if config is changed.
2017-11-21 21:10:13 INFO     [Client:0d003#Node0] Contacting olympus to check if config is changed.
2017-11-21 21:10:13 INFO     [Client:b2403#Node2] Contacting olympus to check if config is changed.
2017-11-21 21:10:13 INFO     [OLYMPUS] Received config change check request from client <Client:0d003#Node0>
2017-11-21 21:10:13 INFO     [OLYMPUS] Received config change check request from client <Client:69403#Node1>
2017-11-21 21:10:13 INFO     [Client:0d003#Node0] Configuration is not changed.
2017-11-21 21:10:13 INFO     [OLYMPUS] Received config change check request from client <Client:b2403#Node2>
2017-11-21 21:10:13 INFO     [Client:69403#Node1] Configuration is not changed.
2017-11-21 21:10:13 INFO     [Client:b2403#Node2] Configuration is not changed.
2017-11-21 21:10:15 ERROR    [Client:0d003#Node0] Retransmission timed out, we did not receive any successful result. sending reconfig request to olympus
2017-11-21 21:10:15 ERROR    [Replica:b2402#Node2] TIME OUT for replica <Replica:b2402#Node2> for msg6be20669-e522-4522-9767-5e587c2a90bb, requesting olympus to reconfigure
2017-11-21 21:10:15 ERROR    [Replica:69402#Node1] TIME OUT for replica <Replica:69402#Node1> for msg6be20669-e522-4522-9767-5e587c2a90bb, requesting olympus to reconfigure
2017-11-21 21:10:15 ERROR    [Client:b2403#Node2] Retransmission timed out, we did not receive any successful result. sending reconfig request to olympus
2017-11-21 21:10:15 ERROR    [Replica:b2402#Node2] TIME OUT for replica <Replica:b2402#Node2> for msg6c484825-0925-4b50-9907-9a97bd16beeb, requesting olympus to reconfigure
2017-11-21 21:10:15 ERROR    [Replica:69402#Node1] TIME OUT for replica <Replica:69402#Node1> for msg6c484825-0925-4b50-9907-9a97bd16beeb, requesting olympus to reconfigure
2017-11-21 21:10:15 INFO     [OLYMPUS] Received reconfig request from <Replica:b2402#Node2>
2017-11-21 21:10:15 INFO     [OLYMPUS] Requesting wedged data and also asking replicas to become immutable.
2017-11-21 21:10:15 INFO     [Replica:69402#Node1] Received reconfig command from olympus, making wedged data and sending it to olympus.
2017-11-21 21:10:15 INFO     [Replica:b2402#Node2] Received reconfig command from olympus, making wedged data and sending it to olympus.
2017-11-21 21:10:15 INFO     [Replica:b2402#Node2] State changed to immutable.
2017-11-21 21:10:15 INFO     [Replica:69402#Node1] State changed to immutable.
2017-11-21 21:10:15 INFO     [OLYMPUS] Received wedged data from <Replica:b2402#Node2>
2017-11-21 21:10:15 INFO     [OLYMPUS] Received wedged data from <Replica:69402#Node1>
2017-11-21 21:10:15 INFO     [OLYMPUS] Received t+1 wedge responses, starts making quorums.
2017-11-21 21:10:15 INFO     [OLYMPUS] Replicas in current quorum :  (<Replica:69402#Node1>, <Replica:b2402#Node2>)
2017-11-21 21:10:15 INFO     [OLYMPUS] Checking if checkpoint details are consistent.
2017-11-21 21:10:15 INFO     [OLYMPUS] Checkpoint is consistent.
2017-11-21 21:10:15 INFO     [OLYMPUS] Checking if history details are consistent.
2017-11-21 21:10:15 INFO     [OLYMPUS] History is consistent.
2017-11-21 21:10:15 INFO     [OLYMPUS] Valid quorum found and checking if we need to catch up the history.
2017-11-21 21:10:15 INFO     [OLYMPUS] No need to catch up, lets just get the latest result for all clients
2017-11-21 21:10:15 INFO     [OLYMPUS] Sending pending results to the clients.
2017-11-21 21:10:15 INFO     [OLYMPUS] Catch up successfull, getting the running state.
2017-11-21 21:10:15 INFO     [Replica:69402#Node1] Received request for running state, encrypting and sending the state
2017-11-21 21:10:15 INFO     [Replica:b2402#Node2] Received request for running state, encrypting and sending the state
2017-11-21 21:10:15 INFO     [OLYMPUS] Received running state from <Replica:69402#Node1>
2017-11-21 21:10:15 INFO     [OLYMPUS] Received running state from <Replica:b2402#Node2>
2017-11-21 21:10:15 INFO     [OLYMPUS] Running state verified.
2017-11-21 21:10:15 INFO     [OLYMPUS] Running state : {'jedi': ['luke skywalker'], 'movie': ['star']}
2017-11-21 21:10:15 INFO     [OLYMPUS] Deleting old replicas.
2017-11-21 21:10:15 INFO     [OLYMPUS] Starting new set of processes for reconfiguration.
2017-11-21 21:10:15 INFO     [OLYMPUS] Creating new replicas.
2017-11-21 21:10:15 INFO     [Replica:b2402#Node2] Process killed.
2017-11-21 21:10:15 INFO     [Replica:69402#Node1] Process killed.
2017-11-21 21:10:15 INFO     [OLYMPUS] Generating signing and verification keys.
2017-11-21 21:10:15 INFO     [OLYMPUS] Head is <Replica:0d004#Node0>
2017-11-21 21:10:15 INFO     [Replica:0d004#Node0] Setup complete
2017-11-21 21:10:15 INFO     [Replica:69404#Node1] Setup complete
2017-11-21 21:10:15 INFO     [OLYMPUS] Tail is <Replica:b2404#Node2>
2017-11-21 21:10:15 INFO     [Replica:b2404#Node2] Setup complete
2017-11-21 21:10:15 INFO     [OLYMPUS] Chain---> <Replica:0d004#Node0>--><Replica:69404#Node1>--><Replica:b2404#Node2>-->
2017-11-21 21:10:15 INFO     [OLYMPUS] CURRENT CONFIG : 58fad752-8dad-49c7-b04c-b5e510ae79dd
2017-11-21 21:10:15 INFO     [Replica:0d004#Node0] Received client information
2017-11-21 21:10:15 INFO     [Replica:0d004#Node0] Olympus info registered : <Olympus:0b802#Node>
2017-11-21 21:10:15 INFO     [Replica:69404#Node1] Received client information
2017-11-21 21:10:15 INFO     [Replica:69404#Node1] Olympus info registered : <Olympus:0b802#Node>
2017-11-21 21:10:15 INFO     [Replica:b2404#Node2] Received client information
2017-11-21 21:10:15 INFO     [Replica:b2404#Node2] Olympus info registered : <Olympus:0b802#Node>
2017-11-21 21:10:23 INFO     [Client:69403#Node1] Contacting olympus to check if config is changed.
2017-11-21 21:10:23 INFO     [Client:0d003#Node0] Contacting olympus to check if config is changed.
2017-11-21 21:10:23 INFO     [Client:b2403#Node2] Contacting olympus to check if config is changed.
2017-11-21 21:10:23 INFO     [OLYMPUS] Received config change check request from client <Client:69403#Node1>
2017-11-21 21:10:23 INFO     [Client:69403#Node1] Configration has been changed, need to resend pending requests to new head.
2017-11-21 21:10:23 INFO     [OLYMPUS] Received config change check request from client <Client:0d003#Node0>
2017-11-21 21:10:23 INFO     [Client:69403#Node1] Requesting new replica details.
2017-11-21 21:10:23 INFO     [Client:0d003#Node0] Configration has been changed, need to resend pending requests to new head.
2017-11-21 21:10:23 INFO     [Client:0d003#Node0] Requesting new replica details.
2017-11-21 21:10:23 INFO     [OLYMPUS] Received config change check request from client <Client:b2403#Node2>
2017-11-21 21:10:23 INFO     [Client:b2403#Node2] Configration has been changed, need to resend pending requests to new head.
2017-11-21 21:10:23 INFO     [Client:b2403#Node2] Requesting new replica details.
2017-11-21 21:10:23 INFO     [OLYMPUS] Sending replica details to client <Client:69403#Node1>
2017-11-21 21:10:23 INFO     [OLYMPUS] Sending replica details to client <Client:0d003#Node0>
2017-11-21 21:10:23 INFO     [Client:69403#Node1] Received replica details from olympus
2017-11-21 21:10:23 INFO     [Client:69403#Node1] Making 26800fde-5a96-4c75-a818-4d8769118935as pending.
2017-11-21 21:10:23 ERROR    [Client:69403#Node1] Retransmission timed out, we did not receive any successful result. sending reconfig request to olympus
2017-11-21 21:10:23 INFO     [OLYMPUS] Sending replica details to client <Client:b2403#Node2>
2017-11-21 21:10:23 INFO     [Client:0d003#Node0] Received replica details from olympus
2017-11-21 21:10:23 INFO     [Client:0d003#Node0] Making 6be20669-e522-4522-9767-5e587c2a90bbas pending.
2017-11-21 21:10:23 INFO     [Client:0d003#Node0] 6be20669-e522-4522-9767-5e587c2a90bb Re-transmitting
2017-11-21 21:10:23 INFO     [Client:0d003#Node0] sending retransmission request to replica <Replica:69404#Node1> for msgID : 6be20669-e522-4522-9767-5e587c2a90bb
2017-11-21 21:10:23 INFO     [Client:b2403#Node2] Received replica details from olympus
2017-11-21 21:10:23 INFO     [Client:b2403#Node2] Making 6c484825-0925-4b50-9907-9a97bd16beebas pending.
2017-11-21 21:10:23 INFO     [Client:b2403#Node2] 6c484825-0925-4b50-9907-9a97bd16beeb Re-transmitting
2017-11-21 21:10:23 INFO     [Client:b2403#Node2] sending retransmission request to replica <Replica:0d004#Node0> for msgID : 6c484825-0925-4b50-9907-9a97bd16beeb
2017-11-21 21:10:23 INFO     [Client:b2403#Node2] sending retransmission request to replica <Replica:69404#Node1> for msgID : 6c484825-0925-4b50-9907-9a97bd16beeb
2017-11-21 21:10:23 INFO     [Client:b2403#Node2] sending retransmission request to replica <Replica:b2404#Node2> for msgID : 6c484825-0925-4b50-9907-9a97bd16beeb
2017-11-21 21:10:23 INFO     [Replica:0d004#Node0] Head has not seen the message at all.
2017-11-21 21:10:23 INFO     [Replica:0d004#Node0] Starting retransmission timer and starting order shuttle down the chain for msg6c484825-0925-4b50-9907-9a97bd16beeb
2017-11-21 21:10:23 INFO     [Client:0d003#Node0] sending retransmission request to replica <Replica:0d004#Node0> for msgID : 6be20669-e522-4522-9767-5e587c2a90bb
2017-11-21 21:10:23 INFO     [Replica:69404#Node1] Starting retransmission timer and sending request to head for msg 6c484825-0925-4b50-9907-9a97bd16beeb
2017-11-21 21:10:23 INFO     [Client:0d003#Node0] sending retransmission request to replica <Replica:b2404#Node2> for msgID : 6be20669-e522-4522-9767-5e587c2a90bb
2017-11-21 21:10:23 INFO     [Replica:0d004#Node0] slot number : 5
2017-11-21 21:10:23 INFO     [Replica:0d004#Node0] Hashing the result and signing the statments for msg 6c484825-0925-4b50-9907-9a97bd16beeb
2017-11-21 21:10:23 INFO     [Replica:0d004#Node0] Forwarding the shuttle with signed stmnts for msg 6c484825-0925-4b50-9907-9a97bd16beeb to <Replica:69404#Node1>
2017-11-21 21:10:23 INFO     [Replica:b2404#Node2] Starting retransmission timer and sending request to head for msg 6c484825-0925-4b50-9907-9a97bd16beeb
2017-11-21 21:10:23 INFO     [Replica:0d004#Node0] Head has not seen the message at all.
2017-11-21 21:10:23 INFO     [Replica:0d004#Node0] Starting retransmission timer and starting order shuttle down the chain for msg6be20669-e522-4522-9767-5e587c2a90bb
2017-11-21 21:10:23 INFO     [Replica:0d004#Node0] slot number : 6
2017-11-21 21:10:23 INFO     [Replica:0d004#Node0] Hashing the result and signing the statments for msg 6be20669-e522-4522-9767-5e587c2a90bb
2017-11-21 21:10:23 INFO     [Replica:0d004#Node0] Forwarding the shuttle with signed stmnts for msg 6be20669-e522-4522-9767-5e587c2a90bb to <Replica:69404#Node1>
2017-11-21 21:10:23 INFO     [Replica:69404#Node1] Starting retransmission timer and sending request to head for msg 6be20669-e522-4522-9767-5e587c2a90bb
2017-11-21 21:10:23 INFO     [Replica:b2404#Node2] Starting retransmission timer and sending request to head for msg 6be20669-e522-4522-9767-5e587c2a90bb
2017-11-21 21:10:23 INFO     [Replica:69404#Node1] Received shuttle from <Replica:0d004#Node0> for msg 6c484825-0925-4b50-9907-9a97bd16beeb
2017-11-21 21:10:23 INFO     [Replica:69404#Node1] Hashing the result and signing the statments for msg 6c484825-0925-4b50-9907-9a97bd16beeb
2017-11-21 21:10:23 INFO     [Replica:69404#Node1] Verifying order_proof
2017-11-21 21:10:23 INFO     [Replica:69404#Node1] Verification of order_proof succesful for msg 6c484825-0925-4b50-9907-9a97bd16beeb
2017-11-21 21:10:23 INFO     [Replica:69404#Node1] Verifying result_proof
2017-11-21 21:10:23 INFO     [Replica:69404#Node1] Verification of result_proof succesful for msg 6c484825-0925-4b50-9907-9a97bd16beeb
2017-11-21 21:10:23 INFO     [Replica:69404#Node1] Forwarding the shuttle with signed stmts to <Replica:b2404#Node2> for msg 6c484825-0925-4b50-9907-9a97bd16beeb
2017-11-21 21:10:23 INFO     [Replica:69404#Node1] Received shuttle from <Replica:0d004#Node0> for msg 6be20669-e522-4522-9767-5e587c2a90bb
2017-11-21 21:10:23 INFO     [Replica:69404#Node1] Hashing the result and signing the statments for msg 6be20669-e522-4522-9767-5e587c2a90bb
2017-11-21 21:10:23 INFO     [Replica:69404#Node1] Verifying order_proof
2017-11-21 21:10:23 INFO     [Replica:b2404#Node2] Received shuttle from <Replica:69404#Node1> for msg 6c484825-0925-4b50-9907-9a97bd16beeb
2017-11-21 21:10:23 INFO     [Replica:b2404#Node2] Hashing the result and signing the statments for msg 6c484825-0925-4b50-9907-9a97bd16beeb
2017-11-21 21:10:23 INFO     [Replica:69404#Node1] Verification of order_proof succesful for msg 6be20669-e522-4522-9767-5e587c2a90bb
2017-11-21 21:10:23 INFO     [Replica:b2404#Node2] Verifying order_proof
2017-11-21 21:10:23 INFO     [Replica:69404#Node1] Verifying result_proof
2017-11-21 21:10:23 INFO     [Replica:69404#Node1] Verification of result_proof succesful for msg 6be20669-e522-4522-9767-5e587c2a90bb
2017-11-21 21:10:23 INFO     [Replica:69404#Node1] Forwarding the shuttle with signed stmts to <Replica:b2404#Node2> for msg 6be20669-e522-4522-9767-5e587c2a90bb
2017-11-21 21:10:23 INFO     [Replica:b2404#Node2] Verification of order_proof succesful for msg 6c484825-0925-4b50-9907-9a97bd16beeb
2017-11-21 21:10:23 INFO     [Replica:b2404#Node2] Verifying result_proof
2017-11-21 21:10:23 INFO     [Replica:b2404#Node2] Verification of result_proof succesful for msg 6c484825-0925-4b50-9907-9a97bd16beeb
2017-11-21 21:10:23 INFO     [Replica:b2404#Node2] Result received for retransmission of msg 6c484825-0925-4b50-9907-9a97bd16beeb, sending this to client before caching it
2017-11-21 21:10:23 INFO     [Replica:b2404#Node2] Datastore before sending to client : {'jedi': ['luke skywalker'], 'movie': ['star']}
2017-11-21 21:10:23 INFO     [Replica:b2404#Node2] Sending result to client <Client:b2403#Node2> for msg 6c484825-0925-4b50-9907-9a97bd16beeb
2017-11-21 21:10:23 INFO     [Replica:b2404#Node2] Received shuttle from <Replica:69404#Node1> for msg 6be20669-e522-4522-9767-5e587c2a90bb
2017-11-21 21:10:23 INFO     [Client:b2403#Node2] Received a succesfull retransmission result from <Replica:b2404#Node2> for msg : 6c484825-0925-4b50-9907-9a97bd16beeb
2017-11-21 21:10:23 INFO     [Replica:b2404#Node2] Hashing the result and signing the statments for msg 6be20669-e522-4522-9767-5e587c2a90bb
2017-11-21 21:10:23 INFO     [Client:b2403#Node2] Verifying result for msg 6c484825-0925-4b50-9907-9a97bd16beeb
2017-11-21 21:10:23 INFO     [Replica:b2404#Node2] Verifying order_proof
2017-11-21 21:10:23 INFO     [Replica:69404#Node1] Verifying result_proof_reverse_direction
2017-11-21 21:10:23 INFO     [Client:b2403#Node2] Valid t+1 found.
2017-11-21 21:10:23 INFO     [Replica:b2404#Node2] Verification of order_proof succesful for msg 6be20669-e522-4522-9767-5e587c2a90bb
2017-11-21 21:10:23 INFO     [Client:b2403#Node2] Verification of result for msg 6c484825-0925-4b50-9907-9a97bd16beeb succesful.
2017-11-21 21:10:23 INFO     [Client:b2403#Node2] Retransmission result : FAIL
2017-11-21 21:10:23 INFO     [Replica:b2404#Node2] Verifying result_proof
2017-11-21 21:10:23 INFO     [Client:b2403#Node2] sending operation request to<Replica:0d004#Node0> with msgID : 11bd2013-ca61-40b1-9329-e0d92b0d7449 operation : {get(None,jedi)}
2017-11-21 21:10:23 INFO     [Replica:69404#Node1] Verification of result_proof_reverse_direction succesful for msg 6c484825-0925-4b50-9907-9a97bd16beeb
2017-11-21 21:10:23 INFO     [Replica:69404#Node1] Result shuttle received for msg - 6c484825-0925-4b50-9907-9a97bd16beeb, caching the result.
2017-11-21 21:10:23 INFO     [Replica:69404#Node1] Result received for retransmission for msg 6c484825-0925-4b50-9907-9a97bd16beeb, sending this to client before caching it
2017-11-21 21:10:23 INFO     [Replica:b2404#Node2] Verification of result_proof succesful for msg 6be20669-e522-4522-9767-5e587c2a90bb
2017-11-21 21:10:23 INFO     [Replica:b2404#Node2] Result received for retransmission of msg 6be20669-e522-4522-9767-5e587c2a90bb, sending this to client before caching it
2017-11-21 21:10:23 INFO     [Replica:0d004#Node0] Received operation {get(jedi)} with msg id 11bd2013-ca61-40b1-9329-e0d92b0d7449
2017-11-21 21:10:23 INFO     [Replica:b2404#Node2] Datastore before sending to client : {'jedi': ['luke skywalker'], 'movie': ['star']}
2017-11-21 21:10:23 INFO     [Replica:0d004#Node0] slot number : 7
2017-11-21 21:10:23 INFO     [Replica:b2404#Node2] Sending result to client <Client:0d003#Node0> for msg 6be20669-e522-4522-9767-5e587c2a90bb
2017-11-21 21:10:23 INFO     [Replica:0d004#Node0] Hashing the result and signing the statments for msg 11bd2013-ca61-40b1-9329-e0d92b0d7449
2017-11-21 21:10:23 INFO     [Replica:0d004#Node0] Forwarding the shuttle with signed stmnts for msg 11bd2013-ca61-40b1-9329-e0d92b0d7449 to <Replica:69404#Node1>
2017-11-21 21:10:23 INFO     [Client:0d003#Node0] Received a succesfull retransmission result from <Replica:b2404#Node2> for msg : 6be20669-e522-4522-9767-5e587c2a90bb
2017-11-21 21:10:23 INFO     [Client:0d003#Node0] Verifying result for msg 6be20669-e522-4522-9767-5e587c2a90bb
2017-11-21 21:10:23 INFO     [Client:0d003#Node0] Valid t+1 found.
2017-11-21 21:10:23 INFO     [Client:0d003#Node0] Verification of result for msg 6be20669-e522-4522-9767-5e587c2a90bb succesful.
2017-11-21 21:10:23 INFO     [Replica:0d004#Node0] Verifying result_proof_reverse_direction
2017-11-21 21:10:23 INFO     [Client:0d003#Node0] Retransmission result : FAIL
2017-11-21 21:10:23 INFO     [Client:0d003#Node0] sending operation request to<Replica:0d004#Node0> with msgID : 9844cd98-b312-4534-8185-5b46c7096940 operation : {append(movie,wars)}
2017-11-21 21:10:23 INFO     [Replica:0d004#Node0] Verification of result_proof_reverse_direction succesful for msg 6c484825-0925-4b50-9907-9a97bd16beeb
2017-11-21 21:10:23 INFO     [Replica:69404#Node1] Verifying result_proof_reverse_direction
2017-11-21 21:10:23 INFO     [Replica:0d004#Node0] Result shuttle received for msg - 6c484825-0925-4b50-9907-9a97bd16beeb, caching the result.
2017-11-21 21:10:23 INFO     [Replica:0d004#Node0] Result received for retransmission for msg 6c484825-0925-4b50-9907-9a97bd16beeb, sending this to client before caching it
2017-11-21 21:10:23 INFO     [Replica:69404#Node1] Verification of result_proof_reverse_direction succesful for msg 6be20669-e522-4522-9767-5e587c2a90bb
2017-11-21 21:10:23 INFO     [Replica:0d004#Node0] Received operation {append(movie,wars)} with msg id 9844cd98-b312-4534-8185-5b46c7096940
2017-11-21 21:10:23 INFO     [Replica:69404#Node1] Result shuttle received for msg - 6be20669-e522-4522-9767-5e587c2a90bb, caching the result.
2017-11-21 21:10:23 INFO     [Replica:0d004#Node0] slot number : 8
2017-11-21 21:10:23 INFO     [Replica:69404#Node1] Result received for retransmission for msg 6be20669-e522-4522-9767-5e587c2a90bb, sending this to client before caching it
2017-11-21 21:10:23 INFO     [Replica:0d004#Node0] Hashing the result and signing the statments for msg 9844cd98-b312-4534-8185-5b46c7096940
2017-11-21 21:10:23 INFO     [Replica:0d004#Node0] Forwarding the shuttle with signed stmnts for msg 9844cd98-b312-4534-8185-5b46c7096940 to <Replica:69404#Node1>
2017-11-21 21:10:23 INFO     [Replica:69404#Node1] Received shuttle from <Replica:0d004#Node0> for msg 11bd2013-ca61-40b1-9329-e0d92b0d7449
2017-11-21 21:10:23 INFO     [Replica:0d004#Node0] Checkpoint criteria satisfied.
2017-11-21 21:10:23 INFO     [Replica:69404#Node1] Hashing the result and signing the statments for msg 11bd2013-ca61-40b1-9329-e0d92b0d7449
2017-11-21 21:10:23 INFO     [Replica:69404#Node1] Verifying order_proof
2017-11-21 21:10:23 INFO     [Replica:0d004#Node0] Starting checkpoint shuttle.
2017-11-21 21:10:23 INFO     [Replica:0d004#Node0] Adding the hash of the datastore to the checkpoint proof
2017-11-21 21:10:23 INFO     [Replica:69404#Node1] Verification of order_proof succesful for msg 11bd2013-ca61-40b1-9329-e0d92b0d7449
2017-11-21 21:10:23 INFO     [Replica:69404#Node1] Verifying result_proof
2017-11-21 21:10:23 INFO     [Replica:0d004#Node0] Verifying result_proof_reverse_direction
2017-11-21 21:10:23 INFO     [Replica:69404#Node1] Verification of result_proof succesful for msg 11bd2013-ca61-40b1-9329-e0d92b0d7449
2017-11-21 21:10:23 INFO     [Replica:69404#Node1] Forwarding the shuttle with signed stmts to <Replica:b2404#Node2> for msg 11bd2013-ca61-40b1-9329-e0d92b0d7449
2017-11-21 21:10:23 INFO     [Replica:0d004#Node0] Verification of result_proof_reverse_direction succesful for msg 6be20669-e522-4522-9767-5e587c2a90bb
2017-11-21 21:10:23 INFO     [Replica:0d004#Node0] Result shuttle received for msg - 6be20669-e522-4522-9767-5e587c2a90bb, caching the result.
2017-11-21 21:10:23 INFO     [Replica:0d004#Node0] Result received for retransmission for msg 6be20669-e522-4522-9767-5e587c2a90bb, sending this to client before caching it
2017-11-21 21:10:23 INFO     [Replica:b2404#Node2] Received shuttle from <Replica:69404#Node1> for msg 11bd2013-ca61-40b1-9329-e0d92b0d7449
2017-11-21 21:10:23 INFO     [Replica:69404#Node1] Received shuttle from <Replica:0d004#Node0> for msg 9844cd98-b312-4534-8185-5b46c7096940
2017-11-21 21:10:23 INFO     [Replica:b2404#Node2] Hashing the result and signing the statments for msg 11bd2013-ca61-40b1-9329-e0d92b0d7449
2017-11-21 21:10:23 INFO     [Replica:69404#Node1] Hashing the result and signing the statments for msg 9844cd98-b312-4534-8185-5b46c7096940
2017-11-21 21:10:23 INFO     [Replica:b2404#Node2] Verifying order_proof
2017-11-21 21:10:23 INFO     [Replica:69404#Node1] Verifying order_proof
2017-11-21 21:10:23 INFO     [Replica:b2404#Node2] Verification of order_proof succesful for msg 11bd2013-ca61-40b1-9329-e0d92b0d7449
2017-11-21 21:10:23 INFO     [Replica:69404#Node1] Verification of order_proof succesful for msg 9844cd98-b312-4534-8185-5b46c7096940
2017-11-21 21:10:23 INFO     [Replica:b2404#Node2] Verifying result_proof
2017-11-21 21:10:23 INFO     [Replica:69404#Node1] Verifying result_proof
2017-11-21 21:10:23 INFO     [Replica:69404#Node1] Verification of result_proof succesful for msg 9844cd98-b312-4534-8185-5b46c7096940
2017-11-21 21:10:23 INFO     [Replica:69404#Node1] Forwarding the shuttle with signed stmts to <Replica:b2404#Node2> for msg 9844cd98-b312-4534-8185-5b46c7096940
2017-11-21 21:10:23 INFO     [Replica:b2404#Node2] Verification of result_proof succesful for msg 11bd2013-ca61-40b1-9329-e0d92b0d7449
2017-11-21 21:10:23 INFO     [Replica:b2404#Node2] Datastore before sending to client : {'jedi': ['luke skywalker'], 'movie': ['star']}
2017-11-21 21:10:23 INFO     [Replica:b2404#Node2] Sending result to client <Client:b2403#Node2> for msg 11bd2013-ca61-40b1-9329-e0d92b0d7449
2017-11-21 21:10:23 INFO     [Replica:69404#Node1] Received checkpoint shuttle from <Replica:0d004#Node0>
2017-11-21 21:10:23 INFO     [Replica:69404#Node1] Adding the hash of the datastore to the checkpoint proof
2017-11-21 21:10:23 INFO     [Replica:69404#Node1] Verifying result_proof_reverse_direction
2017-11-21 21:10:23 INFO     [Client:b2403#Node2] Received result for msg 11bd2013-ca61-40b1-9329-e0d92b0d7449
2017-11-21 21:10:23 INFO     [Replica:b2404#Node2] Received shuttle from <Replica:69404#Node1> for msg 9844cd98-b312-4534-8185-5b46c7096940
2017-11-21 21:10:23 INFO     [Replica:b2404#Node2] Hashing the result and signing the statments for msg 9844cd98-b312-4534-8185-5b46c7096940
2017-11-21 21:10:23 INFO     [Client:b2403#Node2] Verifying result for msg 11bd2013-ca61-40b1-9329-e0d92b0d7449
2017-11-21 21:10:23 INFO     [Replica:b2404#Node2] Verifying order_proof
2017-11-21 21:10:23 INFO     [Replica:69404#Node1] Verification of result_proof_reverse_direction succesful for msg 11bd2013-ca61-40b1-9329-e0d92b0d7449
2017-11-21 21:10:23 INFO     [Replica:69404#Node1] Result shuttle received for msg - 11bd2013-ca61-40b1-9329-e0d92b0d7449, caching the result.
2017-11-21 21:10:23 INFO     [Client:b2403#Node2] Valid t+1 found.
2017-11-21 21:10:23 INFO     [Client:b2403#Node2] Verification of result for msg 11bd2013-ca61-40b1-9329-e0d92b0d7449 succesful.
2017-11-21 21:10:23 INFO     [Client:b2403#Node2] Result verified for msg 11bd2013-ca61-40b1-9329-e0d92b0d7449 and the result is : ['luke skywalker']
2017-11-21 21:10:23 INFO     [Client:b2403#Node2] sending data store query request to head
2017-11-21 21:10:23 INFO     [Replica:b2404#Node2] Verification of order_proof succesful for msg 9844cd98-b312-4534-8185-5b46c7096940
2017-11-21 21:10:23 INFO     [Replica:b2404#Node2] Verifying result_proof
2017-11-21 21:10:23 INFO     [Replica:b2404#Node2] Verification of result_proof succesful for msg 9844cd98-b312-4534-8185-5b46c7096940
2017-11-21 21:10:23 INFO     [Replica:b2404#Node2] Datastore before sending to client : {'jedi': ['luke skywalker'], 'movie': ['star', 'wars']}
2017-11-21 21:10:23 INFO     [Replica:b2404#Node2] Sending result to client <Client:0d003#Node0> for msg 9844cd98-b312-4534-8185-5b46c7096940
2017-11-21 21:10:23 INFO     [Client:0d003#Node0] Received result for msg 9844cd98-b312-4534-8185-5b46c7096940
2017-11-21 21:10:23 INFO     [Client:0d003#Node0] Verifying result for msg 9844cd98-b312-4534-8185-5b46c7096940
2017-11-21 21:10:23 INFO     [Replica:b2404#Node2] Received checkpoint shuttle from <Replica:69404#Node1>
2017-11-21 21:10:23 INFO     [Replica:b2404#Node2] Adding the hash of the datastore to the checkpoint proof
2017-11-21 21:10:23 INFO     [Replica:b2404#Node2] Verifying checkpoint.
2017-11-21 21:10:23 INFO     [Replica:b2404#Node2] Checkpoint verification success.
2017-11-21 21:10:23 INFO     [Replica:b2404#Node2] Truncating the history till slot : 7
2017-11-21 21:10:23 INFO     [Replica:b2404#Node2] Saving the checkpoint information.
2017-11-21 21:10:23 INFO     [Replica:69404#Node1] Verifying result_proof_reverse_direction
2017-11-21 21:10:23 INFO     [Client:0d003#Node0] Valid t+1 found.
2017-11-21 21:10:23 INFO     [Client:0d003#Node0] Verification of result for msg 9844cd98-b312-4534-8185-5b46c7096940 succesful.
2017-11-21 21:10:23 INFO     [Client:0d003#Node0] Result verified for msg 9844cd98-b312-4534-8185-5b46c7096940 and the result is : OK
2017-11-21 21:10:23 INFO     [Replica:0d004#Node0] Verifying result_proof_reverse_direction
2017-11-21 21:10:23 INFO     [Replica:69404#Node1] Verification of result_proof_reverse_direction succesful for msg 9844cd98-b312-4534-8185-5b46c7096940
2017-11-21 21:10:23 INFO     [Replica:69404#Node1] Result shuttle received for msg - 9844cd98-b312-4534-8185-5b46c7096940, caching the result.
2017-11-21 21:10:23 INFO     [Replica:0d004#Node0] Verification of result_proof_reverse_direction succesful for msg 11bd2013-ca61-40b1-9329-e0d92b0d7449
2017-11-21 21:10:23 INFO     [Replica:0d004#Node0] Result shuttle received for msg - 11bd2013-ca61-40b1-9329-e0d92b0d7449, caching the result.
2017-11-21 21:10:23 INFO     [Replica:0d004#Node0] Received data_store query from client <Client:b2403#Node2>
2017-11-21 21:10:23 INFO     [Replica:69404#Node1] Received checkpoint shuttle from <Replica:b2404#Node2>
2017-11-21 21:10:23 INFO     [Replica:69404#Node1] Verifying checkpoint.
2017-11-21 21:10:23 INFO     [Replica:69404#Node1] Checkpoint verification success.
2017-11-21 21:10:23 INFO     [Replica:69404#Node1] Truncating the history till slot : 7
2017-11-21 21:10:23 INFO     [Replica:69404#Node1] Saving the checkpoint information.
2017-11-21 21:10:23 INFO     [Replica:0d004#Node0] Sent data_store to requesting client <Client:b2403#Node2>
2017-11-21 21:10:23 INFO     [Client:b2403#Node2] head_data_store receieved from head
2017-11-21 21:10:23 INFO     [Client:b2403#Node2] verifying data store query request result from head to local data store
2017-11-21 21:10:23 INFO     [Client:b2403#Node2] Verification  of datastore succeeded.
2017-11-21 21:10:23 INFO     [Replica:0d004#Node0] Verifying result_proof_reverse_direction
2017-11-21 21:10:23 INFO     [Replica:0d004#Node0] Verification of result_proof_reverse_direction succesful for msg 9844cd98-b312-4534-8185-5b46c7096940
2017-11-21 21:10:23 INFO     [Replica:0d004#Node0] Result shuttle received for msg - 9844cd98-b312-4534-8185-5b46c7096940, caching the result.
2017-11-21 21:10:23 INFO     [Replica:0d004#Node0] Received checkpoint shuttle from <Replica:69404#Node1>
2017-11-21 21:10:23 INFO     [Replica:0d004#Node0] Verifying checkpoint.
2017-11-21 21:10:23 INFO     [Replica:0d004#Node0] Checkpoint verification success.
2017-11-21 21:10:23 INFO     [Replica:0d004#Node0] Truncating the history till slot : 7
2017-11-21 21:10:23 INFO     [Replica:0d004#Node0] Saving the checkpoint information.
2017-11-21 21:10:24 INFO     [Client:69403#Node1] 26800fde-5a96-4c75-a818-4d8769118935 Re-transmitting
2017-11-21 21:10:24 INFO     [Client:69403#Node1] sending retransmission request to replica <Replica:0d004#Node0> for msgID : 26800fde-5a96-4c75-a818-4d8769118935
2017-11-21 21:10:24 INFO     [Client:69403#Node1] sending retransmission request to replica <Replica:69404#Node1> for msgID : 26800fde-5a96-4c75-a818-4d8769118935
2017-11-21 21:10:24 INFO     [Replica:0d004#Node0] Head has not seen the message at all.
2017-11-21 21:10:24 INFO     [Replica:0d004#Node0] Starting retransmission timer and starting order shuttle down the chain for msg26800fde-5a96-4c75-a818-4d8769118935
2017-11-21 21:10:24 INFO     [Client:69403#Node1] sending retransmission request to replica <Replica:b2404#Node2> for msgID : 26800fde-5a96-4c75-a818-4d8769118935
2017-11-21 21:10:24 INFO     [Replica:0d004#Node0] slot number : 9
2017-11-21 21:10:24 INFO     [Replica:69404#Node1] Starting retransmission timer and sending request to head for msg 26800fde-5a96-4c75-a818-4d8769118935
2017-11-21 21:10:24 INFO     [Replica:b2404#Node2] Starting retransmission timer and sending request to head for msg 26800fde-5a96-4c75-a818-4d8769118935
2017-11-21 21:10:24 INFO     [Replica:0d004#Node0] Hashing the result and signing the statments for msg 26800fde-5a96-4c75-a818-4d8769118935
2017-11-21 21:10:24 INFO     [Replica:0d004#Node0] Forwarding the shuttle with signed stmnts for msg 26800fde-5a96-4c75-a818-4d8769118935 to <Replica:69404#Node1>
2017-11-21 21:10:24 INFO     [Replica:69404#Node1] Received shuttle from <Replica:0d004#Node0> for msg 26800fde-5a96-4c75-a818-4d8769118935
2017-11-21 21:10:24 INFO     [Replica:69404#Node1] Hashing the result and signing the statments for msg 26800fde-5a96-4c75-a818-4d8769118935
2017-11-21 21:10:24 INFO     [Replica:69404#Node1] Verifying order_proof
2017-11-21 21:10:24 INFO     [Replica:69404#Node1] Verification of order_proof succesful for msg 26800fde-5a96-4c75-a818-4d8769118935
2017-11-21 21:10:24 INFO     [Replica:69404#Node1] Verifying result_proof
2017-11-21 21:10:24 INFO     [Replica:69404#Node1] Verification of result_proof succesful for msg 26800fde-5a96-4c75-a818-4d8769118935
2017-11-21 21:10:24 INFO     [Replica:69404#Node1] Forwarding the shuttle with signed stmts to <Replica:b2404#Node2> for msg 26800fde-5a96-4c75-a818-4d8769118935
2017-11-21 21:10:24 INFO     [Replica:b2404#Node2] Received shuttle from <Replica:69404#Node1> for msg 26800fde-5a96-4c75-a818-4d8769118935
2017-11-21 21:10:24 INFO     [Replica:b2404#Node2] Hashing the result and signing the statments for msg 26800fde-5a96-4c75-a818-4d8769118935
2017-11-21 21:10:24 INFO     [Replica:b2404#Node2] Verifying order_proof
2017-11-21 21:10:24 INFO     [Replica:b2404#Node2] Verification of order_proof succesful for msg 26800fde-5a96-4c75-a818-4d8769118935
2017-11-21 21:10:24 INFO     [Replica:b2404#Node2] Verifying result_proof
2017-11-21 21:10:24 INFO     [Replica:b2404#Node2] Verification of result_proof succesful for msg 26800fde-5a96-4c75-a818-4d8769118935
2017-11-21 21:10:24 INFO     [Replica:b2404#Node2] Result received for retransmission of msg 26800fde-5a96-4c75-a818-4d8769118935, sending this to client before caching it
2017-11-21 21:10:24 INFO     [Replica:b2404#Node2] Datastore before sending to client : {'movie2': ['pulp'], 'jedi': ['luke skywalker'], 'movie': ['star', 'wars']}
2017-11-21 21:10:24 INFO     [Replica:b2404#Node2] Sending result to client <Client:69403#Node1> for msg 26800fde-5a96-4c75-a818-4d8769118935
2017-11-21 21:10:24 INFO     [Client:69403#Node1] Received a succesfull retransmission result from <Replica:b2404#Node2> for msg : 26800fde-5a96-4c75-a818-4d8769118935
2017-11-21 21:10:24 INFO     [Client:69403#Node1] Verifying result for msg 26800fde-5a96-4c75-a818-4d8769118935
2017-11-21 21:10:24 INFO     [Replica:69404#Node1] Verifying result_proof_reverse_direction
2017-11-21 21:10:24 INFO     [Client:69403#Node1] Valid t+1 found.
2017-11-21 21:10:24 INFO     [Client:69403#Node1] Verification of result for msg 26800fde-5a96-4c75-a818-4d8769118935 succesful.
2017-11-21 21:10:24 INFO     [Client:69403#Node1] Retransmission result : OK
2017-11-21 21:10:24 INFO     [Client:69403#Node1] sending operation request to<Replica:0d004#Node0> with msgID : ba223210-f714-48ac-8a16-ea69e8d2e37f operation : {put(movie2,pulp)}
2017-11-21 21:10:24 INFO     [Replica:69404#Node1] Verification of result_proof_reverse_direction succesful for msg 26800fde-5a96-4c75-a818-4d8769118935
2017-11-21 21:10:24 INFO     [Replica:69404#Node1] Result shuttle received for msg - 26800fde-5a96-4c75-a818-4d8769118935, caching the result.
2017-11-21 21:10:24 INFO     [Replica:69404#Node1] Result received for retransmission for msg 26800fde-5a96-4c75-a818-4d8769118935, sending this to client before caching it
2017-11-21 21:10:24 INFO     [Replica:0d004#Node0] Received operation {put(movie2,pulp)} with msg id ba223210-f714-48ac-8a16-ea69e8d2e37f
2017-11-21 21:10:24 INFO     [Replica:0d004#Node0] slot number : 10
2017-11-21 21:10:24 INFO     [Replica:0d004#Node0] Hashing the result and signing the statments for msg ba223210-f714-48ac-8a16-ea69e8d2e37f
2017-11-21 21:10:24 INFO     [Replica:0d004#Node0] Forwarding the shuttle with signed stmnts for msg ba223210-f714-48ac-8a16-ea69e8d2e37f to <Replica:69404#Node1>
2017-11-21 21:10:24 INFO     [Replica:0d004#Node0] Checkpoint criteria satisfied.
2017-11-21 21:10:24 INFO     [Replica:0d004#Node0] Starting checkpoint shuttle.
2017-11-21 21:10:24 INFO     [Replica:0d004#Node0] Adding the hash of the datastore to the checkpoint proof
2017-11-21 21:10:24 INFO     [Replica:69404#Node1] Received shuttle from <Replica:0d004#Node0> for msg ba223210-f714-48ac-8a16-ea69e8d2e37f
2017-11-21 21:10:24 INFO     [Replica:0d004#Node0] Verifying result_proof_reverse_direction
2017-11-21 21:10:24 INFO     [Replica:69404#Node1] Hashing the result and signing the statments for msg ba223210-f714-48ac-8a16-ea69e8d2e37f
2017-11-21 21:10:24 INFO     [Replica:69404#Node1] Verifying order_proof
2017-11-21 21:10:24 INFO     [Replica:0d004#Node0] Verification of result_proof_reverse_direction succesful for msg 26800fde-5a96-4c75-a818-4d8769118935
2017-11-21 21:10:24 INFO     [Replica:0d004#Node0] Result shuttle received for msg - 26800fde-5a96-4c75-a818-4d8769118935, caching the result.
2017-11-21 21:10:24 INFO     [Replica:0d004#Node0] Result received for retransmission for msg 26800fde-5a96-4c75-a818-4d8769118935, sending this to client before caching it
2017-11-21 21:10:24 INFO     [Replica:69404#Node1] Verification of order_proof succesful for msg ba223210-f714-48ac-8a16-ea69e8d2e37f
2017-11-21 21:10:24 INFO     [Replica:69404#Node1] Verifying result_proof
2017-11-21 21:10:24 INFO     [Replica:69404#Node1] Verification of result_proof succesful for msg ba223210-f714-48ac-8a16-ea69e8d2e37f
2017-11-21 21:10:24 INFO     [Replica:69404#Node1] Forwarding the shuttle with signed stmts to <Replica:b2404#Node2> for msg ba223210-f714-48ac-8a16-ea69e8d2e37f
2017-11-21 21:10:24 INFO     [Replica:69404#Node1] Received checkpoint shuttle from <Replica:0d004#Node0>
2017-11-21 21:10:24 INFO     [Replica:69404#Node1] Adding the hash of the datastore to the checkpoint proof
2017-11-21 21:10:24 INFO     [Replica:b2404#Node2] Received shuttle from <Replica:69404#Node1> for msg ba223210-f714-48ac-8a16-ea69e8d2e37f
2017-11-21 21:10:24 INFO     [Replica:b2404#Node2] Hashing the result and signing the statments for msg ba223210-f714-48ac-8a16-ea69e8d2e37f
2017-11-21 21:10:24 INFO     [Replica:b2404#Node2] Verifying order_proof
2017-11-21 21:10:24 INFO     [Replica:b2404#Node2] Verification of order_proof succesful for msg ba223210-f714-48ac-8a16-ea69e8d2e37f
2017-11-21 21:10:24 INFO     [Replica:b2404#Node2] Verifying result_proof
2017-11-21 21:10:24 INFO     [Replica:b2404#Node2] Verification of result_proof succesful for msg ba223210-f714-48ac-8a16-ea69e8d2e37f
2017-11-21 21:10:24 INFO     [Replica:b2404#Node2] Datastore before sending to client : {'movie2': ['pulp'], 'jedi': ['luke skywalker'], 'movie': ['star', 'wars']}
2017-11-21 21:10:24 INFO     [Replica:b2404#Node2] Sending result to client <Client:69403#Node1> for msg ba223210-f714-48ac-8a16-ea69e8d2e37f
2017-11-21 21:10:24 INFO     [Replica:b2404#Node2] Received checkpoint shuttle from <Replica:69404#Node1>
2017-11-21 21:10:24 INFO     [Replica:b2404#Node2] Adding the hash of the datastore to the checkpoint proof
2017-11-21 21:10:24 INFO     [Replica:b2404#Node2] Verifying checkpoint.
2017-11-21 21:10:24 INFO     [Replica:b2404#Node2] Checkpoint verification success.
2017-11-21 21:10:24 INFO     [Client:69403#Node1] Received result for msg ba223210-f714-48ac-8a16-ea69e8d2e37f
2017-11-21 21:10:24 INFO     [Replica:b2404#Node2] Truncating the history till slot : 9
2017-11-21 21:10:24 INFO     [Replica:b2404#Node2] Saving the checkpoint information.
2017-11-21 21:10:24 INFO     [Client:69403#Node1] Verifying result for msg ba223210-f714-48ac-8a16-ea69e8d2e37f
2017-11-21 21:10:24 INFO     [Client:69403#Node1] Valid t+1 found.
2017-11-21 21:10:24 INFO     [Client:69403#Node1] Verification of result for msg ba223210-f714-48ac-8a16-ea69e8d2e37f succesful.
2017-11-21 21:10:24 INFO     [Client:69403#Node1] Result verified for msg ba223210-f714-48ac-8a16-ea69e8d2e37f and the result is : OK
2017-11-21 21:10:24 INFO     [Replica:69404#Node1] Verifying result_proof_reverse_direction
2017-11-21 21:10:24 INFO     [Replica:69404#Node1] Verification of result_proof_reverse_direction succesful for msg ba223210-f714-48ac-8a16-ea69e8d2e37f
2017-11-21 21:10:24 INFO     [Replica:69404#Node1] Result shuttle received for msg - ba223210-f714-48ac-8a16-ea69e8d2e37f, caching the result.
2017-11-21 21:10:24 INFO     [Replica:69404#Node1] Received checkpoint shuttle from <Replica:b2404#Node2>
2017-11-21 21:10:24 INFO     [Replica:69404#Node1] Verifying checkpoint.
2017-11-21 21:10:24 INFO     [Replica:0d004#Node0] Verifying result_proof_reverse_direction
2017-11-21 21:10:24 INFO     [Replica:69404#Node1] Checkpoint verification success.
2017-11-21 21:10:24 INFO     [Replica:69404#Node1] Truncating the history till slot : 9
2017-11-21 21:10:24 INFO     [Replica:69404#Node1] Saving the checkpoint information.
2017-11-21 21:10:24 INFO     [Replica:0d004#Node0] Verification of result_proof_reverse_direction succesful for msg ba223210-f714-48ac-8a16-ea69e8d2e37f
2017-11-21 21:10:24 INFO     [Replica:0d004#Node0] Result shuttle received for msg - ba223210-f714-48ac-8a16-ea69e8d2e37f, caching the result.
2017-11-21 21:10:24 INFO     [Replica:0d004#Node0] Received checkpoint shuttle from <Replica:69404#Node1>
2017-11-21 21:10:24 INFO     [Replica:0d004#Node0] Verifying checkpoint.
2017-11-21 21:10:24 INFO     [Replica:0d004#Node0] Checkpoint verification success.
2017-11-21 21:10:24 INFO     [Replica:0d004#Node0] Truncating the history till slot : 9
2017-11-21 21:10:24 INFO     [Replica:0d004#Node0] Saving the checkpoint information.
2017-11-21 21:10:24 INFO     [Client:0d003#Node0] sending operation request to<Replica:0d004#Node0> with msgID : b7c2ee47-f3e8-4b25-9f53-7c06a4e3dae6 operation : {get(None,movie)}
2017-11-21 21:10:24 INFO     [Replica:0d004#Node0] Received operation {get(movie)} with msg id b7c2ee47-f3e8-4b25-9f53-7c06a4e3dae6
2017-11-21 21:10:24 INFO     [Replica:0d004#Node0] slot number : 11
2017-11-21 21:10:24 INFO     [Replica:0d004#Node0] Hashing the result and signing the statments for msg b7c2ee47-f3e8-4b25-9f53-7c06a4e3dae6
2017-11-21 21:10:24 INFO     [Replica:0d004#Node0] Forwarding the shuttle with signed stmnts for msg b7c2ee47-f3e8-4b25-9f53-7c06a4e3dae6 to <Replica:69404#Node1>
2017-11-21 21:10:24 INFO     [Replica:69404#Node1] Received shuttle from <Replica:0d004#Node0> for msg b7c2ee47-f3e8-4b25-9f53-7c06a4e3dae6
2017-11-21 21:10:24 INFO     [Replica:69404#Node1] Hashing the result and signing the statments for msg b7c2ee47-f3e8-4b25-9f53-7c06a4e3dae6
2017-11-21 21:10:24 INFO     [Replica:69404#Node1] Verifying order_proof
2017-11-21 21:10:24 INFO     [Replica:69404#Node1] Verification of order_proof succesful for msg b7c2ee47-f3e8-4b25-9f53-7c06a4e3dae6
2017-11-21 21:10:24 INFO     [Replica:69404#Node1] Verifying result_proof
2017-11-21 21:10:24 INFO     [Replica:69404#Node1] Verification of result_proof succesful for msg b7c2ee47-f3e8-4b25-9f53-7c06a4e3dae6
2017-11-21 21:10:24 INFO     [Replica:69404#Node1] Forwarding the shuttle with signed stmts to <Replica:b2404#Node2> for msg b7c2ee47-f3e8-4b25-9f53-7c06a4e3dae6
2017-11-21 21:10:24 INFO     [Replica:b2404#Node2] Received shuttle from <Replica:69404#Node1> for msg b7c2ee47-f3e8-4b25-9f53-7c06a4e3dae6
2017-11-21 21:10:24 INFO     [Replica:b2404#Node2] Hashing the result and signing the statments for msg b7c2ee47-f3e8-4b25-9f53-7c06a4e3dae6
2017-11-21 21:10:24 INFO     [Replica:b2404#Node2] Verifying order_proof
2017-11-21 21:10:24 INFO     [Replica:b2404#Node2] Verification of order_proof succesful for msg b7c2ee47-f3e8-4b25-9f53-7c06a4e3dae6
2017-11-21 21:10:24 INFO     [Replica:b2404#Node2] Verifying result_proof
2017-11-21 21:10:24 INFO     [Replica:b2404#Node2] Verification of result_proof succesful for msg b7c2ee47-f3e8-4b25-9f53-7c06a4e3dae6
2017-11-21 21:10:24 INFO     [Replica:b2404#Node2] Datastore before sending to client : {'movie2': ['pulp'], 'jedi': ['luke skywalker'], 'movie': ['star', 'wars']}
2017-11-21 21:10:24 INFO     [Replica:b2404#Node2] Sending result to client <Client:0d003#Node0> for msg b7c2ee47-f3e8-4b25-9f53-7c06a4e3dae6
2017-11-21 21:10:24 INFO     [Client:0d003#Node0] Received result for msg b7c2ee47-f3e8-4b25-9f53-7c06a4e3dae6
2017-11-21 21:10:24 INFO     [Client:0d003#Node0] Verifying result for msg b7c2ee47-f3e8-4b25-9f53-7c06a4e3dae6
2017-11-21 21:10:24 INFO     [Replica:69404#Node1] Verifying result_proof_reverse_direction
2017-11-21 21:10:24 INFO     [Client:0d003#Node0] Valid t+1 found.
2017-11-21 21:10:24 INFO     [Client:0d003#Node0] Verification of result for msg b7c2ee47-f3e8-4b25-9f53-7c06a4e3dae6 succesful.
2017-11-21 21:10:24 INFO     [Client:0d003#Node0] Result verified for msg b7c2ee47-f3e8-4b25-9f53-7c06a4e3dae6 and the result is : ['star', 'wars']
2017-11-21 21:10:24 INFO     [Client:0d003#Node0] sending data store query request to head
2017-11-21 21:10:24 INFO     [Replica:69404#Node1] Verification of result_proof_reverse_direction succesful for msg b7c2ee47-f3e8-4b25-9f53-7c06a4e3dae6
2017-11-21 21:10:24 INFO     [Replica:69404#Node1] Result shuttle received for msg - b7c2ee47-f3e8-4b25-9f53-7c06a4e3dae6, caching the result.
2017-11-21 21:10:24 INFO     [Replica:0d004#Node0] Received data_store query from client <Client:0d003#Node0>
2017-11-21 21:10:24 INFO     [Replica:0d004#Node0] Sent data_store to requesting client <Client:0d003#Node0>
2017-11-21 21:10:24 INFO     [Client:0d003#Node0] head_data_store receieved from head
2017-11-21 21:10:24 INFO     [Client:0d003#Node0] verifying data store query request result from head to local data store
2017-11-21 21:10:24 INFO     [Client:0d003#Node0] Verification  of datastore succeeded.
2017-11-21 21:10:24 INFO     [Replica:0d004#Node0] Verifying result_proof_reverse_direction
2017-11-21 21:10:24 INFO     [Replica:0d004#Node0] Verification of result_proof_reverse_direction succesful for msg b7c2ee47-f3e8-4b25-9f53-7c06a4e3dae6
2017-11-21 21:10:24 INFO     [Replica:0d004#Node0] Result shuttle received for msg - b7c2ee47-f3e8-4b25-9f53-7c06a4e3dae6, caching the result.
2017-11-21 21:10:25 INFO     [Client:69403#Node1] sending operation request to<Replica:0d004#Node0> with msgID : c79c47d3-0427-4981-8552-565d2b5adc64 operation : {append(movie4,bill)}
2017-11-21 21:10:25 INFO     [Replica:0d004#Node0] Received operation {append(movie4,bill)} with msg id c79c47d3-0427-4981-8552-565d2b5adc64
2017-11-21 21:10:25 INFO     [Replica:0d004#Node0] slot number : 12
2017-11-21 21:10:25 INFO     [Replica:0d004#Node0] Hashing the result and signing the statments for msg c79c47d3-0427-4981-8552-565d2b5adc64
2017-11-21 21:10:25 INFO     [Replica:0d004#Node0] Forwarding the shuttle with signed stmnts for msg c79c47d3-0427-4981-8552-565d2b5adc64 to <Replica:69404#Node1>
2017-11-21 21:10:25 INFO     [Replica:0d004#Node0] Checkpoint criteria satisfied.
2017-11-21 21:10:25 INFO     [Replica:0d004#Node0] Starting checkpoint shuttle.
2017-11-21 21:10:25 INFO     [Replica:0d004#Node0] Adding the hash of the datastore to the checkpoint proof
2017-11-21 21:10:25 INFO     [Replica:69404#Node1] Received shuttle from <Replica:0d004#Node0> for msg c79c47d3-0427-4981-8552-565d2b5adc64
2017-11-21 21:10:25 INFO     [Replica:69404#Node1] Hashing the result and signing the statments for msg c79c47d3-0427-4981-8552-565d2b5adc64
2017-11-21 21:10:25 INFO     [Replica:69404#Node1] Verifying order_proof
2017-11-21 21:10:25 INFO     [Replica:69404#Node1] Verification of order_proof succesful for msg c79c47d3-0427-4981-8552-565d2b5adc64
2017-11-21 21:10:25 INFO     [Replica:69404#Node1] Verifying result_proof
2017-11-21 21:10:25 INFO     [Replica:69404#Node1] Verification of result_proof succesful for msg c79c47d3-0427-4981-8552-565d2b5adc64
2017-11-21 21:10:25 INFO     [Replica:69404#Node1] Forwarding the shuttle with signed stmts to <Replica:b2404#Node2> for msg c79c47d3-0427-4981-8552-565d2b5adc64
2017-11-21 21:10:25 INFO     [Replica:69404#Node1] Received checkpoint shuttle from <Replica:0d004#Node0>
2017-11-21 21:10:25 INFO     [Replica:69404#Node1] Adding the hash of the datastore to the checkpoint proof
2017-11-21 21:10:25 INFO     [Replica:b2404#Node2] Received shuttle from <Replica:69404#Node1> for msg c79c47d3-0427-4981-8552-565d2b5adc64
2017-11-21 21:10:25 INFO     [Replica:b2404#Node2] Hashing the result and signing the statments for msg c79c47d3-0427-4981-8552-565d2b5adc64
2017-11-21 21:10:25 INFO     [Replica:b2404#Node2] Verifying order_proof
2017-11-21 21:10:25 INFO     [Replica:b2404#Node2] Verification of order_proof succesful for msg c79c47d3-0427-4981-8552-565d2b5adc64
2017-11-21 21:10:25 INFO     [Replica:b2404#Node2] Verifying result_proof
2017-11-21 21:10:25 INFO     [Replica:b2404#Node2] Verification of result_proof succesful for msg c79c47d3-0427-4981-8552-565d2b5adc64
2017-11-21 21:10:25 INFO     [Replica:b2404#Node2] Datastore before sending to client : {'movie2': ['pulp'], 'jedi': ['luke skywalker'], 'movie': ['star', 'wars']}
2017-11-21 21:10:25 INFO     [Replica:b2404#Node2] Sending result to client <Client:69403#Node1> for msg c79c47d3-0427-4981-8552-565d2b5adc64
2017-11-21 21:10:25 INFO     [Replica:b2404#Node2] Received checkpoint shuttle from <Replica:69404#Node1>
2017-11-21 21:10:25 INFO     [Client:69403#Node1] Received result for msg c79c47d3-0427-4981-8552-565d2b5adc64
2017-11-21 21:10:25 INFO     [Replica:b2404#Node2] Adding the hash of the datastore to the checkpoint proof
2017-11-21 21:10:25 INFO     [Replica:b2404#Node2] Verifying checkpoint.
2017-11-21 21:10:25 INFO     [Replica:b2404#Node2] Checkpoint verification success.
2017-11-21 21:10:25 INFO     [Client:69403#Node1] Verifying result for msg c79c47d3-0427-4981-8552-565d2b5adc64
2017-11-21 21:10:25 INFO     [Replica:b2404#Node2] Truncating the history till slot : 11
2017-11-21 21:10:25 INFO     [Replica:b2404#Node2] Saving the checkpoint information.
2017-11-21 21:10:25 INFO     [Replica:69404#Node1] Verifying result_proof_reverse_direction
2017-11-21 21:10:25 INFO     [Client:69403#Node1] Valid t+1 found.
2017-11-21 21:10:25 INFO     [Client:69403#Node1] Verification of result for msg c79c47d3-0427-4981-8552-565d2b5adc64 succesful.
2017-11-21 21:10:25 INFO     [Client:69403#Node1] Result verified for msg c79c47d3-0427-4981-8552-565d2b5adc64 and the result is : FAIL
2017-11-21 21:10:25 INFO     [Replica:69404#Node1] Verification of result_proof_reverse_direction succesful for msg c79c47d3-0427-4981-8552-565d2b5adc64
2017-11-21 21:10:25 INFO     [Client:69403#Node1] sending data store query request to head
2017-11-21 21:10:25 INFO     [Replica:69404#Node1] Result shuttle received for msg - c79c47d3-0427-4981-8552-565d2b5adc64, caching the result.
2017-11-21 21:10:25 INFO     [Replica:69404#Node1] Received checkpoint shuttle from <Replica:b2404#Node2>
2017-11-21 21:10:25 INFO     [Replica:69404#Node1] Verifying checkpoint.
2017-11-21 21:10:25 INFO     [Replica:69404#Node1] Checkpoint verification success.
2017-11-21 21:10:25 INFO     [Replica:0d004#Node0] Received data_store query from client <Client:69403#Node1>
2017-11-21 21:10:25 INFO     [Replica:69404#Node1] Truncating the history till slot : 11
2017-11-21 21:10:25 INFO     [Replica:69404#Node1] Saving the checkpoint information.
2017-11-21 21:10:25 INFO     [Replica:0d004#Node0] Sent data_store to requesting client <Client:69403#Node1>
2017-11-21 21:10:25 INFO     [Client:69403#Node1] head_data_store receieved from head
2017-11-21 21:10:25 INFO     [Client:69403#Node1] verifying data store query request result from head to local data store
2017-11-21 21:10:25 INFO     [Client:69403#Node1] Verification  of datastore succeeded.
2017-11-21 21:10:25 INFO     [Replica:0d004#Node0] Verifying result_proof_reverse_direction
2017-11-21 21:10:25 INFO     [Replica:0d004#Node0] Verification of result_proof_reverse_direction succesful for msg c79c47d3-0427-4981-8552-565d2b5adc64
2017-11-21 21:10:25 INFO     [Replica:0d004#Node0] Result shuttle received for msg - c79c47d3-0427-4981-8552-565d2b5adc64, caching the result.
2017-11-21 21:10:25 INFO     [Replica:0d004#Node0] Received checkpoint shuttle from <Replica:69404#Node1>
2017-11-21 21:10:25 INFO     [Replica:0d004#Node0] Verifying checkpoint.
2017-11-21 21:10:25 INFO     [Replica:0d004#Node0] Checkpoint verification success.
2017-11-21 21:10:25 INFO     [Replica:0d004#Node0] Truncating the history till slot : 11
2017-11-21 21:10:25 INFO     [Replica:0d004#Node0] Saving the checkpoint information.
