2017-11-21 20:00:20 INFO     [MAIN] Using custom config : ../config/testing.config
2017-11-21 20:00:20 INFO     INIT_CONFIG: {'client_hosts': '1;0;2', 'workload[1]': "put('movie','star');slice('movie','0:4');append('movie',' wars');get('movie')", 'workload[2]': "put('jedi','luke skywalker');slice('jedi','0:4'); get('jedi')", 'test_case_name': 'test_signature', 'workload[0]': 'pseudorandom(233,5)', 'failures[1,2]': 'result_shuttle(2,2),invalid_result_sig()', 'replica_hosts': '0;1;2', 'failures[0,1]': 'client_request(1,2),invalid_order_sig()', 'num_client': '3', 'hosts': 'localhost; 192.168.0.3; 192.168.0.4', 'nonhead_timeout': '10', 'head_timeout': '10', 'client_timeout': '10', 't': '1'}
2017-11-21 20:00:20 INFO     [MAIN] Initializing olympus
2017-11-21 20:00:20 INFO     [OLYMPUS] Olympus setup complete, assigned ID :8e54abfd-00e5-4e91-b3bb-427766318f44
2017-11-21 20:00:20 INFO     [OLYMPUS] Running test case : test_signature
2017-11-21 20:00:20 INFO     [OLYMPUS] Creating new replicas.
2017-11-21 20:00:20 INFO     [MAIN] Initializing clients
2017-11-21 20:00:22 INFO     [OLYMPUS] Generating signing and verification keys.
2017-11-21 20:00:22 INFO     [OLYMPUS] Head is <Replica:e2802#Node0>
2017-11-21 20:00:22 INFO     [Replica:e2802#Node0] Setup complete
2017-11-21 20:00:22 INFO     [Replica:33803#Node1] Setup complete
2017-11-21 20:00:22 INFO     [MAIN] Generating Random Workload
2017-11-21 20:00:22 INFO     [MAIN] Populating Random Workload Operations
2017-11-21 20:00:22 INFO     [OLYMPUS] Tail is <Replica:9d402#Node2>
2017-11-21 20:00:22 INFO     [Client:33802#Node1] Setup complete
2017-11-21 20:00:22 INFO     [Replica:9d402#Node2] Setup complete
2017-11-21 20:00:22 INFO     [OLYMPUS] Chain---> <Replica:e2802#Node0>--><Replica:33803#Node1>--><Replica:9d402#Node2>-->
2017-11-21 20:00:22 INFO     [OLYMPUS] CURRENT CONFIG : 4b3d7e86-91e7-44cb-a570-9de0bcc8637b
2017-11-21 20:00:22 INFO     [Client:33802#Node1] Waiting till we receive all replica details from olympus
2017-11-21 20:00:22 INFO     [OLYMPUS] Received request to register client : <Client:33802#Node1>
2017-11-21 20:00:22 INFO     [OLYMPUS] Sending replica details to client <Client:33802#Node1>
2017-11-21 20:00:22 INFO     [Client:e2803#Node0] Setup complete
2017-11-21 20:00:22 INFO     [Client:33802#Node1] Received replica details from olympus
2017-11-21 20:00:22 INFO     [Client:e2803#Node0] Waiting till we receive all replica details from olympus
2017-11-21 20:00:22 INFO     [OLYMPUS] Received request to register client : <Client:e2803#Node0>
2017-11-21 20:00:22 INFO     [OLYMPUS] Sending replica details to client <Client:e2803#Node0>
2017-11-21 20:00:22 INFO     [Client:e2803#Node0] Received replica details from olympus
2017-11-21 20:00:22 INFO     [Client:9d403#Node2] Setup complete
2017-11-21 20:00:22 INFO     [Client:9d403#Node2] Waiting till we receive all replica details from olympus
2017-11-21 20:00:22 INFO     [OLYMPUS] Received request to register client : <Client:9d403#Node2>
2017-11-21 20:00:22 INFO     [OLYMPUS] Sending replica details to client <Client:9d403#Node2>
2017-11-21 20:00:22 INFO     [Client:9d403#Node2] Received replica details from olympus
2017-11-21 20:00:22 INFO     [Replica:e2802#Node0] Received client information
2017-11-21 20:00:22 INFO     [Replica:33803#Node1] Received client information
2017-11-21 20:00:22 INFO     [Replica:e2802#Node0] Olympus info registered : <Olympus:8b802#Node>
2017-11-21 20:00:22 INFO     [Replica:33803#Node1] Olympus info registered : <Olympus:8b802#Node>
2017-11-21 20:00:22 INFO     [Replica:9d402#Node2] Received client information
2017-11-21 20:00:22 INFO     [Client:33802#Node1]  Current active config : 4b3d7e86-91e7-44cb-a570-9de0bcc8637b
2017-11-21 20:00:22 INFO     [Replica:9d402#Node2] Olympus info registered : <Olympus:8b802#Node>
2017-11-21 20:00:22 INFO     [OLYMPUS] Sending failure config to <Replica:e2802#Node0>
2017-11-21 20:00:22 INFO     [Client:e2803#Node0]  Current active config : 4b3d7e86-91e7-44cb-a570-9de0bcc8637b
2017-11-21 20:00:22 INFO     [Client:9d403#Node2]  Current active config : 4b3d7e86-91e7-44cb-a570-9de0bcc8637b
2017-11-21 20:00:22 INFO     [Replica:e2802#Node0] Received failure config from olympus
2017-11-21 20:00:23 INFO     [Client:33802#Node1] sending operation request to<Replica:e2802#Node0> with msgID : 07315b11-0a0c-44c1-b8bf-9f3107a70d61 operation : {get(None,movie1)}
2017-11-21 20:00:23 INFO     [Client:e2803#Node0] sending operation request to<Replica:e2802#Node0> with msgID : ad50a403-2875-4633-a1aa-b7c187ceb774 operation : {put(movie,star)}
2017-11-21 20:00:23 INFO     [Replica:e2802#Node0] Received operation {get(movie1)} with msg id 07315b11-0a0c-44c1-b8bf-9f3107a70d61
2017-11-21 20:00:23 INFO     [Client:9d403#Node2] sending operation request to<Replica:e2802#Node0> with msgID : 743afbb8-6877-443d-a499-2c73a30e20c8 operation : {put(jedi,luke skywalker)}
2017-11-21 20:00:23 INFO     [Replica:e2802#Node0] slot number : 1
2017-11-21 20:00:23 INFO     [Replica:e2802#Node0] checking if failure injection criteria is satisfied for msg 07315b11-0a0c-44c1-b8bf-9f3107a70d61
2017-11-21 20:00:23 INFO     [Replica:e2802#Node0] Hashing the result and signing the statments for msg 07315b11-0a0c-44c1-b8bf-9f3107a70d61
2017-11-21 20:00:23 INFO     [Replica:e2802#Node0] Forwarding the shuttle with signed stmnts for msg 07315b11-0a0c-44c1-b8bf-9f3107a70d61 to <Replica:33803#Node1>
2017-11-21 20:00:23 INFO     [Replica:e2802#Node0] Received operation {put(movie,star)} with msg id ad50a403-2875-4633-a1aa-b7c187ceb774
2017-11-21 20:00:23 INFO     [Replica:e2802#Node0] slot number : 2
2017-11-21 20:00:23 INFO     [Replica:33803#Node1] Received shuttle from <Replica:e2802#Node0> for msg 07315b11-0a0c-44c1-b8bf-9f3107a70d61
2017-11-21 20:00:23 INFO     [Replica:33803#Node1] Hashing the result and signing the statments for msg 07315b11-0a0c-44c1-b8bf-9f3107a70d61
2017-11-21 20:00:23 INFO     [Replica:e2802#Node0] checking if failure injection criteria is satisfied for msg ad50a403-2875-4633-a1aa-b7c187ceb774
2017-11-21 20:00:23 INFO     [Replica:e2802#Node0] Hashing the result and signing the statments for msg ad50a403-2875-4633-a1aa-b7c187ceb774
2017-11-21 20:00:23 INFO     [Replica:e2802#Node0] Forwarding the shuttle with signed stmnts for msg ad50a403-2875-4633-a1aa-b7c187ceb774 to <Replica:33803#Node1>
2017-11-21 20:00:23 INFO     [Replica:33803#Node1] Verifying order_proof
2017-11-21 20:00:23 INFO     [Replica:33803#Node1] Verification of order_proof succesful for msg 07315b11-0a0c-44c1-b8bf-9f3107a70d61
2017-11-21 20:00:23 INFO     [Replica:e2802#Node0] Received operation {put(jedi,luke skywalker)} with msg id 743afbb8-6877-443d-a499-2c73a30e20c8
2017-11-21 20:00:23 INFO     [Replica:e2802#Node0] slot number : 3
2017-11-21 20:00:23 INFO     [Replica:33803#Node1] Verifying result_proof
2017-11-21 20:00:23 INFO     [Replica:e2802#Node0] checking if failure injection criteria is satisfied for msg 743afbb8-6877-443d-a499-2c73a30e20c8
2017-11-21 20:00:23 INFO     [Replica:e2802#Node0] Hashing the result and signing the statments for msg 743afbb8-6877-443d-a499-2c73a30e20c8
2017-11-21 20:00:23 INFO     [Replica:e2802#Node0] Forwarding the shuttle with signed stmnts for msg 743afbb8-6877-443d-a499-2c73a30e20c8 to <Replica:33803#Node1>
2017-11-21 20:00:23 INFO     [Replica:33803#Node1] Verification of result_proof succesful for msg 07315b11-0a0c-44c1-b8bf-9f3107a70d61
2017-11-21 20:00:23 INFO     [Replica:33803#Node1] Forwarding the shuttle with signed stmts to <Replica:9d402#Node2> for msg 07315b11-0a0c-44c1-b8bf-9f3107a70d61
2017-11-21 20:00:23 INFO     [Replica:33803#Node1] Received shuttle from <Replica:e2802#Node0> for msg ad50a403-2875-4633-a1aa-b7c187ceb774
2017-11-21 20:00:23 INFO     [Replica:33803#Node1] Hashing the result and signing the statments for msg ad50a403-2875-4633-a1aa-b7c187ceb774
2017-11-21 20:00:23 INFO     [Replica:9d402#Node2] Received shuttle from <Replica:33803#Node1> for msg 07315b11-0a0c-44c1-b8bf-9f3107a70d61
2017-11-21 20:00:23 INFO     [Replica:9d402#Node2] Hashing the result and signing the statments for msg 07315b11-0a0c-44c1-b8bf-9f3107a70d61
2017-11-21 20:00:23 INFO     [Replica:33803#Node1] Verifying order_proof
2017-11-21 20:00:23 INFO     [Replica:9d402#Node2] Verifying order_proof
2017-11-21 20:00:23 INFO     [Replica:33803#Node1] Verification of order_proof succesful for msg ad50a403-2875-4633-a1aa-b7c187ceb774
2017-11-21 20:00:23 INFO     [Replica:33803#Node1] Verifying result_proof
2017-11-21 20:00:23 INFO     [Replica:9d402#Node2] Verification of order_proof succesful for msg 07315b11-0a0c-44c1-b8bf-9f3107a70d61
2017-11-21 20:00:23 INFO     [Replica:9d402#Node2] Verifying result_proof
2017-11-21 20:00:23 INFO     [Replica:33803#Node1] Verification of result_proof succesful for msg ad50a403-2875-4633-a1aa-b7c187ceb774
2017-11-21 20:00:23 INFO     [Replica:33803#Node1] Forwarding the shuttle with signed stmts to <Replica:9d402#Node2> for msg ad50a403-2875-4633-a1aa-b7c187ceb774
2017-11-21 20:00:23 INFO     [Replica:9d402#Node2] Verification of result_proof succesful for msg 07315b11-0a0c-44c1-b8bf-9f3107a70d61
2017-11-21 20:00:23 INFO     [Replica:9d402#Node2] Datastore before sending to client : {}
2017-11-21 20:00:23 INFO     [Replica:9d402#Node2] Sending result to client <Client:33802#Node1> for msg 07315b11-0a0c-44c1-b8bf-9f3107a70d61
2017-11-21 20:00:23 INFO     [Replica:33803#Node1] Received shuttle from <Replica:e2802#Node0> for msg 743afbb8-6877-443d-a499-2c73a30e20c8
2017-11-21 20:00:23 INFO     [Replica:33803#Node1] Hashing the result and signing the statments for msg 743afbb8-6877-443d-a499-2c73a30e20c8
2017-11-21 20:00:23 INFO     [Replica:33803#Node1] Verifying order_proof
2017-11-21 20:00:23 INFO     [Replica:33803#Node1] Verification of order_proof succesful for msg 743afbb8-6877-443d-a499-2c73a30e20c8
2017-11-21 20:00:23 INFO     [Client:33802#Node1] Received result for msg 07315b11-0a0c-44c1-b8bf-9f3107a70d61
2017-11-21 20:00:23 INFO     [Client:33802#Node1] Verifying result for msg 07315b11-0a0c-44c1-b8bf-9f3107a70d61
2017-11-21 20:00:23 INFO     [Replica:33803#Node1] Verifying result_proof
2017-11-21 20:00:23 INFO     [Replica:9d402#Node2] Received shuttle from <Replica:33803#Node1> for msg ad50a403-2875-4633-a1aa-b7c187ceb774
2017-11-21 20:00:23 INFO     [Replica:9d402#Node2] Hashing the result and signing the statments for msg ad50a403-2875-4633-a1aa-b7c187ceb774
2017-11-21 20:00:23 INFO     [Replica:33803#Node1] Verification of result_proof succesful for msg 743afbb8-6877-443d-a499-2c73a30e20c8
2017-11-21 20:00:23 INFO     [Replica:33803#Node1] Forwarding the shuttle with signed stmts to <Replica:9d402#Node2> for msg 743afbb8-6877-443d-a499-2c73a30e20c8
2017-11-21 20:00:23 INFO     [Client:33802#Node1] Valid t+1 found.
2017-11-21 20:00:23 INFO     [Replica:9d402#Node2] Verifying order_proof
2017-11-21 20:00:23 INFO     [Client:33802#Node1] Verification of result for msg 07315b11-0a0c-44c1-b8bf-9f3107a70d61 succesful.
2017-11-21 20:00:23 INFO     [Client:33802#Node1] Result verified for msg 07315b11-0a0c-44c1-b8bf-9f3107a70d61 and the result is : 
2017-11-21 20:00:23 INFO     [Replica:33803#Node1] Verifying result_proof_reverse_direction
2017-11-21 20:00:23 INFO     [Replica:9d402#Node2] Verification of order_proof succesful for msg ad50a403-2875-4633-a1aa-b7c187ceb774
2017-11-21 20:00:23 INFO     [Replica:9d402#Node2] Verifying result_proof
2017-11-21 20:00:23 INFO     [Replica:33803#Node1] Verification of result_proof_reverse_direction succesful for msg 07315b11-0a0c-44c1-b8bf-9f3107a70d61
2017-11-21 20:00:23 INFO     [Replica:33803#Node1] Result shuttle received for msg - 07315b11-0a0c-44c1-b8bf-9f3107a70d61, caching the result.
2017-11-21 20:00:23 INFO     [Replica:9d402#Node2] Verification of result_proof succesful for msg ad50a403-2875-4633-a1aa-b7c187ceb774
2017-11-21 20:00:23 INFO     [Replica:9d402#Node2] Datastore before sending to client : {'movie': ['star']}
2017-11-21 20:00:23 INFO     [Replica:9d402#Node2] Sending result to client <Client:e2803#Node0> for msg ad50a403-2875-4633-a1aa-b7c187ceb774
2017-11-21 20:00:23 INFO     [Replica:e2802#Node0] Verifying result_proof_reverse_direction
2017-11-21 20:00:23 INFO     [Client:e2803#Node0] Received result for msg ad50a403-2875-4633-a1aa-b7c187ceb774
2017-11-21 20:00:23 INFO     [Client:e2803#Node0] Verifying result for msg ad50a403-2875-4633-a1aa-b7c187ceb774
2017-11-21 20:00:23 INFO     [Replica:9d402#Node2] Received shuttle from <Replica:33803#Node1> for msg 743afbb8-6877-443d-a499-2c73a30e20c8
2017-11-21 20:00:23 INFO     [Replica:33803#Node1] Verifying result_proof_reverse_direction
2017-11-21 20:00:23 INFO     [Replica:9d402#Node2] Hashing the result and signing the statments for msg 743afbb8-6877-443d-a499-2c73a30e20c8
2017-11-21 20:00:23 INFO     [Replica:9d402#Node2] Verifying order_proof
2017-11-21 20:00:23 INFO     [Replica:e2802#Node0] Verification of result_proof_reverse_direction succesful for msg 07315b11-0a0c-44c1-b8bf-9f3107a70d61
2017-11-21 20:00:23 INFO     [Client:e2803#Node0] Valid t+1 found.
2017-11-21 20:00:23 INFO     [Replica:e2802#Node0] Result shuttle received for msg - 07315b11-0a0c-44c1-b8bf-9f3107a70d61, caching the result.
2017-11-21 20:00:23 INFO     [Client:e2803#Node0] Verification of result for msg ad50a403-2875-4633-a1aa-b7c187ceb774 succesful.
2017-11-21 20:00:23 INFO     [Replica:e2802#Node0] checking if failure injection criteria is satisfied for msg 07315b11-0a0c-44c1-b8bf-9f3107a70d61
2017-11-21 20:00:23 INFO     [Client:e2803#Node0] Result verified for msg ad50a403-2875-4633-a1aa-b7c187ceb774 and the result is : OK
2017-11-21 20:00:23 INFO     [Replica:33803#Node1] Verification of result_proof_reverse_direction succesful for msg ad50a403-2875-4633-a1aa-b7c187ceb774
2017-11-21 20:00:23 INFO     [Replica:33803#Node1] Result shuttle received for msg - ad50a403-2875-4633-a1aa-b7c187ceb774, caching the result.
2017-11-21 20:00:23 INFO     [Replica:9d402#Node2] Verification of order_proof succesful for msg 743afbb8-6877-443d-a499-2c73a30e20c8
2017-11-21 20:00:23 INFO     [Replica:9d402#Node2] Verifying result_proof
2017-11-21 20:00:23 INFO     [Replica:e2802#Node0] Verifying result_proof_reverse_direction
2017-11-21 20:00:23 INFO     [Replica:9d402#Node2] Verification of result_proof succesful for msg 743afbb8-6877-443d-a499-2c73a30e20c8
2017-11-21 20:00:23 INFO     [Replica:9d402#Node2] Datastore before sending to client : {'movie': ['star'], 'jedi': ['luke skywalker']}
2017-11-21 20:00:23 INFO     [Replica:9d402#Node2] Sending result to client <Client:9d403#Node2> for msg 743afbb8-6877-443d-a499-2c73a30e20c8
2017-11-21 20:00:23 INFO     [Replica:e2802#Node0] Verification of result_proof_reverse_direction succesful for msg ad50a403-2875-4633-a1aa-b7c187ceb774
2017-11-21 20:00:23 INFO     [Replica:e2802#Node0] Result shuttle received for msg - ad50a403-2875-4633-a1aa-b7c187ceb774, caching the result.
2017-11-21 20:00:23 INFO     [Replica:e2802#Node0] checking if failure injection criteria is satisfied for msg ad50a403-2875-4633-a1aa-b7c187ceb774
2017-11-21 20:00:23 INFO     [Client:9d403#Node2] Received result for msg 743afbb8-6877-443d-a499-2c73a30e20c8
2017-11-21 20:00:23 INFO     [Client:9d403#Node2] Verifying result for msg 743afbb8-6877-443d-a499-2c73a30e20c8
2017-11-21 20:00:23 INFO     [Replica:33803#Node1] Verifying result_proof_reverse_direction
2017-11-21 20:00:23 INFO     [Client:9d403#Node2] Valid t+1 found.
2017-11-21 20:00:23 INFO     [Client:9d403#Node2] Verification of result for msg 743afbb8-6877-443d-a499-2c73a30e20c8 succesful.
2017-11-21 20:00:23 INFO     [Client:9d403#Node2] Result verified for msg 743afbb8-6877-443d-a499-2c73a30e20c8 and the result is : OK
2017-11-21 20:00:23 INFO     [Replica:33803#Node1] Verification of result_proof_reverse_direction succesful for msg 743afbb8-6877-443d-a499-2c73a30e20c8
2017-11-21 20:00:23 INFO     [Replica:33803#Node1] Result shuttle received for msg - 743afbb8-6877-443d-a499-2c73a30e20c8, caching the result.
2017-11-21 20:00:23 INFO     [Replica:e2802#Node0] Verifying result_proof_reverse_direction
2017-11-21 20:00:23 INFO     [Replica:e2802#Node0] Verification of result_proof_reverse_direction succesful for msg 743afbb8-6877-443d-a499-2c73a30e20c8
2017-11-21 20:00:23 INFO     [Replica:e2802#Node0] Result shuttle received for msg - 743afbb8-6877-443d-a499-2c73a30e20c8, caching the result.
2017-11-21 20:00:23 INFO     [Replica:e2802#Node0] checking if failure injection criteria is satisfied for msg 743afbb8-6877-443d-a499-2c73a30e20c8
2017-11-21 20:00:24 INFO     [Client:33802#Node1] sending operation request to<Replica:e2802#Node0> with msgID : d1407106-9b15-4bfe-a686-c7382be8bb3e operation : {get(None,movie3)}
2017-11-21 20:00:24 INFO     [Replica:e2802#Node0] Received operation {get(movie3)} with msg id d1407106-9b15-4bfe-a686-c7382be8bb3e
2017-11-21 20:00:24 INFO     [Replica:e2802#Node0] slot number : 4
2017-11-21 20:00:24 INFO     [Client:e2803#Node0] sending operation request to<Replica:e2802#Node0> with msgID : f584faa8-036b-4ea1-8bd4-d20e03cf3e67 operation : {slice(movie,0:4)}
2017-11-21 20:00:24 INFO     [Replica:e2802#Node0] checking if failure injection criteria is satisfied for msg d1407106-9b15-4bfe-a686-c7382be8bb3e
2017-11-21 20:00:24 INFO     [Replica:e2802#Node0] Failure Injection condition satisfied.
2017-11-21 20:00:24 INFO     [Replica:e2802#Node0]  Performing failure operation : invalid_order_sig
2017-11-21 20:00:24 INFO     [Replica:e2802#Node0] Altering the signature.
2017-11-21 20:00:24 INFO     [Replica:e2802#Node0] Altering the signature.
2017-11-21 20:00:24 INFO     [Replica:e2802#Node0] Hashing the result and signing the statments for msg d1407106-9b15-4bfe-a686-c7382be8bb3e
2017-11-21 20:00:24 INFO     [Replica:e2802#Node0] Forwarding the shuttle with signed stmnts for msg d1407106-9b15-4bfe-a686-c7382be8bb3e to <Replica:33803#Node1>
2017-11-21 20:00:24 INFO     [Client:9d403#Node2] sending operation request to<Replica:e2802#Node0> with msgID : 310d0829-4346-4c58-b9cc-db66d26102a8 operation : {slice(jedi,0:4)}
2017-11-21 20:00:24 INFO     [Replica:33803#Node1] Received shuttle from <Replica:e2802#Node0> for msg d1407106-9b15-4bfe-a686-c7382be8bb3e
2017-11-21 20:00:24 INFO     [Replica:e2802#Node0] Received operation {slice(movie,0:4)} with msg id f584faa8-036b-4ea1-8bd4-d20e03cf3e67
2017-11-21 20:00:24 INFO     [Replica:33803#Node1] Hashing the result and signing the statments for msg d1407106-9b15-4bfe-a686-c7382be8bb3e
2017-11-21 20:00:24 INFO     [Replica:e2802#Node0] slot number : 5
2017-11-21 20:00:24 INFO     [Replica:33803#Node1] Verifying order_proof
2017-11-21 20:00:24 INFO     [Replica:e2802#Node0] checking if failure injection criteria is satisfied for msg f584faa8-036b-4ea1-8bd4-d20e03cf3e67
2017-11-21 20:00:24 ERROR    [Replica:33803#Node1] Signtaure error in the previous statement.
2017-11-21 20:00:24 INFO     [Replica:e2802#Node0] Hashing the result and signing the statments for msg f584faa8-036b-4ea1-8bd4-d20e03cf3e67
2017-11-21 20:00:24 ERROR    [Replica:33803#Node1] Order shuttle verification failed for msg d1407106-9b15-4bfe-a686-c7382be8bb3e, we need to ask olympus to reconfigure
2017-11-21 20:00:24 INFO     [Replica:e2802#Node0] Forwarding the shuttle with signed stmnts for msg f584faa8-036b-4ea1-8bd4-d20e03cf3e67 to <Replica:33803#Node1>
2017-11-21 20:00:24 INFO     [Replica:e2802#Node0] Checkpoint criteria satisfied.
2017-11-21 20:00:24 INFO     [Replica:e2802#Node0] Starting checkpoint shuttle.
2017-11-21 20:00:24 INFO     [Replica:e2802#Node0] Adding the hash of the datastore to the checkpoint proof
2017-11-21 20:00:24 INFO     [OLYMPUS] Received reconfig request from <Replica:33803#Node1>
2017-11-21 20:00:24 INFO     [OLYMPUS] Requesting wedged data and also asking replicas to become immutable.
2017-11-21 20:00:24 INFO     [Replica:33803#Node1] Received shuttle from <Replica:e2802#Node0> for msg f584faa8-036b-4ea1-8bd4-d20e03cf3e67
2017-11-21 20:00:24 INFO     [Replica:33803#Node1] Hashing the result and signing the statments for msg f584faa8-036b-4ea1-8bd4-d20e03cf3e67
2017-11-21 20:00:24 INFO     [Replica:e2802#Node0] Received operation {slice(jedi,0:4)} with msg id 310d0829-4346-4c58-b9cc-db66d26102a8
2017-11-21 20:00:24 INFO     [Replica:e2802#Node0] slot number : 6
2017-11-21 20:00:24 INFO     [Replica:33803#Node1] Verifying order_proof
2017-11-21 20:00:24 INFO     [Replica:9d402#Node2] Received reconfig command from olympus, making wedged data and sending it to olympus.
2017-11-21 20:00:24 INFO     [Replica:e2802#Node0] checking if failure injection criteria is satisfied for msg 310d0829-4346-4c58-b9cc-db66d26102a8
2017-11-21 20:00:24 INFO     [Replica:e2802#Node0] Hashing the result and signing the statments for msg 310d0829-4346-4c58-b9cc-db66d26102a8
2017-11-21 20:00:24 INFO     [Replica:e2802#Node0] Forwarding the shuttle with signed stmnts for msg 310d0829-4346-4c58-b9cc-db66d26102a8 to <Replica:33803#Node1>
2017-11-21 20:00:24 INFO     [Replica:33803#Node1] Verification of order_proof succesful for msg f584faa8-036b-4ea1-8bd4-d20e03cf3e67
2017-11-21 20:00:24 INFO     [Replica:9d402#Node2] State changed to immutable.
2017-11-21 20:00:24 INFO     [Replica:e2802#Node0] Received reconfig command from olympus, making wedged data and sending it to olympus.
2017-11-21 20:00:24 INFO     [Replica:e2802#Node0] checking if failure injection criteria is satisfied for msg wedge_request
2017-11-21 20:00:24 INFO     [Replica:e2802#Node0] State changed to immutable.
2017-11-21 20:00:24 INFO     [OLYMPUS] Received wedged data from <Replica:9d402#Node2>
2017-11-21 20:00:24 INFO     [Replica:33803#Node1] Verifying result_proof
2017-11-21 20:00:24 INFO     [OLYMPUS] Received wedged data from <Replica:e2802#Node0>
2017-11-21 20:00:24 INFO     [OLYMPUS] Received t+1 wedge responses, starts making quorums.
2017-11-21 20:00:24 INFO     [OLYMPUS] Replicas in current quorum :  (<Replica:9d402#Node2>, <Replica:e2802#Node0>)
2017-11-21 20:00:24 INFO     [OLYMPUS] Checking if checkpoint details are consistent.
2017-11-21 20:00:24 INFO     [OLYMPUS] Checkpoint is consistent.
2017-11-21 20:00:24 INFO     [OLYMPUS] Checking if history details are consistent.
2017-11-21 20:00:24 INFO     [OLYMPUS] History is consistent.
2017-11-21 20:00:24 INFO     [OLYMPUS] Valid quorum found and checking if we need to catch up the history.
2017-11-21 20:00:24 INFO     [OLYMPUS] <Replica:e2802#Node0> has more history, we need to catchup.
2017-11-21 20:00:24 INFO     [Replica:33803#Node1] Verification of result_proof succesful for msg f584faa8-036b-4ea1-8bd4-d20e03cf3e67
2017-11-21 20:00:24 INFO     [Replica:33803#Node1] Forwarding the shuttle with signed stmts to <Replica:9d402#Node2> for msg f584faa8-036b-4ea1-8bd4-d20e03cf3e67
2017-11-21 20:00:24 INFO     [Replica:33803#Node1] Received checkpoint shuttle from <Replica:e2802#Node0>
2017-11-21 20:00:24 INFO     [Replica:33803#Node1] Adding the hash of the datastore to the checkpoint proof
2017-11-21 20:00:24 INFO     [Replica:33803#Node1] Received reconfig command from olympus, making wedged data and sending it to olympus.
2017-11-21 20:00:24 INFO     [Replica:9d402#Node2] Received request to catch up.
2017-11-21 20:00:24 INFO     [Replica:9d402#Node2] Performing operation on a backup datastore
2017-11-21 20:00:24 INFO     [Replica:33803#Node1] State changed to immutable.
2017-11-21 20:00:24 INFO     [Replica:9d402#Node2] catch up successful, sending hash of datastore.
2017-11-21 20:00:24 INFO     [OLYMPUS] Received wedged data from <Replica:33803#Node1>
2017-11-21 20:00:24 INFO     [OLYMPUS] Received catch up result from <Replica:9d402#Node2>
2017-11-21 20:00:24 INFO     [OLYMPUS] Verifying if hash of all catchup is same.
2017-11-21 20:00:24 INFO     [OLYMPUS] Sending pending results to the clients.
2017-11-21 20:00:24 INFO     [Client:9d403#Node2] Received result for msg 310d0829-4346-4c58-b9cc-db66d26102a8
2017-11-21 20:00:24 INFO     [Client:9d403#Node2] Result verified for msg 310d0829-4346-4c58-b9cc-db66d26102a8 and the result is : FAIL
2017-11-21 20:00:24 INFO     [OLYMPUS] Catch up successfull, getting the running state.
2017-11-21 20:00:24 INFO     [Client:33802#Node1] Received result for msg d1407106-9b15-4bfe-a686-c7382be8bb3e
2017-11-21 20:00:24 INFO     [Client:33802#Node1] Result verified for msg d1407106-9b15-4bfe-a686-c7382be8bb3e and the result is : 
2017-11-21 20:00:24 INFO     [Client:e2803#Node0] Received result for msg f584faa8-036b-4ea1-8bd4-d20e03cf3e67
2017-11-21 20:00:24 INFO     [Replica:9d402#Node2] Received request for running state, encrypting and sending the state
2017-11-21 20:00:24 INFO     [Client:e2803#Node0] Result verified for msg f584faa8-036b-4ea1-8bd4-d20e03cf3e67 and the result is : FAIL
2017-11-21 20:00:24 INFO     [Replica:e2802#Node0] checking if failure injection criteria is satisfied for msg running_state_request
2017-11-21 20:00:24 INFO     [Replica:e2802#Node0] Received request for running state, encrypting and sending the state
2017-11-21 20:00:24 INFO     [OLYMPUS] Received running state from <Replica:9d402#Node2>
2017-11-21 20:00:24 INFO     [OLYMPUS] Received running state from <Replica:e2802#Node0>
2017-11-21 20:00:24 INFO     [OLYMPUS] Running state verified.
2017-11-21 20:00:24 INFO     [OLYMPUS] Running state : {'movie': ['star'], 'jedi': ['luke skywalker']}
2017-11-21 20:00:24 INFO     [OLYMPUS] Deleting old replicas.
2017-11-21 20:00:24 INFO     [Replica:33803#Node1] Process killed.
2017-11-21 20:00:24 INFO     [OLYMPUS] Starting new set of processes for reconfiguration.
2017-11-21 20:00:24 INFO     [OLYMPUS] Creating new replicas.
2017-11-21 20:00:24 INFO     [Replica:e2802#Node0] Process killed.
2017-11-21 20:00:24 INFO     [Replica:9d402#Node2] Process killed.
2017-11-21 20:00:24 INFO     [OLYMPUS] Generating signing and verification keys.
2017-11-21 20:00:24 INFO     [OLYMPUS] Head is <Replica:e2804#Node0>
2017-11-21 20:00:24 INFO     [Replica:e2804#Node0] Setup complete
2017-11-21 20:00:24 INFO     [Replica:33804#Node1] Setup complete
2017-11-21 20:00:24 INFO     [OLYMPUS] Tail is <Replica:9d404#Node2>
2017-11-21 20:00:24 INFO     [Replica:9d404#Node2] Setup complete
2017-11-21 20:00:24 INFO     [OLYMPUS] Chain---> <Replica:e2804#Node0>--><Replica:33804#Node1>--><Replica:9d404#Node2>-->
2017-11-21 20:00:24 INFO     [OLYMPUS] Sending failure config to <Replica:33804#Node1>
2017-11-21 20:00:24 INFO     [Replica:e2804#Node0] Received client information
2017-11-21 20:00:24 INFO     [OLYMPUS] CURRENT CONFIG : 7f1b3bdb-7726-44c8-aba7-52bf1a54fa6a
2017-11-21 20:00:24 INFO     [Replica:33804#Node1] Received client information
2017-11-21 20:00:24 INFO     [Replica:e2804#Node0] Olympus info registered : <Olympus:8b802#Node>
2017-11-21 20:00:24 INFO     [Replica:33804#Node1] Olympus info registered : <Olympus:8b802#Node>
2017-11-21 20:00:24 INFO     [Replica:33804#Node1] Received failure config from olympus
2017-11-21 20:00:24 INFO     [Replica:9d404#Node2] Received client information
2017-11-21 20:00:24 INFO     [Replica:9d404#Node2] Olympus info registered : <Olympus:8b802#Node>
2017-11-21 20:00:32 INFO     [Client:33802#Node1] Contacting olympus to check if config is changed.
2017-11-21 20:00:32 INFO     [Client:e2803#Node0] Contacting olympus to check if config is changed.
2017-11-21 20:00:32 INFO     [Client:9d403#Node2] Contacting olympus to check if config is changed.
2017-11-21 20:00:32 INFO     [OLYMPUS] Received config change check request from client <Client:33802#Node1>
2017-11-21 20:00:32 INFO     [Client:33802#Node1] Configration has been changed, need to resend pending requests to new head.
2017-11-21 20:00:32 INFO     [Client:33802#Node1] Requesting new replica details.
2017-11-21 20:00:32 INFO     [OLYMPUS] Received config change check request from client <Client:e2803#Node0>
2017-11-21 20:00:32 INFO     [Client:e2803#Node0] Configration has been changed, need to resend pending requests to new head.
2017-11-21 20:00:32 INFO     [Client:e2803#Node0] Requesting new replica details.
2017-11-21 20:00:32 INFO     [OLYMPUS] Received config change check request from client <Client:9d403#Node2>
2017-11-21 20:00:32 INFO     [Client:9d403#Node2] Configration has been changed, need to resend pending requests to new head.
2017-11-21 20:00:32 INFO     [Client:9d403#Node2] Requesting new replica details.
2017-11-21 20:00:32 INFO     [OLYMPUS] Sending replica details to client <Client:33802#Node1>
2017-11-21 20:00:32 INFO     [OLYMPUS] Sending replica details to client <Client:e2803#Node0>
2017-11-21 20:00:32 INFO     [Client:33802#Node1] Received replica details from olympus
2017-11-21 20:00:32 INFO     [Client:e2803#Node0] Received replica details from olympus
2017-11-21 20:00:32 INFO     [OLYMPUS] Sending replica details to client <Client:9d403#Node2>
2017-11-21 20:00:32 INFO     [Client:9d403#Node2] Received replica details from olympus
2017-11-21 20:00:33 INFO     [Client:33802#Node1] sending operation request to<Replica:e2804#Node0> with msgID : d3faf721-afef-4fb2-be5e-d22e9f9d4888 operation : {put(movie2,pulp)}
2017-11-21 20:00:33 INFO     [Replica:e2804#Node0] Received operation {put(movie2,pulp)} with msg id d3faf721-afef-4fb2-be5e-d22e9f9d4888
2017-11-21 20:00:33 INFO     [Replica:e2804#Node0] slot number : 7
2017-11-21 20:00:33 INFO     [Client:e2803#Node0] sending operation request to<Replica:e2804#Node0> with msgID : 74367cb6-2637-4521-9cba-fd870fb4cfc1 operation : {append(movie,wars)}
2017-11-21 20:00:33 INFO     [Replica:e2804#Node0] Hashing the result and signing the statments for msg d3faf721-afef-4fb2-be5e-d22e9f9d4888
2017-11-21 20:00:33 INFO     [Replica:e2804#Node0] Forwarding the shuttle with signed stmnts for msg d3faf721-afef-4fb2-be5e-d22e9f9d4888 to <Replica:33804#Node1>
2017-11-21 20:00:33 INFO     [Client:9d403#Node2] sending operation request to<Replica:e2804#Node0> with msgID : 74afe7be-4278-4db5-9a30-2862ffb0781c operation : {get(None,jedi)}
2017-11-21 20:00:33 INFO     [Replica:e2804#Node0] Received operation {append(movie,wars)} with msg id 74367cb6-2637-4521-9cba-fd870fb4cfc1
2017-11-21 20:00:33 INFO     [Replica:33804#Node1] Received shuttle from <Replica:e2804#Node0> for msg d3faf721-afef-4fb2-be5e-d22e9f9d4888
2017-11-21 20:00:33 INFO     [Replica:e2804#Node0] slot number : 8
2017-11-21 20:00:33 INFO     [Replica:33804#Node1] Hashing the result and signing the statments for msg d3faf721-afef-4fb2-be5e-d22e9f9d4888
2017-11-21 20:00:33 INFO     [Replica:e2804#Node0] Hashing the result and signing the statments for msg 74367cb6-2637-4521-9cba-fd870fb4cfc1
2017-11-21 20:00:33 INFO     [Replica:e2804#Node0] Forwarding the shuttle with signed stmnts for msg 74367cb6-2637-4521-9cba-fd870fb4cfc1 to <Replica:33804#Node1>
2017-11-21 20:00:33 INFO     [Replica:33804#Node1] Verifying order_proof
2017-11-21 20:00:33 INFO     [Replica:e2804#Node0] Received operation {get(jedi)} with msg id 74afe7be-4278-4db5-9a30-2862ffb0781c
2017-11-21 20:00:33 INFO     [Replica:33804#Node1] Verification of order_proof succesful for msg d3faf721-afef-4fb2-be5e-d22e9f9d4888
2017-11-21 20:00:33 INFO     [Replica:e2804#Node0] slot number : 9
2017-11-21 20:00:33 INFO     [Replica:33804#Node1] Verifying result_proof
2017-11-21 20:00:33 INFO     [Replica:e2804#Node0] Hashing the result and signing the statments for msg 74afe7be-4278-4db5-9a30-2862ffb0781c
2017-11-21 20:00:33 INFO     [Replica:e2804#Node0] Forwarding the shuttle with signed stmnts for msg 74afe7be-4278-4db5-9a30-2862ffb0781c to <Replica:33804#Node1>
2017-11-21 20:00:33 INFO     [Replica:33804#Node1] Verification of result_proof succesful for msg d3faf721-afef-4fb2-be5e-d22e9f9d4888
2017-11-21 20:00:33 INFO     [Replica:33804#Node1] checking if failure injection criteria is satisfied for msg d3faf721-afef-4fb2-be5e-d22e9f9d4888
2017-11-21 20:00:33 INFO     [Replica:33804#Node1] Forwarding the shuttle with signed stmts to <Replica:9d404#Node2> for msg d3faf721-afef-4fb2-be5e-d22e9f9d4888
2017-11-21 20:00:33 INFO     [Replica:33804#Node1] Received shuttle from <Replica:e2804#Node0> for msg 74367cb6-2637-4521-9cba-fd870fb4cfc1
2017-11-21 20:00:33 INFO     [Replica:33804#Node1] Hashing the result and signing the statments for msg 74367cb6-2637-4521-9cba-fd870fb4cfc1
2017-11-21 20:00:33 INFO     [Replica:33804#Node1] Verifying order_proof
2017-11-21 20:00:33 INFO     [Replica:9d404#Node2] Received shuttle from <Replica:33804#Node1> for msg d3faf721-afef-4fb2-be5e-d22e9f9d4888
2017-11-21 20:00:33 INFO     [Replica:9d404#Node2] Hashing the result and signing the statments for msg d3faf721-afef-4fb2-be5e-d22e9f9d4888
2017-11-21 20:00:33 INFO     [Replica:33804#Node1] Verification of order_proof succesful for msg 74367cb6-2637-4521-9cba-fd870fb4cfc1
2017-11-21 20:00:33 INFO     [Replica:9d404#Node2] Verifying order_proof
2017-11-21 20:00:33 INFO     [Replica:33804#Node1] Verifying result_proof
2017-11-21 20:00:33 INFO     [Replica:33804#Node1] Verification of result_proof succesful for msg 74367cb6-2637-4521-9cba-fd870fb4cfc1
2017-11-21 20:00:33 INFO     [Replica:33804#Node1] checking if failure injection criteria is satisfied for msg 74367cb6-2637-4521-9cba-fd870fb4cfc1
2017-11-21 20:00:33 INFO     [Replica:33804#Node1] Forwarding the shuttle with signed stmts to <Replica:9d404#Node2> for msg 74367cb6-2637-4521-9cba-fd870fb4cfc1
2017-11-21 20:00:33 INFO     [Replica:9d404#Node2] Verification of order_proof succesful for msg d3faf721-afef-4fb2-be5e-d22e9f9d4888
2017-11-21 20:00:33 INFO     [Replica:33804#Node1] Received shuttle from <Replica:e2804#Node0> for msg 74afe7be-4278-4db5-9a30-2862ffb0781c
2017-11-21 20:00:33 INFO     [Replica:33804#Node1] Hashing the result and signing the statments for msg 74afe7be-4278-4db5-9a30-2862ffb0781c
2017-11-21 20:00:33 INFO     [Replica:9d404#Node2] Verifying result_proof
2017-11-21 20:00:33 INFO     [Replica:33804#Node1] Verifying order_proof
2017-11-21 20:00:33 INFO     [Replica:33804#Node1] Verification of order_proof succesful for msg 74afe7be-4278-4db5-9a30-2862ffb0781c
2017-11-21 20:00:33 INFO     [Replica:33804#Node1] Verifying result_proof
2017-11-21 20:00:33 INFO     [Replica:9d404#Node2] Verification of result_proof succesful for msg d3faf721-afef-4fb2-be5e-d22e9f9d4888
2017-11-21 20:00:33 INFO     [Replica:9d404#Node2] Datastore before sending to client : {'movie2': ['pulp'], 'movie': ['star'], 'jedi': ['luke skywalker']}
2017-11-21 20:00:33 INFO     [Replica:9d404#Node2] Sending result to client <Client:33802#Node1> for msg d3faf721-afef-4fb2-be5e-d22e9f9d4888
2017-11-21 20:00:33 INFO     [Replica:33804#Node1] Verification of result_proof succesful for msg 74afe7be-4278-4db5-9a30-2862ffb0781c
2017-11-21 20:00:33 INFO     [Replica:33804#Node1] checking if failure injection criteria is satisfied for msg 74afe7be-4278-4db5-9a30-2862ffb0781c
2017-11-21 20:00:33 INFO     [Replica:33804#Node1] Forwarding the shuttle with signed stmts to <Replica:9d404#Node2> for msg 74afe7be-4278-4db5-9a30-2862ffb0781c
2017-11-21 20:00:33 INFO     [Client:33802#Node1] Received result for msg d3faf721-afef-4fb2-be5e-d22e9f9d4888
2017-11-21 20:00:33 INFO     [Client:33802#Node1] Verifying result for msg d3faf721-afef-4fb2-be5e-d22e9f9d4888
2017-11-21 20:00:33 INFO     [Replica:9d404#Node2] Received shuttle from <Replica:33804#Node1> for msg 74367cb6-2637-4521-9cba-fd870fb4cfc1
2017-11-21 20:00:33 INFO     [Client:33802#Node1] Valid t+1 found.
2017-11-21 20:00:33 INFO     [Replica:33804#Node1] Verifying result_proof_reverse_direction
2017-11-21 20:00:33 INFO     [Client:33802#Node1] Verification of result for msg d3faf721-afef-4fb2-be5e-d22e9f9d4888 succesful.
2017-11-21 20:00:33 INFO     [Client:33802#Node1] Result verified for msg d3faf721-afef-4fb2-be5e-d22e9f9d4888 and the result is : OK
2017-11-21 20:00:33 INFO     [Replica:9d404#Node2] Hashing the result and signing the statments for msg 74367cb6-2637-4521-9cba-fd870fb4cfc1
2017-11-21 20:00:33 INFO     [Replica:9d404#Node2] Verifying order_proof
2017-11-21 20:00:33 INFO     [Replica:33804#Node1] Verification of result_proof_reverse_direction succesful for msg d3faf721-afef-4fb2-be5e-d22e9f9d4888
2017-11-21 20:00:33 INFO     [Replica:33804#Node1] Result shuttle received for msg - d3faf721-afef-4fb2-be5e-d22e9f9d4888, caching the result.
2017-11-21 20:00:33 INFO     [Replica:33804#Node1] checking if failure injection criteria is satisfied for msg d3faf721-afef-4fb2-be5e-d22e9f9d4888
2017-11-21 20:00:33 INFO     [Replica:9d404#Node2] Verification of order_proof succesful for msg 74367cb6-2637-4521-9cba-fd870fb4cfc1
2017-11-21 20:00:33 INFO     [Replica:9d404#Node2] Verifying result_proof
2017-11-21 20:00:33 INFO     [Replica:e2804#Node0] Verifying result_proof_reverse_direction
2017-11-21 20:00:33 INFO     [Replica:9d404#Node2] Verification of result_proof succesful for msg 74367cb6-2637-4521-9cba-fd870fb4cfc1
2017-11-21 20:00:33 INFO     [Replica:9d404#Node2] Datastore before sending to client : {'movie2': ['pulp'], 'movie': ['star', 'wars'], 'jedi': ['luke skywalker']}
2017-11-21 20:00:33 INFO     [Replica:9d404#Node2] Sending result to client <Client:e2803#Node0> for msg 74367cb6-2637-4521-9cba-fd870fb4cfc1
2017-11-21 20:00:33 INFO     [Replica:e2804#Node0] Verification of result_proof_reverse_direction succesful for msg d3faf721-afef-4fb2-be5e-d22e9f9d4888
2017-11-21 20:00:33 INFO     [Replica:e2804#Node0] Result shuttle received for msg - d3faf721-afef-4fb2-be5e-d22e9f9d4888, caching the result.
2017-11-21 20:00:33 INFO     [Client:e2803#Node0] Received result for msg 74367cb6-2637-4521-9cba-fd870fb4cfc1
2017-11-21 20:00:33 INFO     [Client:e2803#Node0] Verifying result for msg 74367cb6-2637-4521-9cba-fd870fb4cfc1
2017-11-21 20:00:33 INFO     [Replica:33804#Node1] Verifying result_proof_reverse_direction
2017-11-21 20:00:33 INFO     [Replica:9d404#Node2] Received shuttle from <Replica:33804#Node1> for msg 74afe7be-4278-4db5-9a30-2862ffb0781c
2017-11-21 20:00:33 INFO     [Replica:9d404#Node2] Hashing the result and signing the statments for msg 74afe7be-4278-4db5-9a30-2862ffb0781c
2017-11-21 20:00:33 INFO     [Client:e2803#Node0] Valid t+1 found.
2017-11-21 20:00:33 INFO     [Client:e2803#Node0] Verification of result for msg 74367cb6-2637-4521-9cba-fd870fb4cfc1 succesful.
2017-11-21 20:00:33 INFO     [Replica:9d404#Node2] Verifying order_proof
2017-11-21 20:00:33 INFO     [Client:e2803#Node0] Result verified for msg 74367cb6-2637-4521-9cba-fd870fb4cfc1 and the result is : OK
2017-11-21 20:00:33 INFO     [Replica:33804#Node1] Verification of result_proof_reverse_direction succesful for msg 74367cb6-2637-4521-9cba-fd870fb4cfc1
2017-11-21 20:00:33 INFO     [Replica:33804#Node1] Result shuttle received for msg - 74367cb6-2637-4521-9cba-fd870fb4cfc1, caching the result.
2017-11-21 20:00:33 INFO     [Replica:33804#Node1] checking if failure injection criteria is satisfied for msg 74367cb6-2637-4521-9cba-fd870fb4cfc1
2017-11-21 20:00:33 INFO     [Replica:9d404#Node2] Verification of order_proof succesful for msg 74afe7be-4278-4db5-9a30-2862ffb0781c
2017-11-21 20:00:33 INFO     [Replica:9d404#Node2] Verifying result_proof
2017-11-21 20:00:33 INFO     [Replica:e2804#Node0] Verifying result_proof_reverse_direction
2017-11-21 20:00:33 INFO     [Replica:9d404#Node2] Verification of result_proof succesful for msg 74afe7be-4278-4db5-9a30-2862ffb0781c
2017-11-21 20:00:33 INFO     [Replica:9d404#Node2] Datastore before sending to client : {'movie2': ['pulp'], 'movie': ['star', 'wars'], 'jedi': ['luke skywalker']}
2017-11-21 20:00:33 INFO     [Replica:9d404#Node2] Sending result to client <Client:9d403#Node2> for msg 74afe7be-4278-4db5-9a30-2862ffb0781c
2017-11-21 20:00:33 INFO     [Replica:e2804#Node0] Verification of result_proof_reverse_direction succesful for msg 74367cb6-2637-4521-9cba-fd870fb4cfc1
2017-11-21 20:00:33 INFO     [Replica:e2804#Node0] Result shuttle received for msg - 74367cb6-2637-4521-9cba-fd870fb4cfc1, caching the result.
2017-11-21 20:00:33 INFO     [Client:9d403#Node2] Received result for msg 74afe7be-4278-4db5-9a30-2862ffb0781c
2017-11-21 20:00:33 INFO     [Client:9d403#Node2] Verifying result for msg 74afe7be-4278-4db5-9a30-2862ffb0781c
2017-11-21 20:00:33 INFO     [Client:9d403#Node2] Valid t+1 found.
2017-11-21 20:00:33 INFO     [Client:9d403#Node2] Verification of result for msg 74afe7be-4278-4db5-9a30-2862ffb0781c succesful.
2017-11-21 20:00:33 INFO     [Replica:33804#Node1] Verifying result_proof_reverse_direction
2017-11-21 20:00:33 INFO     [Client:9d403#Node2] Result verified for msg 74afe7be-4278-4db5-9a30-2862ffb0781c and the result is : ['luke skywalker']
2017-11-21 20:00:33 INFO     [Client:9d403#Node2] sending data store query request to head
2017-11-21 20:00:33 INFO     [Replica:e2804#Node0] Received data_store query from client <Client:9d403#Node2>
2017-11-21 20:00:33 INFO     [Replica:33804#Node1] Verification of result_proof_reverse_direction succesful for msg 74afe7be-4278-4db5-9a30-2862ffb0781c
2017-11-21 20:00:33 INFO     [Replica:33804#Node1] Result shuttle received for msg - 74afe7be-4278-4db5-9a30-2862ffb0781c, caching the result.
2017-11-21 20:00:33 INFO     [Replica:33804#Node1] checking if failure injection criteria is satisfied for msg 74afe7be-4278-4db5-9a30-2862ffb0781c
2017-11-21 20:00:33 INFO     [Replica:e2804#Node0] Sent data_store to requesting client <Client:9d403#Node2>
2017-11-21 20:00:33 INFO     [Client:9d403#Node2] head_data_store receieved from head
2017-11-21 20:00:33 INFO     [Client:9d403#Node2] verifying data store query request result from head to local data store
2017-11-21 20:00:33 INFO     [Client:9d403#Node2] Verification  of datastore succeeded.
2017-11-21 20:00:33 INFO     [Replica:e2804#Node0] Verifying result_proof_reverse_direction
2017-11-21 20:00:33 INFO     [Replica:e2804#Node0] Verification of result_proof_reverse_direction succesful for msg 74afe7be-4278-4db5-9a30-2862ffb0781c
2017-11-21 20:00:33 INFO     [Replica:e2804#Node0] Result shuttle received for msg - 74afe7be-4278-4db5-9a30-2862ffb0781c, caching the result.
2017-11-21 20:00:34 INFO     [Client:33802#Node1] sending operation request to<Replica:e2804#Node0> with msgID : cebf6014-26ba-41e0-8f45-26819efcc667 operation : {put(movie2,pulp)}
2017-11-21 20:00:34 INFO     [Replica:e2804#Node0] Received operation {put(movie2,pulp)} with msg id cebf6014-26ba-41e0-8f45-26819efcc667
2017-11-21 20:00:34 INFO     [Replica:e2804#Node0] slot number : 10
2017-11-21 20:00:34 INFO     [Replica:e2804#Node0] Hashing the result and signing the statments for msg cebf6014-26ba-41e0-8f45-26819efcc667
2017-11-21 20:00:34 INFO     [Client:e2803#Node0] sending operation request to<Replica:e2804#Node0> with msgID : 31632ff0-818d-48bd-96fc-ce32a2f86d41 operation : {get(None,movie)}
2017-11-21 20:00:34 INFO     [Replica:e2804#Node0] Forwarding the shuttle with signed stmnts for msg cebf6014-26ba-41e0-8f45-26819efcc667 to <Replica:33804#Node1>
2017-11-21 20:00:34 INFO     [Replica:e2804#Node0] Checkpoint criteria satisfied.
2017-11-21 20:00:34 INFO     [Replica:e2804#Node0] Starting checkpoint shuttle.
2017-11-21 20:00:34 INFO     [Replica:e2804#Node0] Adding the hash of the datastore to the checkpoint proof
2017-11-21 20:00:34 INFO     [Replica:e2804#Node0] Received operation {get(movie)} with msg id 31632ff0-818d-48bd-96fc-ce32a2f86d41
2017-11-21 20:00:34 INFO     [Replica:33804#Node1] Received shuttle from <Replica:e2804#Node0> for msg cebf6014-26ba-41e0-8f45-26819efcc667
2017-11-21 20:00:34 INFO     [Replica:e2804#Node0] slot number : 11
2017-11-21 20:00:34 INFO     [Replica:33804#Node1] Hashing the result and signing the statments for msg cebf6014-26ba-41e0-8f45-26819efcc667
2017-11-21 20:00:34 INFO     [Replica:e2804#Node0] Hashing the result and signing the statments for msg 31632ff0-818d-48bd-96fc-ce32a2f86d41
2017-11-21 20:00:34 INFO     [Replica:33804#Node1] Verifying order_proof
2017-11-21 20:00:34 INFO     [Replica:e2804#Node0] Forwarding the shuttle with signed stmnts for msg 31632ff0-818d-48bd-96fc-ce32a2f86d41 to <Replica:33804#Node1>
2017-11-21 20:00:34 INFO     [Replica:33804#Node1] Verification of order_proof succesful for msg cebf6014-26ba-41e0-8f45-26819efcc667
2017-11-21 20:00:34 INFO     [Replica:33804#Node1] Verifying result_proof
2017-11-21 20:00:34 INFO     [Replica:33804#Node1] Verification of result_proof succesful for msg cebf6014-26ba-41e0-8f45-26819efcc667
2017-11-21 20:00:34 INFO     [Replica:33804#Node1] checking if failure injection criteria is satisfied for msg cebf6014-26ba-41e0-8f45-26819efcc667
2017-11-21 20:00:34 INFO     [Replica:33804#Node1] Forwarding the shuttle with signed stmts to <Replica:9d404#Node2> for msg cebf6014-26ba-41e0-8f45-26819efcc667
2017-11-21 20:00:34 INFO     [Replica:33804#Node1] Received checkpoint shuttle from <Replica:e2804#Node0>
2017-11-21 20:00:34 INFO     [Replica:33804#Node1] Adding the hash of the datastore to the checkpoint proof
2017-11-21 20:00:34 INFO     [Replica:33804#Node1] checking if failure injection criteria is satisfied for msg checkpoint_request
2017-11-21 20:00:34 INFO     [Replica:9d404#Node2] Received shuttle from <Replica:33804#Node1> for msg cebf6014-26ba-41e0-8f45-26819efcc667
2017-11-21 20:00:34 INFO     [Replica:9d404#Node2] Hashing the result and signing the statments for msg cebf6014-26ba-41e0-8f45-26819efcc667
2017-11-21 20:00:34 INFO     [Replica:9d404#Node2] Verifying order_proof
2017-11-21 20:00:34 INFO     [Replica:33804#Node1] Received shuttle from <Replica:e2804#Node0> for msg 31632ff0-818d-48bd-96fc-ce32a2f86d41
2017-11-21 20:00:34 INFO     [Replica:33804#Node1] Hashing the result and signing the statments for msg 31632ff0-818d-48bd-96fc-ce32a2f86d41
2017-11-21 20:00:34 INFO     [Replica:33804#Node1] Verifying order_proof
2017-11-21 20:00:34 INFO     [Replica:9d404#Node2] Verification of order_proof succesful for msg cebf6014-26ba-41e0-8f45-26819efcc667
2017-11-21 20:00:34 INFO     [Replica:9d404#Node2] Verifying result_proof
2017-11-21 20:00:34 INFO     [Replica:33804#Node1] Verification of order_proof succesful for msg 31632ff0-818d-48bd-96fc-ce32a2f86d41
2017-11-21 20:00:34 INFO     [Replica:33804#Node1] Verifying result_proof
2017-11-21 20:00:34 INFO     [Replica:9d404#Node2] Verification of result_proof succesful for msg cebf6014-26ba-41e0-8f45-26819efcc667
2017-11-21 20:00:34 INFO     [Replica:9d404#Node2] Datastore before sending to client : {'movie2': ['pulp'], 'movie': ['star', 'wars'], 'jedi': ['luke skywalker']}
2017-11-21 20:00:34 INFO     [Replica:9d404#Node2] Sending result to client <Client:33802#Node1> for msg cebf6014-26ba-41e0-8f45-26819efcc667
2017-11-21 20:00:34 INFO     [Replica:33804#Node1] Verification of result_proof succesful for msg 31632ff0-818d-48bd-96fc-ce32a2f86d41
2017-11-21 20:00:34 INFO     [Replica:33804#Node1] checking if failure injection criteria is satisfied for msg 31632ff0-818d-48bd-96fc-ce32a2f86d41
2017-11-21 20:00:34 INFO     [Replica:33804#Node1] Forwarding the shuttle with signed stmts to <Replica:9d404#Node2> for msg 31632ff0-818d-48bd-96fc-ce32a2f86d41
2017-11-21 20:00:34 INFO     [Client:33802#Node1] Received result for msg cebf6014-26ba-41e0-8f45-26819efcc667
2017-11-21 20:00:34 INFO     [Client:33802#Node1] Verifying result for msg cebf6014-26ba-41e0-8f45-26819efcc667
2017-11-21 20:00:34 INFO     [Client:33802#Node1] Valid t+1 found.
2017-11-21 20:00:34 INFO     [Client:33802#Node1] Verification of result for msg cebf6014-26ba-41e0-8f45-26819efcc667 succesful.
2017-11-21 20:00:34 INFO     [Client:33802#Node1] Result verified for msg cebf6014-26ba-41e0-8f45-26819efcc667 and the result is : OK
2017-11-21 20:00:34 INFO     [Replica:9d404#Node2] Received checkpoint shuttle from <Replica:33804#Node1>
2017-11-21 20:00:34 INFO     [Replica:9d404#Node2] Adding the hash of the datastore to the checkpoint proof
2017-11-21 20:00:34 INFO     [Replica:9d404#Node2] Truncating the history till slot : 9
2017-11-21 20:00:34 INFO     [Replica:9d404#Node2] Saving the checkpoint information.
2017-11-21 20:00:34 INFO     [Replica:9d404#Node2] Received shuttle from <Replica:33804#Node1> for msg 31632ff0-818d-48bd-96fc-ce32a2f86d41
2017-11-21 20:00:34 INFO     [Replica:9d404#Node2] Hashing the result and signing the statments for msg 31632ff0-818d-48bd-96fc-ce32a2f86d41
2017-11-21 20:00:34 INFO     [Replica:9d404#Node2] Verifying order_proof
2017-11-21 20:00:34 INFO     [Replica:9d404#Node2] Verification of order_proof succesful for msg 31632ff0-818d-48bd-96fc-ce32a2f86d41
2017-11-21 20:00:34 INFO     [Replica:9d404#Node2] Verifying result_proof
2017-11-21 20:00:34 INFO     [Replica:9d404#Node2] Verification of result_proof succesful for msg 31632ff0-818d-48bd-96fc-ce32a2f86d41
2017-11-21 20:00:34 INFO     [Replica:9d404#Node2] Datastore before sending to client : {'movie2': ['pulp'], 'movie': ['star', 'wars'], 'jedi': ['luke skywalker']}
2017-11-21 20:00:34 INFO     [Replica:9d404#Node2] Sending result to client <Client:e2803#Node0> for msg 31632ff0-818d-48bd-96fc-ce32a2f86d41
2017-11-21 20:00:34 INFO     [Replica:33804#Node1] Verifying result_proof_reverse_direction
2017-11-21 20:00:34 INFO     [Client:e2803#Node0] Received result for msg 31632ff0-818d-48bd-96fc-ce32a2f86d41
2017-11-21 20:00:34 INFO     [Client:e2803#Node0] Verifying result for msg 31632ff0-818d-48bd-96fc-ce32a2f86d41
2017-11-21 20:00:34 INFO     [Replica:33804#Node1] Verification of result_proof_reverse_direction succesful for msg cebf6014-26ba-41e0-8f45-26819efcc667
2017-11-21 20:00:34 INFO     [Replica:33804#Node1] Result shuttle received for msg - cebf6014-26ba-41e0-8f45-26819efcc667, caching the result.
2017-11-21 20:00:34 INFO     [Replica:33804#Node1] checking if failure injection criteria is satisfied for msg cebf6014-26ba-41e0-8f45-26819efcc667
2017-11-21 20:00:34 INFO     [Client:e2803#Node0] Valid t+1 found.
2017-11-21 20:00:34 INFO     [Client:e2803#Node0] Verification of result for msg 31632ff0-818d-48bd-96fc-ce32a2f86d41 succesful.
2017-11-21 20:00:34 INFO     [Client:e2803#Node0] Result verified for msg 31632ff0-818d-48bd-96fc-ce32a2f86d41 and the result is : ['star', 'wars']
2017-11-21 20:00:34 INFO     [Client:e2803#Node0] sending data store query request to head
2017-11-21 20:00:34 INFO     [Replica:33804#Node1] Received checkpoint shuttle from <Replica:9d404#Node2>
2017-11-21 20:00:34 INFO     [Replica:33804#Node1] checking if failure injection criteria is satisfied for msg checkpoint_request
2017-11-21 20:00:34 INFO     [Replica:e2804#Node0] Verifying result_proof_reverse_direction
2017-11-21 20:00:34 INFO     [Replica:33804#Node1] Truncating the history till slot : 9
2017-11-21 20:00:34 INFO     [Replica:33804#Node1] Saving the checkpoint information.
2017-11-21 20:00:34 INFO     [Replica:33804#Node1] Verifying result_proof_reverse_direction
2017-11-21 20:00:34 INFO     [Replica:e2804#Node0] Verification of result_proof_reverse_direction succesful for msg cebf6014-26ba-41e0-8f45-26819efcc667
2017-11-21 20:00:34 INFO     [Replica:e2804#Node0] Result shuttle received for msg - cebf6014-26ba-41e0-8f45-26819efcc667, caching the result.
2017-11-21 20:00:34 INFO     [Replica:e2804#Node0] Received data_store query from client <Client:e2803#Node0>
2017-11-21 20:00:34 INFO     [Replica:33804#Node1] Verification of result_proof_reverse_direction succesful for msg 31632ff0-818d-48bd-96fc-ce32a2f86d41
2017-11-21 20:00:34 INFO     [Replica:33804#Node1] Result shuttle received for msg - 31632ff0-818d-48bd-96fc-ce32a2f86d41, caching the result.
2017-11-21 20:00:34 INFO     [Replica:33804#Node1] checking if failure injection criteria is satisfied for msg 31632ff0-818d-48bd-96fc-ce32a2f86d41
2017-11-21 20:00:34 INFO     [Replica:33804#Node1] Failure Injection condition satisfied.
2017-11-21 20:00:34 INFO     [Replica:33804#Node1]  Performing failure operation : invalid_result_sig
2017-11-21 20:00:34 INFO     [Replica:e2804#Node0] Sent data_store to requesting client <Client:e2803#Node0>
2017-11-21 20:00:34 INFO     [Replica:33804#Node1] Altering the signature.
2017-11-21 20:00:34 INFO     [Client:e2803#Node0] head_data_store receieved from head
2017-11-21 20:00:34 INFO     [Client:e2803#Node0] verifying data store query request result from head to local data store
2017-11-21 20:00:34 INFO     [Replica:e2804#Node0] Received checkpoint shuttle from <Replica:33804#Node1>
2017-11-21 20:00:34 INFO     [Client:e2803#Node0] Verification  of datastore succeeded.
2017-11-21 20:00:34 INFO     [Replica:e2804#Node0] Truncating the history till slot : 9
2017-11-21 20:00:34 INFO     [Replica:e2804#Node0] Saving the checkpoint information.
2017-11-21 20:00:34 INFO     [Replica:e2804#Node0] Verifying result_proof_reverse_direction
2017-11-21 20:00:34 ERROR    [Replica:e2804#Node0] Signtaure error in the previous statement.
2017-11-21 20:00:34 ERROR    [Replica:e2804#Node0] Result shuttle verification failed for msg 31632ff0-818d-48bd-96fc-ce32a2f86d41, we need to request olympus to reconfigure
2017-11-21 20:00:34 INFO     [OLYMPUS] Received reconfig request from <Replica:e2804#Node0>
2017-11-21 20:00:34 INFO     [OLYMPUS] Requesting wedged data and also asking replicas to become immutable.
2017-11-21 20:00:34 INFO     [Replica:e2804#Node0] Received reconfig command from olympus, making wedged data and sending it to olympus.
2017-11-21 20:00:34 INFO     [Replica:9d404#Node2] Received reconfig command from olympus, making wedged data and sending it to olympus.
2017-11-21 20:00:34 INFO     [Replica:e2804#Node0] State changed to immutable.
2017-11-21 20:00:34 INFO     [Replica:9d404#Node2] State changed to immutable.
2017-11-21 20:00:34 INFO     [OLYMPUS] Received wedged data from <Replica:e2804#Node0>
2017-11-21 20:00:34 INFO     [Replica:33804#Node1] Received reconfig command from olympus, making wedged data and sending it to olympus.
2017-11-21 20:00:34 INFO     [Replica:33804#Node1] checking if failure injection criteria is satisfied for msg wedge_request
2017-11-21 20:00:34 INFO     [Replica:33804#Node1] State changed to immutable.
2017-11-21 20:00:34 INFO     [OLYMPUS] Received wedged data from <Replica:9d404#Node2>
2017-11-21 20:00:34 INFO     [OLYMPUS] Received t+1 wedge responses, starts making quorums.
2017-11-21 20:00:34 INFO     [OLYMPUS] Replicas in current quorum :  (<Replica:9d404#Node2>, <Replica:e2804#Node0>)
2017-11-21 20:00:34 INFO     [OLYMPUS] Checking if checkpoint details are consistent.
2017-11-21 20:00:34 INFO     [OLYMPUS] Checkpoint is consistent.
2017-11-21 20:00:34 INFO     [OLYMPUS] Checking if history details are consistent.
2017-11-21 20:00:34 INFO     [OLYMPUS] History is consistent.
2017-11-21 20:00:34 INFO     [OLYMPUS] Valid quorum found and checking if we need to catch up the history.
2017-11-21 20:00:34 INFO     [OLYMPUS] No need to catch up, lets just get the latest result for all clients
2017-11-21 20:00:34 INFO     [OLYMPUS] Received wedged data from <Replica:33804#Node1>
2017-11-21 20:00:34 INFO     [OLYMPUS] Sending pending results to the clients.
2017-11-21 20:00:34 INFO     [OLYMPUS] Catch up successfull, getting the running state.
2017-11-21 20:00:34 INFO     [Replica:9d404#Node2] Received request for running state, encrypting and sending the state
2017-11-21 20:00:34 INFO     [Replica:e2804#Node0] Received request for running state, encrypting and sending the state
2017-11-21 20:00:34 INFO     [OLYMPUS] Received running state from <Replica:9d404#Node2>
2017-11-21 20:00:34 INFO     [OLYMPUS] Received running state from <Replica:e2804#Node0>
2017-11-21 20:00:34 INFO     [OLYMPUS] Running state verified.
2017-11-21 20:00:34 INFO     [OLYMPUS] Running state : {'movie': ['star', 'wars'], 'movie2': ['pulp'], 'jedi': ['luke skywalker']}
2017-11-21 20:00:34 INFO     [OLYMPUS] Deleting old replicas.
2017-11-21 20:00:34 INFO     [Replica:e2804#Node0] Process killed.
2017-11-21 20:00:34 INFO     [OLYMPUS] Starting new set of processes for reconfiguration.
2017-11-21 20:00:34 INFO     [OLYMPUS] Creating new replicas.
2017-11-21 20:00:34 INFO     [Replica:9d404#Node2] Process killed.
2017-11-21 20:00:34 INFO     [Replica:33804#Node1] Process killed.
2017-11-21 20:00:34 INFO     [OLYMPUS] Generating signing and verification keys.
2017-11-21 20:00:34 INFO     [OLYMPUS] Head is <Replica:e2805#Node0>
2017-11-21 20:00:34 INFO     [Replica:e2805#Node0] Setup complete
2017-11-21 20:00:34 INFO     [Replica:33805#Node1] Setup complete
2017-11-21 20:00:34 INFO     [OLYMPUS] Tail is <Replica:9d405#Node2>
2017-11-21 20:00:34 INFO     [Replica:9d405#Node2] Setup complete
2017-11-21 20:00:34 INFO     [OLYMPUS] Chain---> <Replica:e2805#Node0>--><Replica:33805#Node1>--><Replica:9d405#Node2>-->
2017-11-21 20:00:34 INFO     [OLYMPUS] CURRENT CONFIG : fe7b3044-2dad-42ef-818b-ee144239669d
2017-11-21 20:00:34 INFO     [Replica:e2805#Node0] Received client information
2017-11-21 20:00:34 INFO     [Replica:e2805#Node0] Olympus info registered : <Olympus:8b802#Node>
2017-11-21 20:00:34 INFO     [Replica:33805#Node1] Received client information
2017-11-21 20:00:34 INFO     [Replica:33805#Node1] Olympus info registered : <Olympus:8b802#Node>
2017-11-21 20:00:34 INFO     [Replica:9d405#Node2] Received client information
2017-11-21 20:00:34 INFO     [Replica:9d405#Node2] Olympus info registered : <Olympus:8b802#Node>
2017-11-21 20:00:42 INFO     [Client:33802#Node1] Contacting olympus to check if config is changed.
2017-11-21 20:00:42 INFO     [OLYMPUS] Received config change check request from client <Client:33802#Node1>
2017-11-21 20:00:42 INFO     [Client:33802#Node1] Configration has been changed, need to resend pending requests to new head.
2017-11-21 20:00:42 INFO     [Client:33802#Node1] Requesting new replica details.
2017-11-21 20:00:42 INFO     [OLYMPUS] Sending replica details to client <Client:33802#Node1>
2017-11-21 20:00:42 INFO     [Client:33802#Node1] Received replica details from olympus
2017-11-21 20:00:42 INFO     [Client:33802#Node1] sending operation request to<Replica:e2805#Node0> with msgID : b6279397-bafb-437c-b2b6-d8e463c9b8bd operation : {append(movie4,bill)}
2017-11-21 20:00:42 INFO     [Replica:e2805#Node0] Received operation {append(movie4,bill)} with msg id b6279397-bafb-437c-b2b6-d8e463c9b8bd
2017-11-21 20:00:42 INFO     [Replica:e2805#Node0] slot number : 12
2017-11-21 20:00:42 INFO     [Replica:e2805#Node0] Hashing the result and signing the statments for msg b6279397-bafb-437c-b2b6-d8e463c9b8bd
2017-11-21 20:00:42 INFO     [Replica:e2805#Node0] Forwarding the shuttle with signed stmnts for msg b6279397-bafb-437c-b2b6-d8e463c9b8bd to <Replica:33805#Node1>
2017-11-21 20:00:42 INFO     [Replica:33805#Node1] Received shuttle from <Replica:e2805#Node0> for msg b6279397-bafb-437c-b2b6-d8e463c9b8bd
2017-11-21 20:00:42 INFO     [Replica:33805#Node1] Hashing the result and signing the statments for msg b6279397-bafb-437c-b2b6-d8e463c9b8bd
2017-11-21 20:00:42 INFO     [Replica:33805#Node1] Verifying order_proof
2017-11-21 20:00:42 INFO     [Replica:33805#Node1] Verification of order_proof succesful for msg b6279397-bafb-437c-b2b6-d8e463c9b8bd
2017-11-21 20:00:42 INFO     [Replica:33805#Node1] Verifying result_proof
2017-11-21 20:00:42 INFO     [Replica:33805#Node1] Verification of result_proof succesful for msg b6279397-bafb-437c-b2b6-d8e463c9b8bd
2017-11-21 20:00:42 INFO     [Replica:33805#Node1] Forwarding the shuttle with signed stmts to <Replica:9d405#Node2> for msg b6279397-bafb-437c-b2b6-d8e463c9b8bd
2017-11-21 20:00:42 INFO     [Replica:9d405#Node2] Received shuttle from <Replica:33805#Node1> for msg b6279397-bafb-437c-b2b6-d8e463c9b8bd
2017-11-21 20:00:42 INFO     [Replica:9d405#Node2] Hashing the result and signing the statments for msg b6279397-bafb-437c-b2b6-d8e463c9b8bd
2017-11-21 20:00:42 INFO     [Replica:9d405#Node2] Verifying order_proof
2017-11-21 20:00:42 INFO     [Replica:9d405#Node2] Verification of order_proof succesful for msg b6279397-bafb-437c-b2b6-d8e463c9b8bd
2017-11-21 20:00:42 INFO     [Replica:9d405#Node2] Verifying result_proof
2017-11-21 20:00:42 INFO     [Replica:9d405#Node2] Verification of result_proof succesful for msg b6279397-bafb-437c-b2b6-d8e463c9b8bd
2017-11-21 20:00:42 INFO     [Replica:9d405#Node2] Datastore before sending to client : {'movie2': ['pulp'], 'movie': ['star', 'wars'], 'jedi': ['luke skywalker']}
2017-11-21 20:00:42 INFO     [Replica:9d405#Node2] Sending result to client <Client:33802#Node1> for msg b6279397-bafb-437c-b2b6-d8e463c9b8bd
2017-11-21 20:00:42 INFO     [Replica:33805#Node1] Verifying result_proof_reverse_direction
2017-11-21 20:00:42 INFO     [Client:33802#Node1] Received result for msg b6279397-bafb-437c-b2b6-d8e463c9b8bd
2017-11-21 20:00:42 INFO     [Replica:33805#Node1] Verification of result_proof_reverse_direction succesful for msg b6279397-bafb-437c-b2b6-d8e463c9b8bd
2017-11-21 20:00:42 INFO     [Client:33802#Node1] Verifying result for msg b6279397-bafb-437c-b2b6-d8e463c9b8bd
2017-11-21 20:00:42 INFO     [Replica:33805#Node1] Result shuttle received for msg - b6279397-bafb-437c-b2b6-d8e463c9b8bd, caching the result.
2017-11-21 20:00:42 INFO     [Client:33802#Node1] Valid t+1 found.
2017-11-21 20:00:42 INFO     [Client:33802#Node1] Verification of result for msg b6279397-bafb-437c-b2b6-d8e463c9b8bd succesful.
2017-11-21 20:00:42 INFO     [Client:33802#Node1] Result verified for msg b6279397-bafb-437c-b2b6-d8e463c9b8bd and the result is : FAIL
2017-11-21 20:00:42 INFO     [Client:33802#Node1] sending data store query request to head
2017-11-21 20:00:42 INFO     [Replica:e2805#Node0] Verifying result_proof_reverse_direction
2017-11-21 20:00:42 INFO     [Replica:e2805#Node0] Verification of result_proof_reverse_direction succesful for msg b6279397-bafb-437c-b2b6-d8e463c9b8bd
2017-11-21 20:00:42 INFO     [Replica:e2805#Node0] Result shuttle received for msg - b6279397-bafb-437c-b2b6-d8e463c9b8bd, caching the result.
2017-11-21 20:00:42 INFO     [Replica:e2805#Node0] Received data_store query from client <Client:33802#Node1>
2017-11-21 20:00:42 INFO     [Replica:e2805#Node0] Sent data_store to requesting client <Client:33802#Node1>
2017-11-21 20:00:42 INFO     [Client:33802#Node1] head_data_store receieved from head
2017-11-21 20:00:42 INFO     [Client:33802#Node1] verifying data store query request result from head to local data store
2017-11-21 20:00:42 INFO     [Client:33802#Node1] Verification  of datastore succeeded.
