2017-11-21 23:05:52 INFO     [MAIN] Using custom config : ../config/shuttle_change_result.config
2017-11-21 23:05:52 INFO     INIT_CONFIG: {'replica_hosts': '0;1;2', 'workload[0]': 'pseudorandom(233,5)', 'num_client': '3', 'workload[2]': "put('jedi','luke skywalker');slice('jedi','0:4'); get('jedi')", 'test_case_name': 'test_failure1', 't': '1', 'workload[1]': "put('movie','star');slice('movie','0:4');append('movie',' wars');get('movie')", 'client_hosts': '1;0;2', 'hosts': 'localhost; 192.168.0.3; 192.168.0.4', 'checkpoint_num': '5', 'client_timeout': '1000', 'head_timeout': '10', 'nonhead_timeout': '10', 'failures[0,3]': 'shuttle(1,2), change_result();shuttle(1,2), drop_result_stmt()'}
2017-11-21 23:05:52 INFO     [MAIN] Initializing olympus
2017-11-21 23:05:52 INFO     [OLYMPUS] Olympus setup complete, assigned ID :5abbad63-5100-4c30-9ec1-5d549e74ba17
2017-11-21 23:05:52 INFO     [OLYMPUS] Running test case : test_failure1
2017-11-21 23:05:52 INFO     [OLYMPUS] Creating new replicas.
2017-11-21 23:05:52 INFO     [MAIN] Initializing clients
2017-11-21 23:05:57 INFO     [OLYMPUS] Generating signing and verification keys.
2017-11-21 23:05:57 INFO     [OLYMPUS] Head is <Replica:30c02#Node0>
2017-11-21 23:05:57 INFO     [Replica:30c02#Node0] Setup complete
2017-11-21 23:05:57 INFO     [Replica:97002#Node1] Setup complete
2017-11-21 23:05:57 INFO     [OLYMPUS] Tail is <Replica:8c402#Node2>
2017-11-21 23:05:57 INFO     [Replica:8c402#Node2] Setup complete
2017-11-21 23:05:57 INFO     [MAIN] Generating Random Workload
2017-11-21 23:05:57 INFO     [MAIN] Populating Random Workload Operations
2017-11-21 23:05:57 INFO     [Client:97003#Node1] Setup complete
2017-11-21 23:05:57 INFO     [OLYMPUS] Chain---> <Replica:30c02#Node0>--><Replica:97002#Node1>--><Replica:8c402#Node2>-->
2017-11-21 23:05:57 INFO     [OLYMPUS] CURRENT CONFIG : 204752ef-599f-459f-83d4-fb870fe1c388
2017-11-21 23:05:57 INFO     [Client:97003#Node1] Waiting till we receive all replica details from olympus
2017-11-21 23:05:57 INFO     [OLYMPUS] Received request to register client : <Client:97003#Node1>
2017-11-21 23:05:57 INFO     [OLYMPUS] Sending replica details to client <Client:97003#Node1>
2017-11-21 23:05:57 INFO     [Client:30c03#Node0] Setup complete
2017-11-21 23:05:57 INFO     [Client:97003#Node1] Received replica details from olympus
2017-11-21 23:05:57 INFO     [Client:30c03#Node0] Waiting till we receive all replica details from olympus
2017-11-21 23:05:57 INFO     [OLYMPUS] Received request to register client : <Client:30c03#Node0>
2017-11-21 23:05:57 INFO     [OLYMPUS] Sending replica details to client <Client:30c03#Node0>
2017-11-21 23:05:57 INFO     [Client:8c403#Node2] Setup complete
2017-11-21 23:05:57 INFO     [Client:30c03#Node0] Received replica details from olympus
2017-11-21 23:05:58 INFO     [Client:8c403#Node2] Waiting till we receive all replica details from olympus
2017-11-21 23:05:58 INFO     [OLYMPUS] Received request to register client : <Client:8c403#Node2>
2017-11-21 23:05:58 INFO     [OLYMPUS] Sending replica details to client <Client:8c403#Node2>
2017-11-21 23:05:58 INFO     [Replica:30c02#Node0] Received client information
2017-11-21 23:05:58 INFO     [Replica:97002#Node1] Received client information
2017-11-21 23:05:58 INFO     [Replica:97002#Node1] Olympus info registered : <Olympus:3bc02#Node>
2017-11-21 23:05:58 INFO     [Replica:30c02#Node0] Olympus info registered : <Olympus:3bc02#Node>
2017-11-21 23:05:58 INFO     [Client:8c403#Node2] Received replica details from olympus
2017-11-21 23:05:58 INFO     [Client:97003#Node1]  Current active config : 204752ef-599f-459f-83d4-fb870fe1c388
2017-11-21 23:05:58 INFO     [OLYMPUS] Sending failure config to <Replica:8c402#Node2>
2017-11-21 23:05:58 INFO     [Replica:8c402#Node2] Received client information
2017-11-21 23:05:58 INFO     [Client:30c03#Node0]  Current active config : 204752ef-599f-459f-83d4-fb870fe1c388
2017-11-21 23:05:58 INFO     [Replica:8c402#Node2] Olympus info registered : <Olympus:3bc02#Node>
2017-11-21 23:05:58 INFO     [Client:8c403#Node2]  Current active config : 204752ef-599f-459f-83d4-fb870fe1c388
2017-11-21 23:05:58 INFO     [Replica:8c402#Node2] Received failure config from olympus
2017-11-21 23:05:59 INFO     [Client:30c03#Node0] sending operation request to<Replica:30c02#Node0> with msgID : 7df76499-c0d2-41a9-98f1-c7645ffe6928 operation : {put(movie,star)}
2017-11-21 23:05:59 INFO     [Client:97003#Node1] sending operation request to<Replica:30c02#Node0> with msgID : fe4e900c-7b2d-4492-926c-ee324cd9b911 operation : {get(None,movie1)}
2017-11-21 23:05:59 INFO     [Client:8c403#Node2] sending operation request to<Replica:30c02#Node0> with msgID : 89107040-5c87-40d4-bc3b-91df3998fbc6 operation : {put(jedi,luke skywalker)}
2017-11-21 23:05:59 INFO     [Replica:30c02#Node0] Received operation {put(movie,star)} with msg id 7df76499-c0d2-41a9-98f1-c7645ffe6928
2017-11-21 23:05:59 INFO     [Replica:30c02#Node0] slot number : 1
2017-11-21 23:05:59 INFO     [Replica:30c02#Node0] Hashing the result and signing the statments for msg 7df76499-c0d2-41a9-98f1-c7645ffe6928
2017-11-21 23:05:59 INFO     [Replica:30c02#Node0] Forwarding the shuttle with signed stmnts for msg 7df76499-c0d2-41a9-98f1-c7645ffe6928 to <Replica:97002#Node1>
2017-11-21 23:05:59 INFO     [Replica:30c02#Node0] Received operation {get(movie1)} with msg id fe4e900c-7b2d-4492-926c-ee324cd9b911
2017-11-21 23:05:59 INFO     [Replica:30c02#Node0] slot number : 2
2017-11-21 23:05:59 INFO     [Replica:97002#Node1] Received shuttle from <Replica:30c02#Node0> for msg 7df76499-c0d2-41a9-98f1-c7645ffe6928
2017-11-21 23:05:59 INFO     [Replica:30c02#Node0] Hashing the result and signing the statments for msg fe4e900c-7b2d-4492-926c-ee324cd9b911
2017-11-21 23:05:59 INFO     [Replica:97002#Node1] Hashing the result and signing the statments for msg 7df76499-c0d2-41a9-98f1-c7645ffe6928
2017-11-21 23:05:59 INFO     [Replica:30c02#Node0] Forwarding the shuttle with signed stmnts for msg fe4e900c-7b2d-4492-926c-ee324cd9b911 to <Replica:97002#Node1>
2017-11-21 23:05:59 INFO     [Replica:97002#Node1] Verifying order_proof
2017-11-21 23:05:59 INFO     [Replica:30c02#Node0] Received operation {put(jedi,luke skywalker)} with msg id 89107040-5c87-40d4-bc3b-91df3998fbc6
2017-11-21 23:05:59 INFO     [Replica:30c02#Node0] slot number : 3
2017-11-21 23:05:59 INFO     [Replica:97002#Node1] Verification of order_proof succesful for msg 7df76499-c0d2-41a9-98f1-c7645ffe6928
2017-11-21 23:05:59 INFO     [Replica:97002#Node1] Verifying result_proof
2017-11-21 23:05:59 INFO     [Replica:30c02#Node0] Hashing the result and signing the statments for msg 89107040-5c87-40d4-bc3b-91df3998fbc6
2017-11-21 23:05:59 INFO     [Replica:30c02#Node0] Forwarding the shuttle with signed stmnts for msg 89107040-5c87-40d4-bc3b-91df3998fbc6 to <Replica:97002#Node1>
2017-11-21 23:05:59 INFO     [Replica:97002#Node1] Verification of result_proof succesful for msg 7df76499-c0d2-41a9-98f1-c7645ffe6928
2017-11-21 23:05:59 INFO     [Replica:97002#Node1] Forwarding the shuttle with signed stmts to <Replica:8c402#Node2> for msg 7df76499-c0d2-41a9-98f1-c7645ffe6928
2017-11-21 23:05:59 INFO     [Replica:97002#Node1] Received shuttle from <Replica:30c02#Node0> for msg fe4e900c-7b2d-4492-926c-ee324cd9b911
2017-11-21 23:05:59 INFO     [Replica:97002#Node1] Hashing the result and signing the statments for msg fe4e900c-7b2d-4492-926c-ee324cd9b911
2017-11-21 23:05:59 INFO     [Replica:8c402#Node2] Received shuttle from <Replica:97002#Node1> for msg 7df76499-c0d2-41a9-98f1-c7645ffe6928
2017-11-21 23:05:59 INFO     [Replica:97002#Node1] Verifying order_proof
2017-11-21 23:05:59 INFO     [Replica:8c402#Node2] Hashing the result and signing the statments for msg 7df76499-c0d2-41a9-98f1-c7645ffe6928
2017-11-21 23:05:59 INFO     [Replica:8c402#Node2] Verifying order_proof
2017-11-21 23:05:59 INFO     [Replica:97002#Node1] Verification of order_proof succesful for msg fe4e900c-7b2d-4492-926c-ee324cd9b911
2017-11-21 23:05:59 INFO     [Replica:97002#Node1] Verifying result_proof
2017-11-21 23:05:59 INFO     [Replica:8c402#Node2] Verification of order_proof succesful for msg 7df76499-c0d2-41a9-98f1-c7645ffe6928
2017-11-21 23:05:59 INFO     [Replica:97002#Node1] Verification of result_proof succesful for msg fe4e900c-7b2d-4492-926c-ee324cd9b911
2017-11-21 23:05:59 INFO     [Replica:97002#Node1] Forwarding the shuttle with signed stmts to <Replica:8c402#Node2> for msg fe4e900c-7b2d-4492-926c-ee324cd9b911
2017-11-21 23:05:59 INFO     [Replica:8c402#Node2] Verifying result_proof
2017-11-21 23:05:59 INFO     [Replica:97002#Node1] Received shuttle from <Replica:30c02#Node0> for msg 89107040-5c87-40d4-bc3b-91df3998fbc6
2017-11-21 23:05:59 INFO     [Replica:8c402#Node2] Verification of result_proof succesful for msg 7df76499-c0d2-41a9-98f1-c7645ffe6928
2017-11-21 23:05:59 INFO     [Replica:97002#Node1] Hashing the result and signing the statments for msg 89107040-5c87-40d4-bc3b-91df3998fbc6
2017-11-21 23:05:59 INFO     [Replica:8c402#Node2] checking if failure injection criteria is satisfied for msg 7df76499-c0d2-41a9-98f1-c7645ffe6928
2017-11-21 23:05:59 INFO     [Replica:8c402#Node2] Datastore before sending to client : {'movie': ['star']}
2017-11-21 23:05:59 INFO     [Replica:8c402#Node2] Sending result to client <Client:30c03#Node0> for msg 7df76499-c0d2-41a9-98f1-c7645ffe6928
2017-11-21 23:05:59 INFO     [Replica:97002#Node1] Verifying order_proof
2017-11-21 23:05:59 INFO     [Replica:97002#Node1] Verification of order_proof succesful for msg 89107040-5c87-40d4-bc3b-91df3998fbc6
2017-11-21 23:05:59 INFO     [Client:30c03#Node0] Received result for msg 7df76499-c0d2-41a9-98f1-c7645ffe6928
2017-11-21 23:05:59 INFO     [Client:30c03#Node0] Verifying result for msg 7df76499-c0d2-41a9-98f1-c7645ffe6928
2017-11-21 23:05:59 INFO     [Client:30c03#Node0] LENGTH : 3 7df76499-c0d2-41a9-98f1-c7645ffe6928
2017-11-21 23:05:59 INFO     [Replica:97002#Node1] Verifying result_proof
2017-11-21 23:05:59 INFO     [Client:30c03#Node0] RESULT : b'993c86df9aeaf07579b44943216571b94456b0228e65b6e09384701a7c4ab03f'
2017-11-21 23:05:59 INFO     [Replica:8c402#Node2] Received shuttle from <Replica:97002#Node1> for msg fe4e900c-7b2d-4492-926c-ee324cd9b911
2017-11-21 23:05:59 INFO     [Replica:8c402#Node2] Hashing the result and signing the statments for msg fe4e900c-7b2d-4492-926c-ee324cd9b911
2017-11-21 23:05:59 INFO     [Client:30c03#Node0] RESULT : b'993c86df9aeaf07579b44943216571b94456b0228e65b6e09384701a7c4ab03f'
2017-11-21 23:05:59 INFO     [Client:30c03#Node0] Valid t+1 found.
2017-11-21 23:05:59 INFO     [Client:30c03#Node0] Verification of result for msg 7df76499-c0d2-41a9-98f1-c7645ffe6928 succesful.
2017-11-21 23:05:59 INFO     [Client:30c03#Node0] TOTAL : 2
2017-11-21 23:05:59 INFO     [Replica:97002#Node1] Verification of result_proof succesful for msg 89107040-5c87-40d4-bc3b-91df3998fbc6
2017-11-21 23:05:59 INFO     [Client:30c03#Node0] Result verified for msg 7df76499-c0d2-41a9-98f1-c7645ffe6928 and the result is : OK
2017-11-21 23:05:59 INFO     [Replica:8c402#Node2] Verifying order_proof
2017-11-21 23:05:59 INFO     [Replica:97002#Node1] Forwarding the shuttle with signed stmts to <Replica:8c402#Node2> for msg 89107040-5c87-40d4-bc3b-91df3998fbc6
2017-11-21 23:05:59 INFO     [Replica:8c402#Node2] Verification of order_proof succesful for msg fe4e900c-7b2d-4492-926c-ee324cd9b911
2017-11-21 23:05:59 INFO     [Replica:97002#Node1] Verifying result_proof_reverse_direction
2017-11-21 23:05:59 INFO     [Replica:8c402#Node2] Verifying result_proof
2017-11-21 23:05:59 INFO     [Replica:97002#Node1] Verification of result_proof_reverse_direction succesful for msg 7df76499-c0d2-41a9-98f1-c7645ffe6928
2017-11-21 23:05:59 INFO     [Replica:8c402#Node2] Verification of result_proof succesful for msg fe4e900c-7b2d-4492-926c-ee324cd9b911
2017-11-21 23:05:59 INFO     [Replica:97002#Node1] Result shuttle received for msg - 7df76499-c0d2-41a9-98f1-c7645ffe6928, caching the result.
2017-11-21 23:05:59 INFO     [Replica:8c402#Node2] checking if failure injection criteria is satisfied for msg fe4e900c-7b2d-4492-926c-ee324cd9b911
2017-11-21 23:05:59 INFO     [Replica:8c402#Node2] Datastore before sending to client : {'movie': ['star']}
2017-11-21 23:05:59 INFO     [Replica:8c402#Node2] Sending result to client <Client:97003#Node1> for msg fe4e900c-7b2d-4492-926c-ee324cd9b911
2017-11-21 23:05:59 INFO     [Replica:30c02#Node0] Verifying result_proof_reverse_direction
2017-11-21 23:05:59 INFO     [Client:97003#Node1] Received result for msg fe4e900c-7b2d-4492-926c-ee324cd9b911
2017-11-21 23:05:59 INFO     [Client:97003#Node1] Verifying result for msg fe4e900c-7b2d-4492-926c-ee324cd9b911
2017-11-21 23:05:59 INFO     [Client:97003#Node1] LENGTH : 3 fe4e900c-7b2d-4492-926c-ee324cd9b911
2017-11-21 23:05:59 INFO     [Client:97003#Node1] RESULT : b'9238a956da94f16cf609c1b8b8ca16940cf1c77a9fb8ecf7f67ef75f6b2e0f68'
2017-11-21 23:05:59 INFO     [Replica:8c402#Node2] Received shuttle from <Replica:97002#Node1> for msg 89107040-5c87-40d4-bc3b-91df3998fbc6
2017-11-21 23:05:59 INFO     [Replica:8c402#Node2] Hashing the result and signing the statments for msg 89107040-5c87-40d4-bc3b-91df3998fbc6
2017-11-21 23:05:59 INFO     [Client:97003#Node1] RESULT : b'9238a956da94f16cf609c1b8b8ca16940cf1c77a9fb8ecf7f67ef75f6b2e0f68'
2017-11-21 23:05:59 INFO     [Client:97003#Node1] Valid t+1 found.
2017-11-21 23:05:59 INFO     [Client:97003#Node1] Verification of result for msg fe4e900c-7b2d-4492-926c-ee324cd9b911 succesful.
2017-11-21 23:05:59 INFO     [Replica:8c402#Node2] Verifying order_proof
2017-11-21 23:05:59 INFO     [Client:97003#Node1] TOTAL : 2
2017-11-21 23:05:59 INFO     [Client:97003#Node1] Result verified for msg fe4e900c-7b2d-4492-926c-ee324cd9b911 and the result is : 
2017-11-21 23:05:59 INFO     [Replica:30c02#Node0] Verification of result_proof_reverse_direction succesful for msg 7df76499-c0d2-41a9-98f1-c7645ffe6928
2017-11-21 23:05:59 INFO     [Replica:30c02#Node0] Result shuttle received for msg - 7df76499-c0d2-41a9-98f1-c7645ffe6928, caching the result.
2017-11-21 23:05:59 INFO     [Replica:8c402#Node2] Verification of order_proof succesful for msg 89107040-5c87-40d4-bc3b-91df3998fbc6
2017-11-21 23:05:59 INFO     [Replica:97002#Node1] Verifying result_proof_reverse_direction
2017-11-21 23:05:59 INFO     [Replica:8c402#Node2] Verifying result_proof
2017-11-21 23:05:59 INFO     [Replica:97002#Node1] Verification of result_proof_reverse_direction succesful for msg fe4e900c-7b2d-4492-926c-ee324cd9b911
2017-11-21 23:05:59 INFO     [Replica:97002#Node1] Result shuttle received for msg - fe4e900c-7b2d-4492-926c-ee324cd9b911, caching the result.
2017-11-21 23:05:59 INFO     [Replica:8c402#Node2] Verification of result_proof succesful for msg 89107040-5c87-40d4-bc3b-91df3998fbc6
2017-11-21 23:05:59 INFO     [Replica:8c402#Node2] checking if failure injection criteria is satisfied for msg 89107040-5c87-40d4-bc3b-91df3998fbc6
2017-11-21 23:05:59 INFO     [Replica:8c402#Node2] Datastore before sending to client : {'jedi': ['luke skywalker'], 'movie': ['star']}
2017-11-21 23:05:59 INFO     [Replica:8c402#Node2] Sending result to client <Client:8c403#Node2> for msg 89107040-5c87-40d4-bc3b-91df3998fbc6
2017-11-21 23:05:59 INFO     [Replica:30c02#Node0] Verifying result_proof_reverse_direction
2017-11-21 23:05:59 INFO     [Client:8c403#Node2] Received result for msg 89107040-5c87-40d4-bc3b-91df3998fbc6
2017-11-21 23:05:59 INFO     [Client:8c403#Node2] Verifying result for msg 89107040-5c87-40d4-bc3b-91df3998fbc6
2017-11-21 23:05:59 INFO     [Replica:30c02#Node0] Verification of result_proof_reverse_direction succesful for msg fe4e900c-7b2d-4492-926c-ee324cd9b911
2017-11-21 23:05:59 INFO     [Client:8c403#Node2] LENGTH : 3 89107040-5c87-40d4-bc3b-91df3998fbc6
2017-11-21 23:05:59 INFO     [Replica:30c02#Node0] Result shuttle received for msg - fe4e900c-7b2d-4492-926c-ee324cd9b911, caching the result.
2017-11-21 23:05:59 INFO     [Client:8c403#Node2] RESULT : b'993c86df9aeaf07579b44943216571b94456b0228e65b6e09384701a7c4ab03f'
2017-11-21 23:05:59 INFO     [Client:8c403#Node2] RESULT : b'993c86df9aeaf07579b44943216571b94456b0228e65b6e09384701a7c4ab03f'
2017-11-21 23:05:59 INFO     [Replica:97002#Node1] Verifying result_proof_reverse_direction
2017-11-21 23:05:59 INFO     [Client:8c403#Node2] Valid t+1 found.
2017-11-21 23:05:59 INFO     [Client:8c403#Node2] Verification of result for msg 89107040-5c87-40d4-bc3b-91df3998fbc6 succesful.
2017-11-21 23:05:59 INFO     [Client:8c403#Node2] TOTAL : 2
2017-11-21 23:05:59 INFO     [Client:8c403#Node2] Result verified for msg 89107040-5c87-40d4-bc3b-91df3998fbc6 and the result is : OK
2017-11-21 23:05:59 INFO     [Replica:97002#Node1] Verification of result_proof_reverse_direction succesful for msg 89107040-5c87-40d4-bc3b-91df3998fbc6
2017-11-21 23:05:59 INFO     [Replica:97002#Node1] Result shuttle received for msg - 89107040-5c87-40d4-bc3b-91df3998fbc6, caching the result.
2017-11-21 23:05:59 INFO     [Replica:30c02#Node0] Verifying result_proof_reverse_direction
2017-11-21 23:05:59 INFO     [Replica:30c02#Node0] Verification of result_proof_reverse_direction succesful for msg 89107040-5c87-40d4-bc3b-91df3998fbc6
2017-11-21 23:05:59 INFO     [Replica:30c02#Node0] Result shuttle received for msg - 89107040-5c87-40d4-bc3b-91df3998fbc6, caching the result.
2017-11-21 23:06:00 INFO     [Client:30c03#Node0] sending operation request to<Replica:30c02#Node0> with msgID : a25bb476-2e17-4640-999d-85612e5c2c45 operation : {slice(movie,0:4)}
2017-11-21 23:06:00 INFO     [Replica:30c02#Node0] Received operation {slice(movie,0:4)} with msg id a25bb476-2e17-4640-999d-85612e5c2c45
2017-11-21 23:06:00 INFO     [Replica:30c02#Node0] slot number : 4
2017-11-21 23:06:00 INFO     [Replica:30c02#Node0] Hashing the result and signing the statments for msg a25bb476-2e17-4640-999d-85612e5c2c45
2017-11-21 23:06:00 INFO     [Replica:30c02#Node0] Forwarding the shuttle with signed stmnts for msg a25bb476-2e17-4640-999d-85612e5c2c45 to <Replica:97002#Node1>
2017-11-21 23:06:00 INFO     [Client:97003#Node1] sending operation request to<Replica:30c02#Node0> with msgID : 6c1aea89-3feb-4816-82aa-fc9936b9319b operation : {get(None,movie3)}
2017-11-21 23:06:00 INFO     [Replica:30c02#Node0] Received operation {get(movie3)} with msg id 6c1aea89-3feb-4816-82aa-fc9936b9319b
2017-11-21 23:06:00 INFO     [Replica:30c02#Node0] slot number : 5
2017-11-21 23:06:00 INFO     [Replica:97002#Node1] Received shuttle from <Replica:30c02#Node0> for msg a25bb476-2e17-4640-999d-85612e5c2c45
2017-11-21 23:06:00 INFO     [Replica:30c02#Node0] Hashing the result and signing the statments for msg 6c1aea89-3feb-4816-82aa-fc9936b9319b
2017-11-21 23:06:00 INFO     [Replica:97002#Node1] Hashing the result and signing the statments for msg a25bb476-2e17-4640-999d-85612e5c2c45
2017-11-21 23:06:00 INFO     [Client:8c403#Node2] sending operation request to<Replica:30c02#Node0> with msgID : c3fe4506-e7c8-42b9-8332-f6734b52df53 operation : {slice(jedi,0:4)}
2017-11-21 23:06:00 INFO     [Replica:97002#Node1] Verifying order_proof
2017-11-21 23:06:00 INFO     [Replica:30c02#Node0] Forwarding the shuttle with signed stmnts for msg 6c1aea89-3feb-4816-82aa-fc9936b9319b to <Replica:97002#Node1>
2017-11-21 23:06:00 INFO     [Replica:30c02#Node0] Checkpoint criteria satisfied.
2017-11-21 23:06:00 INFO     [Replica:30c02#Node0] Starting checkpoint shuttle.
2017-11-21 23:06:00 INFO     [Replica:30c02#Node0] Adding the hash of the datastore to the checkpoint proof
2017-11-21 23:06:00 INFO     [Replica:97002#Node1] Verification of order_proof succesful for msg a25bb476-2e17-4640-999d-85612e5c2c45
2017-11-21 23:06:00 INFO     [Replica:97002#Node1] Verifying result_proof
2017-11-21 23:06:00 INFO     [Replica:30c02#Node0] Received operation {slice(jedi,0:4)} with msg id c3fe4506-e7c8-42b9-8332-f6734b52df53
2017-11-21 23:06:00 INFO     [Replica:30c02#Node0] slot number : 6
2017-11-21 23:06:00 INFO     [Replica:97002#Node1] Verification of result_proof succesful for msg a25bb476-2e17-4640-999d-85612e5c2c45
2017-11-21 23:06:00 INFO     [Replica:97002#Node1] Forwarding the shuttle with signed stmts to <Replica:8c402#Node2> for msg a25bb476-2e17-4640-999d-85612e5c2c45
2017-11-21 23:06:00 INFO     [Replica:30c02#Node0] Hashing the result and signing the statments for msg c3fe4506-e7c8-42b9-8332-f6734b52df53
2017-11-21 23:06:00 INFO     [Replica:30c02#Node0] Forwarding the shuttle with signed stmnts for msg c3fe4506-e7c8-42b9-8332-f6734b52df53 to <Replica:97002#Node1>
2017-11-21 23:06:00 INFO     [Replica:8c402#Node2] Received shuttle from <Replica:97002#Node1> for msg a25bb476-2e17-4640-999d-85612e5c2c45
2017-11-21 23:06:00 INFO     [Replica:97002#Node1] Received shuttle from <Replica:30c02#Node0> for msg 6c1aea89-3feb-4816-82aa-fc9936b9319b
2017-11-21 23:06:00 INFO     [Replica:8c402#Node2] Hashing the result and signing the statments for msg a25bb476-2e17-4640-999d-85612e5c2c45
2017-11-21 23:06:00 INFO     [Replica:97002#Node1] Hashing the result and signing the statments for msg 6c1aea89-3feb-4816-82aa-fc9936b9319b
2017-11-21 23:06:00 INFO     [Replica:8c402#Node2] Verifying order_proof
2017-11-21 23:06:00 INFO     [Replica:97002#Node1] Verifying order_proof
2017-11-21 23:06:00 INFO     [Replica:8c402#Node2] Verification of order_proof succesful for msg a25bb476-2e17-4640-999d-85612e5c2c45
2017-11-21 23:06:00 INFO     [Replica:8c402#Node2] Verifying result_proof
2017-11-21 23:06:00 INFO     [Replica:97002#Node1] Verification of order_proof succesful for msg 6c1aea89-3feb-4816-82aa-fc9936b9319b
2017-11-21 23:06:00 INFO     [Replica:8c402#Node2] Verification of result_proof succesful for msg a25bb476-2e17-4640-999d-85612e5c2c45
2017-11-21 23:06:00 INFO     [Replica:8c402#Node2] checking if failure injection criteria is satisfied for msg a25bb476-2e17-4640-999d-85612e5c2c45
2017-11-21 23:06:00 INFO     [Replica:8c402#Node2] Datastore before sending to client : {'jedi': ['luke skywalker'], 'movie': ['star']}
2017-11-21 23:06:00 INFO     [Replica:8c402#Node2] Sending result to client <Client:30c03#Node0> for msg a25bb476-2e17-4640-999d-85612e5c2c45
2017-11-21 23:06:00 INFO     [Replica:97002#Node1] Verifying result_proof
2017-11-21 23:06:00 INFO     [Replica:97002#Node1] Verification of result_proof succesful for msg 6c1aea89-3feb-4816-82aa-fc9936b9319b
2017-11-21 23:06:00 INFO     [Client:30c03#Node0] Received result for msg a25bb476-2e17-4640-999d-85612e5c2c45
2017-11-21 23:06:00 INFO     [Client:30c03#Node0] Verifying result for msg a25bb476-2e17-4640-999d-85612e5c2c45
2017-11-21 23:06:00 INFO     [Client:30c03#Node0] LENGTH : 3 a25bb476-2e17-4640-999d-85612e5c2c45
2017-11-21 23:06:00 INFO     [Replica:97002#Node1] Forwarding the shuttle with signed stmts to <Replica:8c402#Node2> for msg 6c1aea89-3feb-4816-82aa-fc9936b9319b
2017-11-21 23:06:00 INFO     [Client:30c03#Node0] RESULT : b'0b4ee27b0dcd5c35983a678b1d817f059136c8569c52b96b0ebce54cb49c6a74'
2017-11-21 23:06:00 INFO     [Replica:97002#Node1] Received checkpoint shuttle from <Replica:30c02#Node0>
2017-11-21 23:06:00 INFO     [Replica:8c402#Node2] Received shuttle from <Replica:97002#Node1> for msg 6c1aea89-3feb-4816-82aa-fc9936b9319b
2017-11-21 23:06:00 INFO     [Replica:8c402#Node2] Hashing the result and signing the statments for msg 6c1aea89-3feb-4816-82aa-fc9936b9319b
2017-11-21 23:06:00 INFO     [Replica:97002#Node1] Adding the hash of the datastore to the checkpoint proof
2017-11-21 23:06:00 INFO     [Replica:8c402#Node2] Verifying order_proof
2017-11-21 23:06:00 INFO     [Client:30c03#Node0] RESULT : b'0b4ee27b0dcd5c35983a678b1d817f059136c8569c52b96b0ebce54cb49c6a74'
2017-11-21 23:06:00 INFO     [Client:30c03#Node0] Valid t+1 found.
2017-11-21 23:06:00 INFO     [Replica:97002#Node1] Received shuttle from <Replica:30c02#Node0> for msg c3fe4506-e7c8-42b9-8332-f6734b52df53
2017-11-21 23:06:00 INFO     [Client:30c03#Node0] Verification of result for msg a25bb476-2e17-4640-999d-85612e5c2c45 succesful.
2017-11-21 23:06:00 INFO     [Replica:97002#Node1] Hashing the result and signing the statments for msg c3fe4506-e7c8-42b9-8332-f6734b52df53
2017-11-21 23:06:00 INFO     [Client:30c03#Node0] TOTAL : 2
2017-11-21 23:06:00 INFO     [Client:30c03#Node0] Result verified for msg a25bb476-2e17-4640-999d-85612e5c2c45 and the result is : FAIL
2017-11-21 23:06:00 INFO     [Replica:97002#Node1] Verifying order_proof
2017-11-21 23:06:00 INFO     [Replica:8c402#Node2] Verification of order_proof succesful for msg 6c1aea89-3feb-4816-82aa-fc9936b9319b
2017-11-21 23:06:00 INFO     [Replica:8c402#Node2] Verifying result_proof
2017-11-21 23:06:00 INFO     [Replica:97002#Node1] Verification of order_proof succesful for msg c3fe4506-e7c8-42b9-8332-f6734b52df53
2017-11-21 23:06:00 INFO     [Replica:97002#Node1] Verifying result_proof
2017-11-21 23:06:00 INFO     [Replica:8c402#Node2] Verification of result_proof succesful for msg 6c1aea89-3feb-4816-82aa-fc9936b9319b
2017-11-21 23:06:00 INFO     [Replica:8c402#Node2] checking if failure injection criteria is satisfied for msg 6c1aea89-3feb-4816-82aa-fc9936b9319b
2017-11-21 23:06:00 INFO     [Replica:97002#Node1] Verification of result_proof succesful for msg c3fe4506-e7c8-42b9-8332-f6734b52df53
2017-11-21 23:06:00 INFO     [Replica:8c402#Node2] Failure Injection condition satisfied for msg 6c1aea89-3feb-4816-82aa-fc9936b9319b
2017-11-21 23:06:00 INFO     [Replica:97002#Node1] Forwarding the shuttle with signed stmts to <Replica:8c402#Node2> for msg c3fe4506-e7c8-42b9-8332-f6734b52df53
2017-11-21 23:06:00 INFO     [Replica:8c402#Node2]  Performing failure operation : change_result
2017-11-21 23:06:00 INFO     [Replica:8c402#Node2] Adding fake hash(OK) as result hash.
2017-11-21 23:06:00 INFO     [Replica:8c402#Node2]  Performing failure operation : drop_result_stmt
2017-11-21 23:06:00 INFO     [Replica:97002#Node1] Verifying result_proof_reverse_direction
2017-11-21 23:06:00 INFO     [Replica:8c402#Node2] Dropping head result statement.
2017-11-21 23:06:00 INFO     [Replica:8c402#Node2] Datastore before sending to client : {'jedi': ['luke skywalker'], 'movie': ['star']}
2017-11-21 23:06:00 INFO     [Replica:8c402#Node2] Sending result to client <Client:97003#Node1> for msg 6c1aea89-3feb-4816-82aa-fc9936b9319b
2017-11-21 23:06:00 INFO     [Replica:97002#Node1] Verification of result_proof_reverse_direction succesful for msg a25bb476-2e17-4640-999d-85612e5c2c45
2017-11-21 23:06:00 INFO     [Replica:97002#Node1] Result shuttle received for msg - a25bb476-2e17-4640-999d-85612e5c2c45, caching the result.
2017-11-21 23:06:00 INFO     [Client:97003#Node1] Received result for msg 6c1aea89-3feb-4816-82aa-fc9936b9319b
2017-11-21 23:06:00 INFO     [Client:97003#Node1] Verifying result for msg 6c1aea89-3feb-4816-82aa-fc9936b9319b
2017-11-21 23:06:00 INFO     [Client:97003#Node1] LENGTH : 2 6c1aea89-3feb-4816-82aa-fc9936b9319b
2017-11-21 23:06:00 INFO     [Replica:8c402#Node2] Received checkpoint shuttle from <Replica:97002#Node1>
2017-11-21 23:06:00 INFO     [Client:97003#Node1] RESULT : b'9238a956da94f16cf609c1b8b8ca16940cf1c77a9fb8ecf7f67ef75f6b2e0f68'
2017-11-21 23:06:00 INFO     [Client:97003#Node1] RESULT : b'b4f0daf2fa9e3c65c8b69f6b91328070e0be661ba052159368055197aafa5ef8'
2017-11-21 23:06:00 INFO     [Replica:97002#Node1] Verifying result_proof_reverse_direction
2017-11-21 23:06:00 INFO     [Client:97003#Node1] Valid t+1 is not found.
2017-11-21 23:06:00 ERROR    [Replica:97002#Node1] Result shuttle verification failed for msg 6c1aea89-3feb-4816-82aa-fc9936b9319b, we need to request olympus to reconfigure
2017-11-21 23:06:00 ERROR    [Client:97003#Node1] Result verification failed for msg 6c1aea89-3feb-4816-82aa-fc9936b9319b, asking olympus to reconfigure
2017-11-21 23:06:00 INFO     [Replica:30c02#Node0] Verifying result_proof_reverse_direction
2017-11-21 23:06:00 INFO     [Client:97003#Node1] Making 6c1aea89-3feb-4816-82aa-fc9936b9319bas pending.
2017-11-21 23:06:00 INFO     [OLYMPUS] Received reconfig request from <Replica:97002#Node1>
2017-11-21 23:06:00 INFO     [OLYMPUS] Requesting wedged data and also asking replicas to become immutable.
2017-11-21 23:06:00 INFO     [Replica:30c02#Node0] Verification of result_proof_reverse_direction succesful for msg a25bb476-2e17-4640-999d-85612e5c2c45
2017-11-21 23:06:00 INFO     [Replica:30c02#Node0] Result shuttle received for msg - a25bb476-2e17-4640-999d-85612e5c2c45, caching the result.
2017-11-21 23:06:00 INFO     [Replica:8c402#Node2] Adding the hash of the datastore to the checkpoint proof
2017-11-21 23:06:00 INFO     [Replica:8c402#Node2] checking if failure injection criteria is satisfied for msg checkpoint_request
2017-11-21 23:06:00 INFO     [Replica:30c02#Node0] Received reconfig command from olympus, making wedged data and sending it to olympus.
2017-11-21 23:06:00 INFO     [Replica:8c402#Node2] checking if failure injection criteria is satisfied for msg checkpoint_request
2017-11-21 23:06:00 INFO     [Replica:8c402#Node2] Verifying checkpoint.
2017-11-21 23:06:00 INFO     [Replica:8c402#Node2] Checkpoint verification success.
2017-11-21 23:06:00 INFO     [Replica:8c402#Node2] Truncating the history till slot : 4
2017-11-21 23:06:00 INFO     [Replica:8c402#Node2] Saving the checkpoint information.
2017-11-21 23:06:00 INFO     [OLYMPUS] Received reconfig request from a client, along with the proof. Let us verify the proof first.
2017-11-21 23:06:00 INFO     [OLYMPUS] Proof of misbehaviour verified, let us start the process of reconfig.
2017-11-21 23:06:00 INFO     [Replica:97002#Node1] Received reconfig command from olympus, making wedged data and sending it to olympus.
2017-11-21 23:06:00 INFO     [Replica:8c402#Node2] Received shuttle from <Replica:97002#Node1> for msg c3fe4506-e7c8-42b9-8332-f6734b52df53
2017-11-21 23:06:00 INFO     [Replica:8c402#Node2] Hashing the result and signing the statments for msg c3fe4506-e7c8-42b9-8332-f6734b52df53
2017-11-21 23:06:00 INFO     [Replica:97002#Node1] State changed to immutable.
2017-11-21 23:06:00 INFO     [Replica:8c402#Node2] Verifying order_proof
2017-11-21 23:06:00 INFO     [Replica:8c402#Node2] Verification of order_proof succesful for msg c3fe4506-e7c8-42b9-8332-f6734b52df53
2017-11-21 23:06:00 INFO     [OLYMPUS] Received wedged data from <Replica:30c02#Node0>
2017-11-21 23:06:00 INFO     [Replica:8c402#Node2] Verifying result_proof
2017-11-21 23:06:00 INFO     [Replica:8c402#Node2] Verification of result_proof succesful for msg c3fe4506-e7c8-42b9-8332-f6734b52df53
2017-11-21 23:06:00 INFO     [Replica:8c402#Node2] checking if failure injection criteria is satisfied for msg c3fe4506-e7c8-42b9-8332-f6734b52df53
2017-11-21 23:06:00 INFO     [Replica:8c402#Node2] Datastore before sending to client : {'jedi': ['luke skywalker'], 'movie': ['star']}
2017-11-21 23:06:00 INFO     [Replica:8c402#Node2] Sending result to client <Client:8c403#Node2> for msg c3fe4506-e7c8-42b9-8332-f6734b52df53
2017-11-21 23:06:00 INFO     [OLYMPUS] Received wedged data from <Replica:97002#Node1>
2017-11-21 23:06:00 INFO     [OLYMPUS] Received t+1 wedge responses, starts making quorums.
2017-11-21 23:06:00 INFO     [OLYMPUS] Replicas in current quorum :  (<Replica:30c02#Node0>, <Replica:97002#Node1>)
2017-11-21 23:06:00 INFO     [OLYMPUS] Checking if checkpoint details are consistent.
2017-11-21 23:06:00 INFO     [OLYMPUS] Checkpoint is consistent.
2017-11-21 23:06:00 INFO     [OLYMPUS] Checking if history details are consistent.
2017-11-21 23:06:00 INFO     [OLYMPUS] History is consistent.
2017-11-21 23:06:00 INFO     [OLYMPUS] Valid quorum found and checking if we need to catch up the history.
2017-11-21 23:06:00 INFO     [OLYMPUS] No need to catch up, lets just get the latest result for all clients
2017-11-21 23:06:00 INFO     [Client:8c403#Node2] Received result for msg c3fe4506-e7c8-42b9-8332-f6734b52df53
2017-11-21 23:06:00 INFO     [Replica:8c402#Node2] Received reconfig command from olympus, making wedged data and sending it to olympus.
2017-11-21 23:06:00 INFO     [Client:8c403#Node2] Verifying result for msg c3fe4506-e7c8-42b9-8332-f6734b52df53
2017-11-21 23:06:00 INFO     [Replica:8c402#Node2] checking if failure injection criteria is satisfied for msg wedge_request
2017-11-21 23:06:00 INFO     [Client:8c403#Node2] LENGTH : 3 c3fe4506-e7c8-42b9-8332-f6734b52df53
2017-11-21 23:06:00 INFO     [Replica:30c02#Node0] State changed to immutable.
2017-11-21 23:06:00 INFO     [Client:8c403#Node2] RESULT : b'0b4ee27b0dcd5c35983a678b1d817f059136c8569c52b96b0ebce54cb49c6a74'
2017-11-21 23:06:00 INFO     [Replica:8c402#Node2] State changed to immutable.
2017-11-21 23:06:00 INFO     [Client:8c403#Node2] RESULT : b'0b4ee27b0dcd5c35983a678b1d817f059136c8569c52b96b0ebce54cb49c6a74'
2017-11-21 23:06:00 INFO     [Client:8c403#Node2] Valid t+1 found.
2017-11-21 23:06:00 INFO     [Client:8c403#Node2] Verification of result for msg c3fe4506-e7c8-42b9-8332-f6734b52df53 succesful.
2017-11-21 23:06:00 INFO     [Client:8c403#Node2] TOTAL : 2
2017-11-21 23:06:00 INFO     [Client:8c403#Node2] Result verified for msg c3fe4506-e7c8-42b9-8332-f6734b52df53 and the result is : FAIL
2017-11-21 23:06:00 INFO     [OLYMPUS] Received wedged data from <Replica:8c402#Node2>
2017-11-21 23:06:00 INFO     [OLYMPUS] Sending pending results to the clients.
2017-11-21 23:06:00 INFO     [OLYMPUS] Catch up successfull, getting the running state.
2017-11-21 23:06:00 INFO     [Replica:30c02#Node0] Received request for running state, encrypting and sending the state
2017-11-21 23:06:00 INFO     [Replica:97002#Node1] Received request for running state, encrypting and sending the state
2017-11-21 23:06:00 INFO     [OLYMPUS] Received running state from <Replica:30c02#Node0>
2017-11-21 23:06:00 INFO     [OLYMPUS] Received running state from <Replica:97002#Node1>
2017-11-21 23:06:00 INFO     [OLYMPUS] Running state verified.
2017-11-21 23:06:00 INFO     [OLYMPUS] Running state : {'jedi': ['luke skywalker'], 'movie': ['star']}
2017-11-21 23:06:00 INFO     [OLYMPUS] Deleting old replicas.
2017-11-21 23:06:00 INFO     [Replica:30c02#Node0] Process killed.
2017-11-21 23:06:00 INFO     [Replica:97002#Node1] Process killed.
2017-11-21 23:06:00 INFO     [OLYMPUS] Starting new set of processes for reconfiguration.
2017-11-21 23:06:00 INFO     [OLYMPUS] Creating new replicas.
2017-11-21 23:06:00 INFO     [Replica:8c402#Node2] Process killed.
2017-11-21 23:06:00 INFO     [OLYMPUS] Generating signing and verification keys.
2017-11-21 23:06:00 INFO     [OLYMPUS] Head is <Replica:30c04#Node0>
2017-11-21 23:06:00 INFO     [Replica:30c04#Node0] Setup complete
2017-11-21 23:06:00 INFO     [Replica:97004#Node1] Setup complete
2017-11-21 23:06:00 INFO     [OLYMPUS] Tail is <Replica:8c404#Node2>
2017-11-21 23:06:00 INFO     [Replica:8c404#Node2] Setup complete
2017-11-21 23:06:00 INFO     [OLYMPUS] Chain---> <Replica:30c04#Node0>--><Replica:97004#Node1>--><Replica:8c404#Node2>-->
2017-11-21 23:06:00 INFO     [OLYMPUS] CURRENT CONFIG : 08e3d169-1caf-4b70-9489-c6dad247cff8
2017-11-21 23:06:00 INFO     [Replica:30c04#Node0] Received client information
2017-11-21 23:06:00 INFO     [Replica:30c04#Node0] Olympus info registered : <Olympus:3bc02#Node>
2017-11-21 23:06:00 INFO     [Replica:97004#Node1] Received client information
2017-11-21 23:06:00 INFO     [Replica:8c404#Node2] Received client information
2017-11-21 23:06:00 INFO     [Replica:97004#Node1] Olympus info registered : <Olympus:3bc02#Node>
2017-11-21 23:06:00 INFO     [Replica:8c404#Node2] Olympus info registered : <Olympus:3bc02#Node>
2017-11-21 23:06:01 INFO     [Client:97003#Node1] Received result for msg 6c1aea89-3feb-4816-82aa-fc9936b9319b
2017-11-21 23:06:01 INFO     [Client:97003#Node1] Result verified for msg 6c1aea89-3feb-4816-82aa-fc9936b9319b and the result is : 
2017-11-21 23:06:08 INFO     [Client:30c03#Node0] Contacting olympus to check if config is changed.
2017-11-21 23:06:08 INFO     [Client:97003#Node1] Contacting olympus to check if config is changed.
2017-11-21 23:06:08 INFO     [Client:8c403#Node2] Contacting olympus to check if config is changed.
2017-11-21 23:06:08 INFO     [OLYMPUS] Received config change check request from client <Client:30c03#Node0>
2017-11-21 23:06:08 INFO     [Client:30c03#Node0] Configration has been changed, need to resend pending requests to new head.
2017-11-21 23:06:08 INFO     [OLYMPUS] Received config change check request from client <Client:97003#Node1>
2017-11-21 23:06:08 INFO     [Client:30c03#Node0] Requesting new replica details.
2017-11-21 23:06:08 INFO     [Client:97003#Node1] Configration has been changed, need to resend pending requests to new head.
2017-11-21 23:06:08 INFO     [Client:97003#Node1] Requesting new replica details.
2017-11-21 23:06:08 INFO     [OLYMPUS] Received config change check request from client <Client:8c403#Node2>
2017-11-21 23:06:08 INFO     [Client:8c403#Node2] Configration has been changed, need to resend pending requests to new head.
2017-11-21 23:06:08 INFO     [OLYMPUS] Sending replica details to client <Client:30c03#Node0>
2017-11-21 23:06:08 INFO     [Client:8c403#Node2] Requesting new replica details.
2017-11-21 23:06:08 INFO     [OLYMPUS] Sending replica details to client <Client:97003#Node1>
2017-11-21 23:06:08 INFO     [Client:30c03#Node0] Received replica details from olympus
2017-11-21 23:06:08 INFO     [Client:30c03#Node0] sending operation request to<Replica:30c04#Node0> with msgID : 1eab6a81-b7d2-4764-b637-c3103027edbd operation : {append(movie,wars)}
2017-11-21 23:06:08 INFO     [OLYMPUS] Sending replica details to client <Client:8c403#Node2>
2017-11-21 23:06:08 INFO     [Replica:30c04#Node0] Received operation {append(movie,wars)} with msg id 1eab6a81-b7d2-4764-b637-c3103027edbd
2017-11-21 23:06:08 INFO     [Replica:30c04#Node0] slot number : 7
2017-11-21 23:06:08 INFO     [Client:8c403#Node2] Received replica details from olympus
2017-11-21 23:06:08 INFO     [Client:97003#Node1] Received replica details from olympus
2017-11-21 23:06:08 INFO     [Client:97003#Node1] sending operation request to<Replica:30c04#Node0> with msgID : 063d2e27-dca6-4d94-8ea3-e36164c6979f operation : {put(movie2,pulp)}
2017-11-21 23:06:08 INFO     [Client:8c403#Node2] sending operation request to<Replica:30c04#Node0> with msgID : 65b27cfa-0b72-42d4-babf-23afa01f188d operation : {get(None,jedi)}
2017-11-21 23:06:08 INFO     [Replica:30c04#Node0] Hashing the result and signing the statments for msg 1eab6a81-b7d2-4764-b637-c3103027edbd
2017-11-21 23:06:08 INFO     [Replica:30c04#Node0] Forwarding the shuttle with signed stmnts for msg 1eab6a81-b7d2-4764-b637-c3103027edbd to <Replica:97004#Node1>
2017-11-21 23:06:08 INFO     [Replica:97004#Node1] Received shuttle from <Replica:30c04#Node0> for msg 1eab6a81-b7d2-4764-b637-c3103027edbd
2017-11-21 23:06:08 INFO     [Replica:97004#Node1] Hashing the result and signing the statments for msg 1eab6a81-b7d2-4764-b637-c3103027edbd
2017-11-21 23:06:08 INFO     [Replica:97004#Node1] Verifying order_proof
2017-11-21 23:06:08 INFO     [Replica:30c04#Node0] Received operation {put(movie2,pulp)} with msg id 063d2e27-dca6-4d94-8ea3-e36164c6979f
2017-11-21 23:06:08 INFO     [Replica:30c04#Node0] slot number : 8
2017-11-21 23:06:08 INFO     [Replica:97004#Node1] Verification of order_proof succesful for msg 1eab6a81-b7d2-4764-b637-c3103027edbd
2017-11-21 23:06:08 INFO     [Replica:97004#Node1] Verifying result_proof
2017-11-21 23:06:08 INFO     [Replica:30c04#Node0] Hashing the result and signing the statments for msg 063d2e27-dca6-4d94-8ea3-e36164c6979f
2017-11-21 23:06:08 INFO     [Replica:30c04#Node0] Forwarding the shuttle with signed stmnts for msg 063d2e27-dca6-4d94-8ea3-e36164c6979f to <Replica:97004#Node1>
2017-11-21 23:06:08 INFO     [Replica:97004#Node1] Verification of result_proof succesful for msg 1eab6a81-b7d2-4764-b637-c3103027edbd
2017-11-21 23:06:08 INFO     [Replica:97004#Node1] Forwarding the shuttle with signed stmts to <Replica:8c404#Node2> for msg 1eab6a81-b7d2-4764-b637-c3103027edbd
2017-11-21 23:06:08 INFO     [Replica:30c04#Node0] Received operation {get(jedi)} with msg id 65b27cfa-0b72-42d4-babf-23afa01f188d
2017-11-21 23:06:08 INFO     [Replica:30c04#Node0] slot number : 9
2017-11-21 23:06:08 INFO     [Replica:97004#Node1] Received shuttle from <Replica:30c04#Node0> for msg 063d2e27-dca6-4d94-8ea3-e36164c6979f
2017-11-21 23:06:08 INFO     [Replica:97004#Node1] Hashing the result and signing the statments for msg 063d2e27-dca6-4d94-8ea3-e36164c6979f
2017-11-21 23:06:08 INFO     [Replica:97004#Node1] Verifying order_proof
2017-11-21 23:06:08 INFO     [Replica:8c404#Node2] Received shuttle from <Replica:97004#Node1> for msg 1eab6a81-b7d2-4764-b637-c3103027edbd
2017-11-21 23:06:08 INFO     [Replica:8c404#Node2] Hashing the result and signing the statments for msg 1eab6a81-b7d2-4764-b637-c3103027edbd
2017-11-21 23:06:08 INFO     [Replica:97004#Node1] Verification of order_proof succesful for msg 063d2e27-dca6-4d94-8ea3-e36164c6979f
2017-11-21 23:06:08 INFO     [Replica:97004#Node1] Verifying result_proof
2017-11-21 23:06:08 INFO     [Replica:8c404#Node2] Verifying order_proof
2017-11-21 23:06:08 INFO     [Replica:97004#Node1] Verification of result_proof succesful for msg 063d2e27-dca6-4d94-8ea3-e36164c6979f
2017-11-21 23:06:08 INFO     [Replica:97004#Node1] Forwarding the shuttle with signed stmts to <Replica:8c404#Node2> for msg 063d2e27-dca6-4d94-8ea3-e36164c6979f
2017-11-21 23:06:08 INFO     [Replica:30c04#Node0] Hashing the result and signing the statments for msg 65b27cfa-0b72-42d4-babf-23afa01f188d
2017-11-21 23:06:08 INFO     [Replica:8c404#Node2] Verification of order_proof succesful for msg 1eab6a81-b7d2-4764-b637-c3103027edbd
2017-11-21 23:06:08 INFO     [Replica:30c04#Node0] Forwarding the shuttle with signed stmnts for msg 65b27cfa-0b72-42d4-babf-23afa01f188d to <Replica:97004#Node1>
2017-11-21 23:06:08 INFO     [Replica:8c404#Node2] Verifying result_proof
2017-11-21 23:06:08 INFO     [Replica:97004#Node1] Received shuttle from <Replica:30c04#Node0> for msg 65b27cfa-0b72-42d4-babf-23afa01f188d
2017-11-21 23:06:08 INFO     [Replica:97004#Node1] Hashing the result and signing the statments for msg 65b27cfa-0b72-42d4-babf-23afa01f188d
2017-11-21 23:06:08 INFO     [Replica:97004#Node1] Verifying order_proof
2017-11-21 23:06:08 INFO     [Replica:8c404#Node2] Verification of result_proof succesful for msg 1eab6a81-b7d2-4764-b637-c3103027edbd
2017-11-21 23:06:08 INFO     [Replica:8c404#Node2] Datastore before sending to client : {'jedi': ['luke skywalker'], 'movie': ['star', 'wars']}
2017-11-21 23:06:08 INFO     [Replica:8c404#Node2] Sending result to client <Client:30c03#Node0> for msg 1eab6a81-b7d2-4764-b637-c3103027edbd
2017-11-21 23:06:08 INFO     [Replica:97004#Node1] Verification of order_proof succesful for msg 65b27cfa-0b72-42d4-babf-23afa01f188d
2017-11-21 23:06:08 INFO     [Replica:97004#Node1] Verifying result_proof
2017-11-21 23:06:08 INFO     [Replica:8c404#Node2] Received shuttle from <Replica:97004#Node1> for msg 063d2e27-dca6-4d94-8ea3-e36164c6979f
2017-11-21 23:06:08 INFO     [Replica:8c404#Node2] Hashing the result and signing the statments for msg 063d2e27-dca6-4d94-8ea3-e36164c6979f
2017-11-21 23:06:08 INFO     [Replica:8c404#Node2] Verifying order_proof
2017-11-21 23:06:08 INFO     [Client:30c03#Node0] Received result for msg 1eab6a81-b7d2-4764-b637-c3103027edbd
2017-11-21 23:06:08 INFO     [Client:30c03#Node0] Verifying result for msg 1eab6a81-b7d2-4764-b637-c3103027edbd
2017-11-21 23:06:08 INFO     [Replica:97004#Node1] Verification of result_proof succesful for msg 65b27cfa-0b72-42d4-babf-23afa01f188d
2017-11-21 23:06:08 INFO     [Client:30c03#Node0] LENGTH : 3 1eab6a81-b7d2-4764-b637-c3103027edbd
2017-11-21 23:06:08 INFO     [Replica:97004#Node1] Forwarding the shuttle with signed stmts to <Replica:8c404#Node2> for msg 65b27cfa-0b72-42d4-babf-23afa01f188d
2017-11-21 23:06:08 INFO     [Replica:8c404#Node2] Verification of order_proof succesful for msg 063d2e27-dca6-4d94-8ea3-e36164c6979f
2017-11-21 23:06:08 INFO     [Client:30c03#Node0] RESULT : b'993c86df9aeaf07579b44943216571b94456b0228e65b6e09384701a7c4ab03f'
2017-11-21 23:06:08 INFO     [Replica:8c404#Node2] Verifying result_proof
2017-11-21 23:06:08 INFO     [Client:30c03#Node0] RESULT : b'993c86df9aeaf07579b44943216571b94456b0228e65b6e09384701a7c4ab03f'
2017-11-21 23:06:08 INFO     [Client:30c03#Node0] Valid t+1 found.
2017-11-21 23:06:08 INFO     [Client:30c03#Node0] Verification of result for msg 1eab6a81-b7d2-4764-b637-c3103027edbd succesful.
2017-11-21 23:06:08 INFO     [Client:30c03#Node0] TOTAL : 2
2017-11-21 23:06:08 INFO     [Client:30c03#Node0] Result verified for msg 1eab6a81-b7d2-4764-b637-c3103027edbd and the result is : OK
2017-11-21 23:06:08 INFO     [Replica:8c404#Node2] Verification of result_proof succesful for msg 063d2e27-dca6-4d94-8ea3-e36164c6979f
2017-11-21 23:06:08 INFO     [Replica:8c404#Node2] Datastore before sending to client : {'jedi': ['luke skywalker'], 'movie2': ['pulp'], 'movie': ['star', 'wars']}
2017-11-21 23:06:08 INFO     [Replica:97004#Node1] Verifying result_proof_reverse_direction
2017-11-21 23:06:08 INFO     [Replica:8c404#Node2] Sending result to client <Client:97003#Node1> for msg 063d2e27-dca6-4d94-8ea3-e36164c6979f
2017-11-21 23:06:08 INFO     [Replica:97004#Node1] Verification of result_proof_reverse_direction succesful for msg 1eab6a81-b7d2-4764-b637-c3103027edbd
2017-11-21 23:06:08 INFO     [Replica:97004#Node1] Result shuttle received for msg - 1eab6a81-b7d2-4764-b637-c3103027edbd, caching the result.
2017-11-21 23:06:08 INFO     [Client:97003#Node1] Received result for msg 063d2e27-dca6-4d94-8ea3-e36164c6979f
2017-11-21 23:06:08 INFO     [Replica:8c404#Node2] Received shuttle from <Replica:97004#Node1> for msg 65b27cfa-0b72-42d4-babf-23afa01f188d
2017-11-21 23:06:08 INFO     [Replica:8c404#Node2] Hashing the result and signing the statments for msg 65b27cfa-0b72-42d4-babf-23afa01f188d
2017-11-21 23:06:08 INFO     [Replica:97004#Node1] Verifying result_proof_reverse_direction
2017-11-21 23:06:08 INFO     [Client:97003#Node1] Verifying result for msg 063d2e27-dca6-4d94-8ea3-e36164c6979f
2017-11-21 23:06:08 INFO     [Client:97003#Node1] LENGTH : 3 063d2e27-dca6-4d94-8ea3-e36164c6979f
2017-11-21 23:06:08 INFO     [Replica:8c404#Node2] Verifying order_proof
2017-11-21 23:06:08 INFO     [Client:97003#Node1] RESULT : b'993c86df9aeaf07579b44943216571b94456b0228e65b6e09384701a7c4ab03f'
2017-11-21 23:06:08 INFO     [Client:97003#Node1] RESULT : b'993c86df9aeaf07579b44943216571b94456b0228e65b6e09384701a7c4ab03f'
2017-11-21 23:06:08 INFO     [Client:97003#Node1] Valid t+1 found.
2017-11-21 23:06:08 INFO     [Replica:8c404#Node2] Verification of order_proof succesful for msg 65b27cfa-0b72-42d4-babf-23afa01f188d
2017-11-21 23:06:08 INFO     [Replica:97004#Node1] Verification of result_proof_reverse_direction succesful for msg 063d2e27-dca6-4d94-8ea3-e36164c6979f
2017-11-21 23:06:08 INFO     [Client:97003#Node1] Verification of result for msg 063d2e27-dca6-4d94-8ea3-e36164c6979f succesful.
2017-11-21 23:06:08 INFO     [Client:97003#Node1] TOTAL : 2
2017-11-21 23:06:08 INFO     [Replica:97004#Node1] Result shuttle received for msg - 063d2e27-dca6-4d94-8ea3-e36164c6979f, caching the result.
2017-11-21 23:06:08 INFO     [Client:97003#Node1] Result verified for msg 063d2e27-dca6-4d94-8ea3-e36164c6979f and the result is : OK
2017-11-21 23:06:08 INFO     [Replica:8c404#Node2] Verifying result_proof
2017-11-21 23:06:08 INFO     [Replica:30c04#Node0] Verifying result_proof_reverse_direction
2017-11-21 23:06:08 INFO     [Replica:8c404#Node2] Verification of result_proof succesful for msg 65b27cfa-0b72-42d4-babf-23afa01f188d
2017-11-21 23:06:08 INFO     [Replica:8c404#Node2] Datastore before sending to client : {'jedi': ['luke skywalker'], 'movie2': ['pulp'], 'movie': ['star', 'wars']}
2017-11-21 23:06:08 INFO     [Replica:8c404#Node2] Sending result to client <Client:8c403#Node2> for msg 65b27cfa-0b72-42d4-babf-23afa01f188d
2017-11-21 23:06:08 INFO     [Replica:30c04#Node0] Verification of result_proof_reverse_direction succesful for msg 1eab6a81-b7d2-4764-b637-c3103027edbd
2017-11-21 23:06:08 INFO     [Replica:30c04#Node0] Result shuttle received for msg - 1eab6a81-b7d2-4764-b637-c3103027edbd, caching the result.
2017-11-21 23:06:08 INFO     [Replica:30c04#Node0] Verifying result_proof_reverse_direction
2017-11-21 23:06:08 INFO     [Client:8c403#Node2] Received result for msg 65b27cfa-0b72-42d4-babf-23afa01f188d
2017-11-21 23:06:08 INFO     [Client:8c403#Node2] Verifying result for msg 65b27cfa-0b72-42d4-babf-23afa01f188d
2017-11-21 23:06:08 INFO     [Client:8c403#Node2] LENGTH : 3 65b27cfa-0b72-42d4-babf-23afa01f188d
2017-11-21 23:06:08 INFO     [Client:8c403#Node2] RESULT : b'c2f720fc6f4f448bf09952a5a12fc74d351759ce3bf336c2fd96028b3b12131d'
2017-11-21 23:06:08 INFO     [Replica:30c04#Node0] Verification of result_proof_reverse_direction succesful for msg 063d2e27-dca6-4d94-8ea3-e36164c6979f
2017-11-21 23:06:08 INFO     [Replica:30c04#Node0] Result shuttle received for msg - 063d2e27-dca6-4d94-8ea3-e36164c6979f, caching the result.
2017-11-21 23:06:08 INFO     [Client:8c403#Node2] RESULT : b'c2f720fc6f4f448bf09952a5a12fc74d351759ce3bf336c2fd96028b3b12131d'
2017-11-21 23:06:08 INFO     [Client:8c403#Node2] Valid t+1 found.
2017-11-21 23:06:08 INFO     [Client:8c403#Node2] Verification of result for msg 65b27cfa-0b72-42d4-babf-23afa01f188d succesful.
2017-11-21 23:06:08 INFO     [Client:8c403#Node2] TOTAL : 2
2017-11-21 23:06:08 INFO     [Client:8c403#Node2] Result verified for msg 65b27cfa-0b72-42d4-babf-23afa01f188d and the result is : ['luke skywalker']
2017-11-21 23:06:08 INFO     [Client:8c403#Node2] sending data store query request to head
2017-11-21 23:06:08 INFO     [Replica:30c04#Node0] Received data_store query from client <Client:8c403#Node2>
2017-11-21 23:06:08 INFO     [Replica:97004#Node1] Verifying result_proof_reverse_direction
2017-11-21 23:06:08 INFO     [Replica:30c04#Node0] Sent data_store to requesting client <Client:8c403#Node2>
2017-11-21 23:06:08 INFO     [Client:8c403#Node2] head_data_store receieved from head
2017-11-21 23:06:08 INFO     [Client:8c403#Node2] verifying data store query request result from head to local data store
2017-11-21 23:06:08 INFO     [Client:8c403#Node2] Verification  of datastore succeeded.
2017-11-21 23:06:08 INFO     [Replica:97004#Node1] Verification of result_proof_reverse_direction succesful for msg 65b27cfa-0b72-42d4-babf-23afa01f188d
2017-11-21 23:06:08 INFO     [Replica:97004#Node1] Result shuttle received for msg - 65b27cfa-0b72-42d4-babf-23afa01f188d, caching the result.
2017-11-21 23:06:08 INFO     [Replica:30c04#Node0] Verifying result_proof_reverse_direction
2017-11-21 23:06:08 INFO     [Replica:30c04#Node0] Verification of result_proof_reverse_direction succesful for msg 65b27cfa-0b72-42d4-babf-23afa01f188d
2017-11-21 23:06:08 INFO     [Replica:30c04#Node0] Result shuttle received for msg - 65b27cfa-0b72-42d4-babf-23afa01f188d, caching the result.
2017-11-21 23:06:09 INFO     [Client:30c03#Node0] sending operation request to<Replica:30c04#Node0> with msgID : dada2809-a9d9-45a5-8f0b-c111f14a6ff0 operation : {get(None,movie)}
2017-11-21 23:06:09 INFO     [Replica:30c04#Node0] Received operation {get(movie)} with msg id dada2809-a9d9-45a5-8f0b-c111f14a6ff0
2017-11-21 23:06:09 INFO     [Replica:30c04#Node0] slot number : 10
2017-11-21 23:06:09 INFO     [Client:97003#Node1] sending operation request to<Replica:30c04#Node0> with msgID : ed0e082c-d2ef-432e-bb27-41ed532df822 operation : {put(movie2,pulp)}
2017-11-21 23:06:09 INFO     [Replica:30c04#Node0] Hashing the result and signing the statments for msg dada2809-a9d9-45a5-8f0b-c111f14a6ff0
2017-11-21 23:06:09 INFO     [Replica:30c04#Node0] Forwarding the shuttle with signed stmnts for msg dada2809-a9d9-45a5-8f0b-c111f14a6ff0 to <Replica:97004#Node1>
2017-11-21 23:06:09 INFO     [Replica:30c04#Node0] Checkpoint criteria satisfied.
2017-11-21 23:06:09 INFO     [Replica:30c04#Node0] Starting checkpoint shuttle.
2017-11-21 23:06:09 INFO     [Replica:30c04#Node0] Adding the hash of the datastore to the checkpoint proof
2017-11-21 23:06:09 INFO     [Replica:97004#Node1] Received shuttle from <Replica:30c04#Node0> for msg dada2809-a9d9-45a5-8f0b-c111f14a6ff0
2017-11-21 23:06:09 INFO     [Replica:30c04#Node0] Received operation {put(movie2,pulp)} with msg id ed0e082c-d2ef-432e-bb27-41ed532df822
2017-11-21 23:06:09 INFO     [Replica:97004#Node1] Hashing the result and signing the statments for msg dada2809-a9d9-45a5-8f0b-c111f14a6ff0
2017-11-21 23:06:09 INFO     [Replica:30c04#Node0] slot number : 11
2017-11-21 23:06:09 INFO     [Replica:97004#Node1] Verifying order_proof
2017-11-21 23:06:09 INFO     [Replica:30c04#Node0] Hashing the result and signing the statments for msg ed0e082c-d2ef-432e-bb27-41ed532df822
2017-11-21 23:06:09 INFO     [Replica:30c04#Node0] Forwarding the shuttle with signed stmnts for msg ed0e082c-d2ef-432e-bb27-41ed532df822 to <Replica:97004#Node1>
2017-11-21 23:06:09 INFO     [Replica:97004#Node1] Verification of order_proof succesful for msg dada2809-a9d9-45a5-8f0b-c111f14a6ff0
2017-11-21 23:06:09 INFO     [Replica:97004#Node1] Verifying result_proof
2017-11-21 23:06:09 INFO     [Replica:97004#Node1] Verification of result_proof succesful for msg dada2809-a9d9-45a5-8f0b-c111f14a6ff0
2017-11-21 23:06:09 INFO     [Replica:97004#Node1] Forwarding the shuttle with signed stmts to <Replica:8c404#Node2> for msg dada2809-a9d9-45a5-8f0b-c111f14a6ff0
2017-11-21 23:06:09 INFO     [Replica:97004#Node1] Received checkpoint shuttle from <Replica:30c04#Node0>
2017-11-21 23:06:09 INFO     [Replica:8c404#Node2] Received shuttle from <Replica:97004#Node1> for msg dada2809-a9d9-45a5-8f0b-c111f14a6ff0
2017-11-21 23:06:09 INFO     [Replica:97004#Node1] Adding the hash of the datastore to the checkpoint proof
2017-11-21 23:06:09 INFO     [Replica:8c404#Node2] Hashing the result and signing the statments for msg dada2809-a9d9-45a5-8f0b-c111f14a6ff0
2017-11-21 23:06:09 INFO     [Replica:8c404#Node2] Verifying order_proof
2017-11-21 23:06:09 INFO     [Replica:8c404#Node2] Verification of order_proof succesful for msg dada2809-a9d9-45a5-8f0b-c111f14a6ff0
2017-11-21 23:06:09 INFO     [Replica:97004#Node1] Received shuttle from <Replica:30c04#Node0> for msg ed0e082c-d2ef-432e-bb27-41ed532df822
2017-11-21 23:06:09 INFO     [Replica:97004#Node1] Hashing the result and signing the statments for msg ed0e082c-d2ef-432e-bb27-41ed532df822
2017-11-21 23:06:09 INFO     [Replica:8c404#Node2] Verifying result_proof
2017-11-21 23:06:09 INFO     [Replica:97004#Node1] Verifying order_proof
2017-11-21 23:06:09 INFO     [Replica:97004#Node1] Verification of order_proof succesful for msg ed0e082c-d2ef-432e-bb27-41ed532df822
2017-11-21 23:06:09 INFO     [Replica:8c404#Node2] Verification of result_proof succesful for msg dada2809-a9d9-45a5-8f0b-c111f14a6ff0
2017-11-21 23:06:09 INFO     [Replica:8c404#Node2] Datastore before sending to client : {'jedi': ['luke skywalker'], 'movie2': ['pulp'], 'movie': ['star', 'wars']}
2017-11-21 23:06:09 INFO     [Replica:8c404#Node2] Sending result to client <Client:30c03#Node0> for msg dada2809-a9d9-45a5-8f0b-c111f14a6ff0
2017-11-21 23:06:09 INFO     [Replica:97004#Node1] Verifying result_proof
2017-11-21 23:06:09 INFO     [Replica:97004#Node1] Verification of result_proof succesful for msg ed0e082c-d2ef-432e-bb27-41ed532df822
2017-11-21 23:06:09 INFO     [Replica:97004#Node1] Forwarding the shuttle with signed stmts to <Replica:8c404#Node2> for msg ed0e082c-d2ef-432e-bb27-41ed532df822
2017-11-21 23:06:09 INFO     [Client:30c03#Node0] Received result for msg dada2809-a9d9-45a5-8f0b-c111f14a6ff0
2017-11-21 23:06:09 INFO     [Client:30c03#Node0] Verifying result for msg dada2809-a9d9-45a5-8f0b-c111f14a6ff0
2017-11-21 23:06:09 INFO     [Replica:8c404#Node2] Received checkpoint shuttle from <Replica:97004#Node1>
2017-11-21 23:06:09 INFO     [Client:30c03#Node0] LENGTH : 3 dada2809-a9d9-45a5-8f0b-c111f14a6ff0
2017-11-21 23:06:09 INFO     [Replica:8c404#Node2] Adding the hash of the datastore to the checkpoint proof
2017-11-21 23:06:09 INFO     [Replica:8c404#Node2] Verifying checkpoint.
2017-11-21 23:06:09 INFO     [Replica:8c404#Node2] Checkpoint verification success.
2017-11-21 23:06:09 INFO     [Replica:8c404#Node2] Truncating the history till slot : 9
2017-11-21 23:06:09 INFO     [Replica:8c404#Node2] Saving the checkpoint information.
2017-11-21 23:06:09 INFO     [Client:30c03#Node0] RESULT : b'02405d2316d70264cf5cb65bec05543520d8ad989e23afdc89e90bbe3cd8becb'
2017-11-21 23:06:09 INFO     [Client:30c03#Node0] RESULT : b'02405d2316d70264cf5cb65bec05543520d8ad989e23afdc89e90bbe3cd8becb'
2017-11-21 23:06:09 INFO     [Client:30c03#Node0] Valid t+1 found.
2017-11-21 23:06:09 INFO     [Client:30c03#Node0] Verification of result for msg dada2809-a9d9-45a5-8f0b-c111f14a6ff0 succesful.
2017-11-21 23:06:09 INFO     [Client:30c03#Node0] TOTAL : 2
2017-11-21 23:06:09 INFO     [Client:30c03#Node0] Result verified for msg dada2809-a9d9-45a5-8f0b-c111f14a6ff0 and the result is : ['star', 'wars']
2017-11-21 23:06:09 INFO     [Client:30c03#Node0] sending data store query request to head
2017-11-21 23:06:09 INFO     [Replica:8c404#Node2] Received shuttle from <Replica:97004#Node1> for msg ed0e082c-d2ef-432e-bb27-41ed532df822
2017-11-21 23:06:09 INFO     [Replica:8c404#Node2] Hashing the result and signing the statments for msg ed0e082c-d2ef-432e-bb27-41ed532df822
2017-11-21 23:06:09 INFO     [Replica:97004#Node1] Verifying result_proof_reverse_direction
2017-11-21 23:06:09 INFO     [Replica:8c404#Node2] Verifying order_proof
2017-11-21 23:06:09 INFO     [Replica:97004#Node1] Verification of result_proof_reverse_direction succesful for msg dada2809-a9d9-45a5-8f0b-c111f14a6ff0
2017-11-21 23:06:09 INFO     [Replica:8c404#Node2] Verification of order_proof succesful for msg ed0e082c-d2ef-432e-bb27-41ed532df822
2017-11-21 23:06:09 INFO     [Replica:97004#Node1] Result shuttle received for msg - dada2809-a9d9-45a5-8f0b-c111f14a6ff0, caching the result.
2017-11-21 23:06:09 INFO     [Replica:8c404#Node2] Verifying result_proof
2017-11-21 23:06:09 INFO     [Replica:97004#Node1] Received checkpoint shuttle from <Replica:8c404#Node2>
2017-11-21 23:06:09 INFO     [Replica:97004#Node1] Verifying checkpoint.
2017-11-21 23:06:09 INFO     [Replica:97004#Node1] Checkpoint verification success.
2017-11-21 23:06:09 INFO     [Replica:97004#Node1] Truncating the history till slot : 9
2017-11-21 23:06:09 INFO     [Replica:97004#Node1] Saving the checkpoint information.
2017-11-21 23:06:09 INFO     [Replica:8c404#Node2] Verification of result_proof succesful for msg ed0e082c-d2ef-432e-bb27-41ed532df822
2017-11-21 23:06:09 INFO     [Replica:8c404#Node2] Datastore before sending to client : {'jedi': ['luke skywalker'], 'movie2': ['pulp'], 'movie': ['star', 'wars']}
2017-11-21 23:06:09 INFO     [Replica:8c404#Node2] Sending result to client <Client:97003#Node1> for msg ed0e082c-d2ef-432e-bb27-41ed532df822
2017-11-21 23:06:09 INFO     [Replica:30c04#Node0] Received data_store query from client <Client:30c03#Node0>
2017-11-21 23:06:09 INFO     [Replica:30c04#Node0] Sent data_store to requesting client <Client:30c03#Node0>
2017-11-21 23:06:09 INFO     [Client:30c03#Node0] head_data_store receieved from head
2017-11-21 23:06:09 INFO     [Client:30c03#Node0] verifying data store query request result from head to local data store
2017-11-21 23:06:09 INFO     [Client:30c03#Node0] Verification  of datastore succeeded.
2017-11-21 23:06:09 INFO     [Replica:30c04#Node0] Verifying result_proof_reverse_direction
2017-11-21 23:06:09 INFO     [Replica:30c04#Node0] Verification of result_proof_reverse_direction succesful for msg dada2809-a9d9-45a5-8f0b-c111f14a6ff0
2017-11-21 23:06:09 INFO     [Replica:30c04#Node0] Result shuttle received for msg - dada2809-a9d9-45a5-8f0b-c111f14a6ff0, caching the result.
2017-11-21 23:06:09 INFO     [Replica:30c04#Node0] Received checkpoint shuttle from <Replica:97004#Node1>
2017-11-21 23:06:09 INFO     [Replica:30c04#Node0] Verifying checkpoint.
2017-11-21 23:06:09 INFO     [Replica:30c04#Node0] Checkpoint verification success.
2017-11-21 23:06:09 INFO     [Replica:30c04#Node0] Truncating the history till slot : 9
2017-11-21 23:06:09 INFO     [Replica:30c04#Node0] Saving the checkpoint information.
2017-11-21 23:06:09 INFO     [Client:97003#Node1] Received result for msg ed0e082c-d2ef-432e-bb27-41ed532df822
2017-11-21 23:06:09 INFO     [Client:97003#Node1] Verifying result for msg ed0e082c-d2ef-432e-bb27-41ed532df822
2017-11-21 23:06:09 INFO     [Client:97003#Node1] LENGTH : 3 ed0e082c-d2ef-432e-bb27-41ed532df822
2017-11-21 23:06:09 INFO     [Client:97003#Node1] RESULT : b'993c86df9aeaf07579b44943216571b94456b0228e65b6e09384701a7c4ab03f'
2017-11-21 23:06:09 INFO     [Client:97003#Node1] RESULT : b'993c86df9aeaf07579b44943216571b94456b0228e65b6e09384701a7c4ab03f'
2017-11-21 23:06:09 INFO     [Client:97003#Node1] Valid t+1 found.
2017-11-21 23:06:09 INFO     [Client:97003#Node1] Verification of result for msg ed0e082c-d2ef-432e-bb27-41ed532df822 succesful.
2017-11-21 23:06:09 INFO     [Client:97003#Node1] TOTAL : 2
2017-11-21 23:06:09 INFO     [Replica:97004#Node1] Verifying result_proof_reverse_direction
2017-11-21 23:06:09 INFO     [Client:97003#Node1] Result verified for msg ed0e082c-d2ef-432e-bb27-41ed532df822 and the result is : OK
2017-11-21 23:06:09 INFO     [Replica:97004#Node1] Verification of result_proof_reverse_direction succesful for msg ed0e082c-d2ef-432e-bb27-41ed532df822
2017-11-21 23:06:09 INFO     [Replica:97004#Node1] Result shuttle received for msg - ed0e082c-d2ef-432e-bb27-41ed532df822, caching the result.
2017-11-21 23:06:09 INFO     [Replica:30c04#Node0] Verifying result_proof_reverse_direction
2017-11-21 23:06:09 INFO     [Replica:30c04#Node0] Verification of result_proof_reverse_direction succesful for msg ed0e082c-d2ef-432e-bb27-41ed532df822
2017-11-21 23:06:09 INFO     [Replica:30c04#Node0] Result shuttle received for msg - ed0e082c-d2ef-432e-bb27-41ed532df822, caching the result.
2017-11-21 23:06:10 INFO     [Client:97003#Node1] sending operation request to<Replica:30c04#Node0> with msgID : 798286cf-1d79-4c6a-8421-522f379d23ae operation : {append(movie4,bill)}
2017-11-21 23:06:10 INFO     [Replica:30c04#Node0] Received operation {append(movie4,bill)} with msg id 798286cf-1d79-4c6a-8421-522f379d23ae
2017-11-21 23:06:10 INFO     [Replica:30c04#Node0] slot number : 12
2017-11-21 23:06:10 INFO     [Replica:30c04#Node0] Hashing the result and signing the statments for msg 798286cf-1d79-4c6a-8421-522f379d23ae
2017-11-21 23:06:10 INFO     [Replica:30c04#Node0] Forwarding the shuttle with signed stmnts for msg 798286cf-1d79-4c6a-8421-522f379d23ae to <Replica:97004#Node1>
2017-11-21 23:06:10 INFO     [Replica:97004#Node1] Received shuttle from <Replica:30c04#Node0> for msg 798286cf-1d79-4c6a-8421-522f379d23ae
2017-11-21 23:06:10 INFO     [Replica:97004#Node1] Hashing the result and signing the statments for msg 798286cf-1d79-4c6a-8421-522f379d23ae
2017-11-21 23:06:10 INFO     [Replica:97004#Node1] Verifying order_proof
2017-11-21 23:06:10 INFO     [Replica:97004#Node1] Verification of order_proof succesful for msg 798286cf-1d79-4c6a-8421-522f379d23ae
2017-11-21 23:06:10 INFO     [Replica:97004#Node1] Verifying result_proof
2017-11-21 23:06:10 INFO     [Replica:97004#Node1] Verification of result_proof succesful for msg 798286cf-1d79-4c6a-8421-522f379d23ae
2017-11-21 23:06:10 INFO     [Replica:97004#Node1] Forwarding the shuttle with signed stmts to <Replica:8c404#Node2> for msg 798286cf-1d79-4c6a-8421-522f379d23ae
2017-11-21 23:06:10 INFO     [Replica:8c404#Node2] Received shuttle from <Replica:97004#Node1> for msg 798286cf-1d79-4c6a-8421-522f379d23ae
2017-11-21 23:06:10 INFO     [Replica:8c404#Node2] Hashing the result and signing the statments for msg 798286cf-1d79-4c6a-8421-522f379d23ae
2017-11-21 23:06:10 INFO     [Replica:8c404#Node2] Verifying order_proof
2017-11-21 23:06:10 INFO     [Replica:8c404#Node2] Verification of order_proof succesful for msg 798286cf-1d79-4c6a-8421-522f379d23ae
2017-11-21 23:06:10 INFO     [Replica:8c404#Node2] Verifying result_proof
2017-11-21 23:06:10 INFO     [Replica:8c404#Node2] Verification of result_proof succesful for msg 798286cf-1d79-4c6a-8421-522f379d23ae
2017-11-21 23:06:10 INFO     [Replica:8c404#Node2] Datastore before sending to client : {'jedi': ['luke skywalker'], 'movie2': ['pulp'], 'movie': ['star', 'wars']}
2017-11-21 23:06:10 INFO     [Replica:8c404#Node2] Sending result to client <Client:97003#Node1> for msg 798286cf-1d79-4c6a-8421-522f379d23ae
2017-11-21 23:06:10 INFO     [Client:97003#Node1] Received result for msg 798286cf-1d79-4c6a-8421-522f379d23ae
2017-11-21 23:06:10 INFO     [Client:97003#Node1] Verifying result for msg 798286cf-1d79-4c6a-8421-522f379d23ae
2017-11-21 23:06:10 INFO     [Client:97003#Node1] LENGTH : 3 798286cf-1d79-4c6a-8421-522f379d23ae
2017-11-21 23:06:10 INFO     [Client:97003#Node1] RESULT : b'0b4ee27b0dcd5c35983a678b1d817f059136c8569c52b96b0ebce54cb49c6a74'
2017-11-21 23:06:10 INFO     [Replica:97004#Node1] Verifying result_proof_reverse_direction
2017-11-21 23:06:10 INFO     [Client:97003#Node1] RESULT : b'0b4ee27b0dcd5c35983a678b1d817f059136c8569c52b96b0ebce54cb49c6a74'
2017-11-21 23:06:10 INFO     [Client:97003#Node1] Valid t+1 found.
2017-11-21 23:06:10 INFO     [Client:97003#Node1] Verification of result for msg 798286cf-1d79-4c6a-8421-522f379d23ae succesful.
2017-11-21 23:06:10 INFO     [Client:97003#Node1] TOTAL : 2
2017-11-21 23:06:10 INFO     [Client:97003#Node1] Result verified for msg 798286cf-1d79-4c6a-8421-522f379d23ae and the result is : FAIL
2017-11-21 23:06:10 INFO     [Client:97003#Node1] sending data store query request to head
2017-11-21 23:06:10 INFO     [Replica:97004#Node1] Verification of result_proof_reverse_direction succesful for msg 798286cf-1d79-4c6a-8421-522f379d23ae
2017-11-21 23:06:10 INFO     [Replica:97004#Node1] Result shuttle received for msg - 798286cf-1d79-4c6a-8421-522f379d23ae, caching the result.
2017-11-21 23:06:10 INFO     [Replica:30c04#Node0] Received data_store query from client <Client:97003#Node1>
2017-11-21 23:06:10 INFO     [Replica:30c04#Node0] Sent data_store to requesting client <Client:97003#Node1>
2017-11-21 23:06:10 INFO     [Client:97003#Node1] head_data_store receieved from head
2017-11-21 23:06:10 INFO     [Client:97003#Node1] verifying data store query request result from head to local data store
2017-11-21 23:06:10 INFO     [Client:97003#Node1] Verification  of datastore succeeded.
2017-11-21 23:06:10 INFO     [Replica:30c04#Node0] Verifying result_proof_reverse_direction
2017-11-21 23:06:10 INFO     [Replica:30c04#Node0] Verification of result_proof_reverse_direction succesful for msg 798286cf-1d79-4c6a-8421-522f379d23ae
2017-11-21 23:06:10 INFO     [Replica:30c04#Node0] Result shuttle received for msg - 798286cf-1d79-4c6a-8421-522f379d23ae, caching the result.
